[2023-11-01 08:39:56] | UserAccount_ID: 1 | UserID: NULL | Action: /admin | 
[2023-11-01 08:39:56] | UserAccount_ID: 1 | UserID: NULL | Action: /admin-login | 
[2023-11-01 08:41:12] | UserAccount_ID: 1 | UserID: NULL | Action: /admin-login | email: test@gmail.com | password: ******** | 
[2023-11-01 08:41:12] | UserAccount_ID: 1 | UserID: NULL | Action: /admin-dashboard | 
[2023-11-01 08:41:24] | UserAccount_ID: 1 | UserID: NULL | Action: / | 
[2023-11-01 08:41:26] | UserAccount_ID: 1 | UserID: NULL | Action: /add-to-cart/4 | 
[2023-11-01 08:41:27] | UserAccount_ID: 1 | UserID: NULL | Action: /add-to-cart/5 | 
[2023-11-01 08:41:28] | UserAccount_ID: 1 | UserID: NULL | Action: /cart | 
[2023-11-01 08:41:30] | UserAccount_ID: 1 | UserID: NULL | Action: /login | 
[2023-11-01 08:41:36] | UserAccount_ID: 1 | UserID: NULL | Action: /login | email: test@gmail.com | password: ******** | 
[2023-11-01 08:41:36] | UserAccount_ID: 1 | UserID: 14 | Action: / | 
[2023-11-01 08:41:40] | UserAccount_ID: 1 | UserID: 14 | Action: /cart | 
[2023-11-01 08:41:41] | UserAccount_ID: 1 | UserID: 14 | Action: /checkout-order/false | 
[2023-11-01 08:41:41] | UserAccount_ID: 1 | UserID: 14 | Action: /payment/76/1080 | 
[2023-11-01 08:41:42] | UserAccount_ID: 1 | UserID: 14 | Action: /order-paid/76 | 
[2023-11-01 08:41:45] | UserAccount_ID: 1 | UserID: 14 | Action: /order | 
[2023-11-01 08:44:31] | UserAccount_ID: 1 | UserID: 14 | Action: /about | 
[2023-11-01 08:44:32] | UserAccount_ID: 1 | UserID: 14 | Action: /about | 
[2023-11-01 08:44:32] | UserAccount_ID: 1 | UserID: 14 | Action: /products | 
[2023-11-01 08:44:33] | UserAccount_ID: 1 | UserID: 14 | Action: /products | 
[2023-11-01 08:44:34] | UserAccount_ID: 1 | UserID: 14 | Action: /cart | 
[2023-11-01 08:44:35] | UserAccount_ID: 1 | UserID: 14 | Action: /ordered | 
[2023-11-01 08:44:39] | UserAccount_ID: 1 | UserID: 14 | Action: /orderinfo/73 | 
[2023-11-01 08:44:41] | UserAccount_ID: 1 | UserID: 14 | Action: /products | 
[2023-11-01 08:44:45] | UserAccount_ID: 1 | UserID: 14 | Action: /add-to-cart/45 | 
[2023-11-01 08:45:15] | UserAccount_ID: 1 | UserID: 14 | Action: /add-to-cart/4 | 
[2023-11-01 08:45:15] | UserAccount_ID: 1 | UserID: 14 | Action: /add-to-cart/4 | 
[2023-11-01 08:45:15] | UserAccount_ID: 1 | UserID: 14 | Action: /add-to-cart/4 | 
[2023-11-01 08:45:15] | UserAccount_ID: 1 | UserID: 14 | Action: /add-to-cart/4 | 
[2023-11-01 08:45:16] | UserAccount_ID: 1 | UserID: 14 | Action: /add-to-cart/4 | 
[2023-11-01 08:45:16] | UserAccount_ID: 1 | UserID: 14 | Action: /add-to-cart/4 | 
[2023-11-01 08:45:16] | UserAccount_ID: 1 | UserID: 14 | Action: /add-to-cart/4 | 
[2023-11-01 08:45:16] | UserAccount_ID: 1 | UserID: 14 | Action: /add-to-cart/4 | 
[2023-11-01 08:45:17] | UserAccount_ID: 1 | UserID: 14 | Action: /add-to-cart/4 | 
[2023-11-01 08:45:17] | UserAccount_ID: 1 | UserID: 14 | Action: /add-to-cart/4 | 
[2023-11-01 08:45:18] | UserAccount_ID: 1 | UserID: 14 | Action: /add-to-cart/4 | 
[2023-11-01 08:45:19] | UserAccount_ID: 1 | UserID: 14 | Action: /add-to-cart/4 | 
[2023-11-01 08:45:19] | UserAccount_ID: 1 | UserID: 14 | Action: /add-to-cart/4 | 
[2023-11-01 08:45:20] | UserAccount_ID: 1 | UserID: 14 | Action: /add-to-cart/4 | 
[2023-11-01 08:45:20] | UserAccount_ID: 1 | UserID: 14 | Action: /add-to-cart/4 | 
[2023-11-01 08:45:20] | UserAccount_ID: 1 | UserID: 14 | Action: /add-to-cart/4 | 
[2023-11-01 08:45:22] | UserAccount_ID: 1 | UserID: 14 | Action: /cart | 
[2023-11-01 08:45:26] | UserAccount_ID: 1 | UserID: 14 | Action: /products | 
[2023-11-01 08:45:28] | UserAccount_ID: 1 | UserID: 14 | Action: /products | 
[2023-11-01 08:45:34] | UserAccount_ID: 1 | UserID: 14 | Action: /add-to-cart/1 | 
[2023-11-01 08:45:36] | UserAccount_ID: 1 | UserID: 14 | Action: /cart | 
[2023-11-01 08:45:38] | UserAccount_ID: 1 | UserID: 14 | Action: /update-cart/4/10 | 
[2023-11-01 08:45:38] | UserAccount_ID: 1 | UserID: 14 | Action: /cart | 
[2023-11-01 08:45:39] | UserAccount_ID: 1 | UserID: 14 | Action: /update-cart/4/10 | 
[2023-11-01 08:45:39] | UserAccount_ID: 1 | UserID: 14 | Action: /cart | 
[2023-11-01 08:45:39] | UserAccount_ID: 1 | UserID: 14 | Action: /update-cart/4/10 | 
[2023-11-01 08:45:39] | UserAccount_ID: 1 | UserID: 14 | Action: /cart | 
[2023-11-01 08:45:40] | UserAccount_ID: 1 | UserID: 14 | Action: /update-cart/4/9 | 
[2023-11-01 08:45:40] | UserAccount_ID: 1 | UserID: 14 | Action: /cart | 
[2023-11-01 08:45:41] | UserAccount_ID: 1 | UserID: 14 | Action: /update-cart/4/8 | 
[2023-11-01 08:45:41] | UserAccount_ID: 1 | UserID: 14 | Action: /cart | 
[2023-11-01 08:45:42] | UserAccount_ID: 1 | UserID: 14 | Action: /update-cart/4/7 | 
[2023-11-01 08:45:42] | UserAccount_ID: 1 | UserID: 14 | Action: /cart | 
[2023-11-01 08:45:44] | UserAccount_ID: 1 | UserID: 14 | Action: /update-cart/4/6 | 
[2023-11-01 08:45:44] | UserAccount_ID: 1 | UserID: 14 | Action: /cart | 
[2023-11-01 08:45:46] | UserAccount_ID: 1 | UserID: 14 | Action: /update-cart/4/5 | 
[2023-11-01 08:45:46] | UserAccount_ID: 1 | UserID: 14 | Action: /cart | 
[2023-11-01 08:45:57] | UserAccount_ID: 1 | UserID: 14 | Action: /update-cart/4/4 | 
[2023-11-01 08:45:57] | UserAccount_ID: 1 | UserID: 14 | Action: /cart | 
[2023-11-01 08:45:57] | UserAccount_ID: 1 | UserID: 14 | Action: /update-cart/4/3 | 
[2023-11-01 08:45:57] | UserAccount_ID: 1 | UserID: 14 | Action: /cart | 
[2023-11-01 08:45:58] | UserAccount_ID: 1 | UserID: 14 | Action: /update-cart/4/2 | 
[2023-11-01 08:45:58] | UserAccount_ID: 1 | UserID: 14 | Action: /cart | 
[2023-11-01 08:45:59] | UserAccount_ID: 1 | UserID: 14 | Action: /update-cart/4/1 | 
[2023-11-01 08:45:59] | UserAccount_ID: 1 | UserID: 14 | Action: /cart | 
[2023-11-01 08:46:04] | UserAccount_ID: 1 | UserID: 14 | Action: /products | 
[2023-11-01 08:46:15] | UserAccount_ID: 1 | UserID: 14 | Action: /cart | 
[2023-11-01 08:46:18] | UserAccount_ID: 1 | UserID: 14 | Action: /products | 
[2023-11-01 08:46:47] | UserAccount_ID: 1 | UserID: 14 | Action: /add-to-cart/33 | 
[2023-11-01 08:46:49] | UserAccount_ID: 1 | UserID: 14 | Action: /cart | 
[2023-11-01 08:46:52] | UserAccount_ID: 1 | UserID: 14 | Action: /update-cart/33/0 | 
[2023-11-01 08:46:52] | UserAccount_ID: 1 | UserID: 14 | Action: /cart | 
[2023-11-01 08:46:54] | UserAccount_ID: 1 | UserID: 14 | Action: /products | 
[2023-11-01 08:46:56] | UserAccount_ID: 1 | UserID: 14 | Action: /add-to-cart/15 | 
[2023-11-01 08:46:56] | UserAccount_ID: 1 | UserID: 14 | Action: /add-to-cart/16 | 
[2023-11-01 08:46:57] | UserAccount_ID: 1 | UserID: 14 | Action: /add-to-cart/23 | 
[2023-11-01 08:46:59] | UserAccount_ID: 1 | UserID: 14 | Action: /cart | 
[2023-11-01 08:47:04] | UserAccount_ID: 1 | UserID: 14 | Action: /update-cart/16/0 | 
[2023-11-01 08:47:04] | UserAccount_ID: 1 | UserID: 14 | Action: /cart | 
[2023-11-01 08:47:07] | UserAccount_ID: 1 | UserID: 14 | Action: /update-cart/23/0 | 
[2023-11-01 08:47:07] | UserAccount_ID: 1 | UserID: 14 | Action: /cart | 
[2023-11-01 08:47:10] | UserAccount_ID: 1 | UserID: 14 | Action: /update-cart/45/0 | 
[2023-11-01 08:47:10] | UserAccount_ID: 1 | UserID: 14 | Action: /cart | 
[2023-11-01 08:47:13] | UserAccount_ID: 1 | UserID: 14 | Action: /products | 
[2023-11-01 08:47:27] | UserAccount_ID: 1 | UserID: 14 | Action: /add-to-cart/25 | 
[2023-11-01 08:47:30] | UserAccount_ID: 1 | UserID: 14 | Action: /cart | 
[2023-11-01 08:47:31] | UserAccount_ID: 1 | UserID: 14 | Action: /cart | 
[2023-11-01 08:47:34] | UserAccount_ID: 1 | UserID: 14 | Action: /update-cart/4/2 | 
[2023-11-01 08:47:34] | UserAccount_ID: 1 | UserID: 14 | Action: /cart | 
[2023-11-01 08:47:35] | UserAccount_ID: 1 | UserID: 14 | Action: /update-cart/4/3 | 
[2023-11-01 08:47:35] | UserAccount_ID: 1 | UserID: 14 | Action: /cart | 
[2023-11-01 08:47:35] | UserAccount_ID: 1 | UserID: 14 | Action: /update-cart/4/4 | 
[2023-11-01 08:47:36] | UserAccount_ID: 1 | UserID: 14 | Action: /cart | 
[2023-11-01 08:47:37] | UserAccount_ID: 1 | UserID: 14 | Action: /update-cart/4/5 | 
[2023-11-01 08:47:37] | UserAccount_ID: 1 | UserID: 14 | Action: /cart | 
[2023-11-01 08:47:51] | UserAccount_ID: 1 | UserID: 14 | Action: /products | 
[2023-11-01 08:48:03] | UserAccount_ID: 1 | UserID: 14 | Action: /add-to-cart/29 | 
[2023-11-01 08:48:04] | UserAccount_ID: 1 | UserID: 14 | Action: /add-to-cart/30 | 
[2023-11-01 08:48:04] | UserAccount_ID: 1 | UserID: 14 | Action: /add-to-cart/31 | 
[2023-11-01 08:48:05] | UserAccount_ID: 1 | UserID: 14 | Action: /add-to-cart/32 | 
[2023-11-01 08:48:07] | UserAccount_ID: 1 | UserID: 14 | Action: /add-to-cart/44 | 
[2023-11-01 08:48:07] | UserAccount_ID: 1 | UserID: 14 | Action: /add-to-cart/44 | 
[2023-11-01 08:48:07] | UserAccount_ID: 1 | UserID: 14 | Action: /add-to-cart/43 | 
[2023-11-01 08:48:10] | UserAccount_ID: 1 | UserID: 14 | Action: /add-to-cart/42 | 
[2023-11-01 08:48:11] | UserAccount_ID: 1 | UserID: 14 | Action: /add-to-cart/9 | 
[2023-11-01 08:48:11] | UserAccount_ID: 1 | UserID: 14 | Action: /add-to-cart/41 | 
[2023-11-01 08:48:12] | UserAccount_ID: 1 | UserID: 14 | Action: /add-to-cart/8 | 
[2023-11-01 08:48:13] | UserAccount_ID: 1 | UserID: 14 | Action: /add-to-cart/35 | 
[2023-11-01 08:48:15] | UserAccount_ID: 1 | UserID: 14 | Action: /cart | 
[2023-11-01 08:48:21] | UserAccount_ID: 1 | UserID: 14 | Action: /checkout-order/false | 
[2023-11-01 08:48:21] | UserAccount_ID: 1 | UserID: 14 | Action: /payment/77/9580 | 
[2023-11-01 08:48:22] | UserAccount_ID: 1 | UserID: 14 | Action: /order-paid/77 | 
[2023-11-01 08:48:25] | UserAccount_ID: 1 | UserID: 14 | Action: /order | 
[2023-11-01 08:48:27] | UserAccount_ID: 1 | UserID: 14 | Action: /products | 
[2023-11-01 08:48:29] | UserAccount_ID: 1 | UserID: 14 | Action: /cart | 
[2023-11-01 08:48:30] | UserAccount_ID: 1 | UserID: 14 | Action: /products | 
[2023-11-01 08:49:26] | UserAccount_ID: 1 | UserID: 14 | Action: /admin | 
[2023-11-01 09:35:35] | UserAccount_ID: 1 | UserID: 14 | Action: / | 
[2023-11-01 09:39:37] | UserAccount_ID: 1 | UserID: 14 | Action: /ordered | 
[2023-11-01 09:39:48] | UserAccount_ID: 1 | UserID: 14 | Action: /products | 
[2023-11-01 09:39:50] | UserAccount_ID: 1 | UserID: 14 | Action: /add-to-cart/16 | 
[2023-11-01 09:39:51] | UserAccount_ID: 1 | UserID: 14 | Action: /ordered | 
[2023-11-01 09:39:55] | UserAccount_ID: 1 | UserID: 14 | Action: /cart | 
[2023-11-01 09:39:56] | UserAccount_ID: 1 | UserID: 14 | Action: /checkout-order/false | 
[2023-11-01 09:39:56] | UserAccount_ID: 1 | UserID: 14 | Action: /payment/78/40 | 
[2023-11-01 09:39:57] | UserAccount_ID: 1 | UserID: 14 | Action: /order-paid/78 | 
[2023-11-01 09:40:00] | UserAccount_ID: 1 | UserID: 14 | Action: /admin | 
[2023-11-01 09:40:01] | UserAccount_ID: 1 | UserID: 14 | Action: /order | 
[2023-11-01 09:40:05] | UserAccount_ID: 1 | UserID: 14 | Action: /admin | 
[2023-11-01 09:40:10] | UserAccount_ID: 1 | UserID: 14 | Action: /about | 
[2023-11-01 09:40:11] | UserAccount_ID: 1 | UserID: 14 | Action: /products | 
[2023-11-01 09:40:15] | UserAccount_ID: 1 | UserID: 14 | Action: /add-to-cart/4 | 
[2023-11-01 09:40:16] | UserAccount_ID: 1 | UserID: 14 | Action: /add-to-cart/4 | 
[2023-11-01 09:40:17] | UserAccount_ID: 1 | UserID: 14 | Action: /ordered | 
[2023-11-01 09:40:19] | UserAccount_ID: 1 | UserID: 14 | Action: /cart | 
[2023-11-01 09:40:21] | UserAccount_ID: 1 | UserID: 14 | Action: /checkout-order/false | 
[2023-11-01 09:40:21] | UserAccount_ID: 1 | UserID: 14 | Action: /payment/79/2000 | 
[2023-11-01 09:40:22] | UserAccount_ID: 1 | UserID: 14 | Action: /order-paid/79 | 
[2023-11-01 09:40:24] | UserAccount_ID: 1 | UserID: 14 | Action: /admin | 
[2023-11-01 09:40:25] | UserAccount_ID: 1 | UserID: 14 | Action: /order | 
[2023-11-01 09:40:32] | UserAccount_ID: 1 | UserID: 14 | Action: /admin | 
[2023-11-01 09:46:12] | UserAccount_ID: 1 | UserID: 14 | Action: /admin | 
[2023-11-01 09:46:16] | UserAccount_ID: 1 | UserID: 14 | Action: /logout | 
[2023-11-01 09:46:16] | UserAccount_ID: 1 | UserID: NULL | Action: /login | 
[2023-11-01 09:46:20] | UserAccount_ID: 1 | UserID: NULL | Action: /about | 
[2023-11-01 09:46:20] | UserAccount_ID: 1 | UserID: NULL | Action: /products | 
[2023-11-01 09:46:23] | UserAccount_ID: 1 | UserID: NULL | Action: /add-to-cart/4 | 
[2023-11-01 09:46:24] | UserAccount_ID: 1 | UserID: NULL | Action: /add-to-cart/4 | 
[2023-11-01 09:46:24] | UserAccount_ID: 1 | UserID: NULL | Action: /add-to-cart/4 | 
[2023-11-01 09:46:24] | UserAccount_ID: 1 | UserID: NULL | Action: /add-to-cart/4 | 
[2023-11-01 09:46:24] | UserAccount_ID: 1 | UserID: NULL | Action: /add-to-cart/4 | 
[2023-11-01 09:46:24] | UserAccount_ID: 1 | UserID: NULL | Action: /add-to-cart/4 | 
[2023-11-01 09:46:24] | UserAccount_ID: 1 | UserID: NULL | Action: /add-to-cart/4 | 
[2023-11-01 09:46:25] | UserAccount_ID: 1 | UserID: NULL | Action: /add-to-cart/4 | 
[2023-11-01 09:46:25] | UserAccount_ID: 1 | UserID: NULL | Action: /add-to-cart/4 | 
[2023-11-01 09:46:25] | UserAccount_ID: 1 | UserID: NULL | Action: /add-to-cart/4 | 
[2023-11-01 09:46:25] | UserAccount_ID: 1 | UserID: NULL | Action: /add-to-cart/4 | 
[2023-11-01 09:46:25] | UserAccount_ID: 1 | UserID: NULL | Action: /add-to-cart/4 | 
[2023-11-01 09:46:25] | UserAccount_ID: 1 | UserID: NULL | Action: /add-to-cart/4 | 
[2023-11-01 09:46:26] | UserAccount_ID: 1 | UserID: NULL | Action: /add-to-cart/4 | 
[2023-11-01 09:46:26] | UserAccount_ID: 1 | UserID: NULL | Action: /add-to-cart/4 | 
[2023-11-01 09:46:26] | UserAccount_ID: 1 | UserID: NULL | Action: /add-to-cart/4 | 
[2023-11-01 09:46:26] | UserAccount_ID: 1 | UserID: NULL | Action: /add-to-cart/4 | 
[2023-11-01 09:46:26] | UserAccount_ID: 1 | UserID: NULL | Action: /add-to-cart/4 | 
[2023-11-01 09:46:26] | UserAccount_ID: 1 | UserID: NULL | Action: /add-to-cart/4 | 
[2023-11-01 09:46:27] | UserAccount_ID: 1 | UserID: NULL | Action: /add-to-cart/4 | 
[2023-11-01 09:46:27] | UserAccount_ID: 1 | UserID: NULL | Action: /add-to-cart/4 | 
[2023-11-01 09:46:27] | UserAccount_ID: 1 | UserID: NULL | Action: /add-to-cart/4 | 
[2023-11-01 09:46:27] | UserAccount_ID: 1 | UserID: NULL | Action: /add-to-cart/4 | 
[2023-11-01 09:46:27] | UserAccount_ID: 1 | UserID: NULL | Action: /add-to-cart/4 | 
[2023-11-01 09:46:28] | UserAccount_ID: 1 | UserID: NULL | Action: /add-to-cart/4 | 
[2023-11-01 09:46:28] | UserAccount_ID: 1 | UserID: NULL | Action: /add-to-cart/4 | 
[2023-11-01 09:46:28] | UserAccount_ID: 1 | UserID: NULL | Action: /add-to-cart/4 | 
[2023-11-01 09:46:29] | UserAccount_ID: 1 | UserID: NULL | Action: /cart | 
[2023-11-01 09:46:30] | UserAccount_ID: 1 | UserID: NULL | Action: /login | 
[2023-11-01 09:46:38] | UserAccount_ID: 1 | UserID: NULL | Action: /login | email: test@gmail.com | password: ******** | 
[2023-11-01 09:46:38] | UserAccount_ID: 1 | UserID: 14 | Action: / | 
[2023-11-01 09:46:42] | UserAccount_ID: 1 | UserID: 14 | Action: /cart | 
[2023-11-01 09:46:44] | UserAccount_ID: 1 | UserID: 14 | Action: /checkout-order/false | 
[2023-11-01 09:46:44] | UserAccount_ID: 1 | UserID: 14 | Action: /payment/80/27000 | 
[2023-11-01 09:46:45] | UserAccount_ID: 1 | UserID: 14 | Action: /order-paid/80 | 
[2023-11-01 09:46:49] | UserAccount_ID: 1 | UserID: 14 | Action: /order | 
[2023-11-01 09:46:50] | UserAccount_ID: 1 | UserID: 14 | Action: /admin | 
[2023-11-01 09:46:50] | UserAccount_ID: 1 | UserID: 14 | Action: /admin-login | 
[2023-11-01 09:46:57] | UserAccount_ID: 1 | UserID: 14 | Action: /admin-login | email: test@gmail.com | password: ******** | 
[2023-11-01 09:46:57] | UserAccount_ID: 1 | UserID: 14 | Action: /admin-dashboard | 
[2023-11-01 09:48:56] | UserAccount_ID: 1 | UserID: 14 | Action: /admin-dashboard | 
[2023-11-01 09:49:27] | UserAccount_ID: 1 | UserID: 14 | Action: /admin-dashboard | 
[2023-11-01 09:49:57] | UserAccount_ID: 1 | UserID: 14 | Action: /admin-dashboard | 
[2023-11-01 09:57:42] | UserAccount_ID: 1 | UserID: 14 | Action: /admin-dashboard | 
[2023-11-01 09:57:49] | UserAccount_ID: 1 | UserID: 14 | Action: /admin-dashboard | 
[2023-11-01 10:00:54] | UserAccount_ID: 1 | UserID: 14 | Action: /admin-dashboard | 
[2023-11-01 10:00:56] | UserAccount_ID: 1 | UserID: 14 | Action: /admin-dashboard/1 | 
[2023-11-01 10:00:57] | UserAccount_ID: 1 | UserID: 14 | Action: /admin-dashboard../assets/js/chart.js | 
[2023-11-01 10:00:57] | UserAccount_ID: 1 | UserID: 14 | Action: /admin-dashboard../assets/img/countprofile.png | 
[2023-11-01 10:00:57] | UserAccount_ID: 1 | UserID: 14 | Action: /admin-dashboard../assets/img/products.png | 
[2023-11-01 10:00:57] | UserAccount_ID: 1 | UserID: 14 | Action: /admin-dashboard../assets/img/order.png | 
[2023-11-01 10:00:57] | UserAccount_ID: 1 | UserID: 14 | Action: /admin-dashboard../assets/img/coupon.png | 
[2023-11-01 10:01:04] | UserAccount_ID: 1 | UserID: 14 | Action: /admin-dashboard | 
[2023-11-01 10:01:08] | UserAccount_ID: 1 | UserID: 14 | Action: /admin-dashboard/10 | 
[2023-11-01 10:01:08] | UserAccount_ID: 1 | UserID: 14 | Action: /admin-dashboard../assets/img/coupon.png | 
[2023-11-01 10:01:08] | UserAccount_ID: 1 | UserID: 14 | Action: /admin-dashboard../assets/img/countprofile.png | 
[2023-11-01 10:01:08] | UserAccount_ID: 1 | UserID: 14 | Action: /admin-dashboard../assets/img/order.png | 
[2023-11-01 10:01:08] | UserAccount_ID: 1 | UserID: 14 | Action: /admin-dashboard../assets/js/chart.js | 
[2023-11-01 10:01:08] | UserAccount_ID: 1 | UserID: 14 | Action: /admin-dashboard../assets/img/products.png | 
[2023-11-01 10:01:41] | UserAccount_ID: 1 | UserID: 14 | Action: /admin-dashboard/10 | 
[2023-11-01 10:01:41] | UserAccount_ID: 1 | UserID: 14 | Action: /admin-dashboard../assets/img/countprofile.png | 
[2023-11-01 10:01:41] | UserAccount_ID: 1 | UserID: 14 | Action: /admin-dashboard../assets/js/chart.js | 
[2023-11-01 10:01:41] | UserAccount_ID: 1 | UserID: 14 | Action: /admin-dashboard../assets/img/order.png | 
[2023-11-01 10:01:41] | UserAccount_ID: 1 | UserID: 14 | Action: /admin-dashboard../assets/img/coupon.png | 
[2023-11-01 10:01:41] | UserAccount_ID: 1 | UserID: 14 | Action: /admin-dashboard../assets/img/products.png | 
[2023-11-01 10:01:43] | UserAccount_ID: 1 | UserID: 14 | Action: /admin-dashboard | 
[2023-11-01 10:23:49] | UserAccount_ID: 1 | UserID: 14 | Action: /admin-dashboard | 
[2023-11-01 10:23:56] | UserAccount_ID: 1 | UserID: 14 | Action: /admin-dashboard/10 | 
[2023-11-01 10:23:56] | UserAccount_ID: 1 | UserID: 14 | Action: /admin-dashboard../assets/js/chart.js | 
[2023-11-01 10:23:56] | UserAccount_ID: 1 | UserID: 14 | Action: /admin-dashboard../assets/img/order.png | 
[2023-11-01 10:23:56] | UserAccount_ID: 1 | UserID: 14 | Action: /admin-dashboard../assets/img/products.png | 
[2023-11-01 10:23:56] | UserAccount_ID: 1 | UserID: 14 | Action: /admin-dashboard../assets/img/countprofile.png | 
[2023-11-01 10:23:56] | UserAccount_ID: 1 | UserID: 14 | Action: /admin-dashboard../assets/img/coupon.png | 
[2023-11-01 10:24:05] | UserAccount_ID: 1 | UserID: 14 | Action: /admin-dashboard/10 | 
[2023-11-01 10:24:05] | UserAccount_ID: 1 | UserID: 14 | Action: /admin-dashboard../assets/js/chart.js | 
[2023-11-01 10:24:05] | UserAccount_ID: 1 | UserID: 14 | Action: /admin-dashboard../assets/img/countprofile.png | 
[2023-11-01 10:24:05] | UserAccount_ID: 1 | UserID: 14 | Action: /admin-dashboard../assets/img/order.png | 
[2023-11-01 10:24:05] | UserAccount_ID: 1 | UserID: 14 | Action: /admin-dashboard../assets/img/products.png | 
[2023-11-01 10:24:05] | UserAccount_ID: 1 | UserID: 14 | Action: /admin-dashboard../assets/img/coupon.png | 
[2023-11-01 10:24:05] | UserAccount_ID: 1 | UserID: 14 | Action: /admin-dashboard/10 | 
[2023-11-01 10:24:05] | UserAccount_ID: 1 | UserID: 14 | Action: /admin-dashboard../assets/img/countprofile.png | 
[2023-11-01 10:24:05] | UserAccount_ID: 1 | UserID: 14 | Action: /admin-dashboard../assets/js/chart.js | 
[2023-11-01 10:24:05] | UserAccount_ID: 1 | UserID: 14 | Action: /admin-dashboard../assets/img/products.png | 
[2023-11-01 10:24:05] | UserAccount_ID: 1 | UserID: 14 | Action: /admin-dashboard../assets/img/order.png | 
[2023-11-01 10:24:05] | UserAccount_ID: 1 | UserID: 14 | Action: /admin-dashboard../assets/img/coupon.png | 
[2023-11-01 10:24:05] | UserAccount_ID: 1 | UserID: 14 | Action: /admin-dashboard/10 | 
[2023-11-01 10:24:05] | UserAccount_ID: 1 | UserID: 14 | Action: /admin-dashboard../assets/img/countprofile.png | 
[2023-11-01 10:24:05] | UserAccount_ID: 1 | UserID: 14 | Action: /admin-dashboard../assets/img/products.png | 
[2023-11-01 10:24:05] | UserAccount_ID: 1 | UserID: 14 | Action: /admin-dashboard../assets/js/chart.js | 
[2023-11-01 10:24:05] | UserAccount_ID: 1 | UserID: 14 | Action: /admin-dashboard../assets/img/order.png | 
[2023-11-01 10:24:05] | UserAccount_ID: 1 | UserID: 14 | Action: /admin-dashboard../assets/img/coupon.png | 
[2023-11-01 10:24:57] | UserAccount_ID: 1 | UserID: 14 | Action: /admin-dashboard | 
[2023-11-01 10:25:16] | UserAccount_ID: 1 | UserID: 14 | Action: /admin-dashboard | 
[2023-11-01 10:25:51] | UserAccount_ID: 1 | UserID: 14 | Action: /admin-dashboard/1 | 
[2023-11-01 10:25:51] | UserAccount_ID: 1 | UserID: 14 | Action: /admin-dashboard../assets/img/products.png | 
[2023-11-01 10:25:51] | UserAccount_ID: 1 | UserID: 14 | Action: /admin-dashboard../assets/img/countprofile.png | 
[2023-11-01 10:25:51] | UserAccount_ID: 1 | UserID: 14 | Action: /admin-dashboard../assets/img/order.png | 
[2023-11-01 10:25:51] | UserAccount_ID: 1 | UserID: 14 | Action: /admin-dashboard../assets/js/chart.js | 
[2023-11-01 10:25:51] | UserAccount_ID: 1 | UserID: 14 | Action: /admin-dashboard../assets/img/coupon.png | 
[2023-11-01 10:27:46] | UserAccount_ID: 1 | UserID: 14 | Action: /admin-dashboard/1 | 
[2023-11-01 10:27:47] | UserAccount_ID: 1 | UserID: 14 | Action: /admin-dashboard../assets/js/chart.js | 
[2023-11-01 10:27:47] | UserAccount_ID: 1 | UserID: 14 | Action: /admin-dashboard../assets/img/order.png | 
[2023-11-01 10:27:47] | UserAccount_ID: 1 | UserID: 14 | Action: /admin-dashboard../assets/img/coupon.png | 
[2023-11-01 10:27:47] | UserAccount_ID: 1 | UserID: 14 | Action: /admin-dashboard../assets/img/products.png | 
[2023-11-01 10:27:47] | UserAccount_ID: 1 | UserID: 14 | Action: /admin-dashboard../assets/img/countprofile.png | 
[2023-11-01 10:27:51] | UserAccount_ID: 1 | UserID: 14 | Action: /admin-dashboard | 
[2023-11-01 10:27:55] | UserAccount_ID: 1 | UserID: 14 | Action: /admin-dashboard/1 | 
[2023-11-01 10:27:55] | UserAccount_ID: 1 | UserID: 14 | Action: /admin-dashboard../assets/img/products.png | 
[2023-11-01 10:27:55] | UserAccount_ID: 1 | UserID: 14 | Action: /admin-dashboard../assets/img/countprofile.png | 
[2023-11-01 10:27:55] | UserAccount_ID: 1 | UserID: 14 | Action: /admin-dashboard../assets/img/order.png | 
[2023-11-01 10:27:55] | UserAccount_ID: 1 | UserID: 14 | Action: /admin-dashboard../assets/js/chart.js | 
[2023-11-01 10:27:55] | UserAccount_ID: 1 | UserID: 14 | Action: /admin-dashboard../assets/img/coupon.png | 
[2023-11-01 10:29:53] | UserAccount_ID: 1 | UserID: 14 | Action: /admin-dashboard/1 | 
[2023-11-01 10:29:53] | UserAccount_ID: 1 | UserID: 14 | Action: /admin-dashboard../assets/img/products.png | 
[2023-11-01 10:29:53] | UserAccount_ID: 1 | UserID: 14 | Action: /admin-dashboard../assets/img/countprofile.png | 
[2023-11-01 10:29:53] | UserAccount_ID: 1 | UserID: 14 | Action: /admin-dashboard../assets/img/coupon.png | 
[2023-11-01 10:29:53] | UserAccount_ID: 1 | UserID: 14 | Action: /admin-dashboard../assets/img/order.png | 
[2023-11-01 10:29:57] | UserAccount_ID: 1 | UserID: 14 | Action: /admin-dashboard | 
[2023-11-01 10:30:03] | UserAccount_ID: 1 | UserID: 14 | Action: /admin-dashboard/1 | 
[2023-11-01 10:30:04] | UserAccount_ID: 1 | UserID: 14 | Action: /admin-dashboard../assets/img/products.png | 
[2023-11-01 10:30:04] | UserAccount_ID: 1 | UserID: 14 | Action: /admin-dashboard../assets/img/countprofile.png | 
[2023-11-01 10:30:04] | UserAccount_ID: 1 | UserID: 14 | Action: /admin-dashboard../assets/img/coupon.png | 
[2023-11-01 10:30:04] | UserAccount_ID: 1 | UserID: 14 | Action: /admin-dashboard../assets/img/order.png | 
[2023-11-01 10:31:00] | UserAccount_ID: 1 | UserID: 14 | Action: /admin-dashboard/1 | 
[2023-11-01 10:34:00] | UserAccount_ID: 1 | UserID: 14 | Action: /admin-dashboard | 
[2023-11-01 10:34:03] | UserAccount_ID: 1 | UserID: 14 | Action: / | 
[2023-11-01 10:34:06] | UserAccount_ID: 1 | UserID: 14 | Action: /add-to-cart/7 | 
[2023-11-01 10:34:07] | UserAccount_ID: 1 | UserID: 14 | Action: /cart | 
[2023-11-01 10:34:08] | UserAccount_ID: 1 | UserID: 14 | Action: /products | 
[2023-11-01 10:34:10] | UserAccount_ID: 1 | UserID: 14 | Action: /cart | 
[2023-11-01 10:34:14] | UserAccount_ID: 1 | UserID: 14 | Action: /checkout-order/false | 
[2023-11-01 10:34:14] | UserAccount_ID: 1 | UserID: 14 | Action: /payment/81/100 | 
[2023-11-01 10:34:15] | UserAccount_ID: 1 | UserID: 14 | Action: /order-paid/81 | 
[2023-11-01 10:34:18] | UserAccount_ID: 1 | UserID: 14 | Action: /order | 
[2023-11-01 10:47:02] | UserAccount_ID: 1 | UserID: 14 | Action: / | 
[2023-11-01 10:51:10] | UserAccount_ID: 1 | UserID: 14 | Action: /add-to-cart/1 | 
[2023-11-01 10:51:10] | UserAccount_ID: 1 | UserID: 14 | Action: /add-to-cart/2 | 
[2023-11-01 10:51:11] | UserAccount_ID: 1 | UserID: 14 | Action: /add-to-cart/3 | 
[2023-11-01 10:51:11] | UserAccount_ID: 1 | UserID: 14 | Action: /cart | 
[2023-11-01 10:51:13] | UserAccount_ID: 1 | UserID: 14 | Action: /admin-dashboard | 
[2023-11-01 11:03:25] | UserAccount_ID: 1 | UserID: 14 | Action: /admin-dashboard | 
[2023-11-01 11:03:25] | UserAccount_ID: 1 | UserID: 14 | Action: /admin-dashboard | 
[2023-11-01 11:04:53] | UserAccount_ID: 1 | UserID: 14 | Action: /admin-dashboard | 
[2023-11-01 11:05:04] | UserAccount_ID: 1 | UserID: 14 | Action: /admin-dashboard | 
[2023-11-01 11:05:55] | UserAccount_ID: 1 | UserID: 14 | Action: /admin-dashboard | 
[2023-11-01 11:06:55] | UserAccount_ID: 1 | UserID: 14 | Action: /admin-dashboard | 
[2023-11-01 11:07:03] | UserAccount_ID: 1 | UserID: 14 | Action: /admin-dashboard | 
[2023-11-01 11:07:06] | UserAccount_ID: 1 | UserID: 14 | Action: /admin-dashboard/week | 
[2023-11-01 11:07:09] | UserAccount_ID: 1 | UserID: 14 | Action: /admin-dashboard/maand | 
[2023-11-01 11:07:10] | UserAccount_ID: 1 | UserID: 14 | Action: /admin-dashboard/altijd | 
[2023-11-01 11:19:05] | UserAccount_ID: 1 | UserID: 14 | Action: /admin-dashboard/week | 
[2023-11-01 11:20:29] | UserAccount_ID: 1 | UserID: 14 | Action: /admin-dashboard/week | 
[2023-11-01 11:25:13] | UserAccount_ID: 1 | UserID: 14 | Action: /admin-dashboard/week | 
[2023-11-01 11:25:21] | UserAccount_ID: 1 | UserID: 14 | Action: /admin-dashboard/week | 
[2023-11-01 11:25:29] | UserAccount_ID: 1 | UserID: 14 | Action: /admin-dashboard | 
[2023-11-01 11:25:33] | UserAccount_ID: 1 | UserID: 14 | Action: /admin-dashboard/week | 
[2023-11-01 11:26:24] | UserAccount_ID: 1 | UserID: 14 | Action: /admin-dashboard/week | 
[2023-11-01 11:26:26] | UserAccount_ID: 1 | UserID: 14 | Action: /admin-dashboard/vandaag | 
[2023-11-01 11:26:31] | UserAccount_ID: 1 | UserID: 14 | Action: /admin-dashboard/vandaag | 
[2023-11-01 11:26:33] | UserAccount_ID: 1 | UserID: 14 | Action: /admin-dashboard | 
[2023-11-01 11:29:35] | UserAccount_ID: 1 | UserID: 14 | Action: /admin-dashboard | 
[2023-11-01 11:29:38] | UserAccount_ID: 1 | UserID: 14 | Action: /admin-dashboard/week | 
[2023-11-01 11:30:15] | UserAccount_ID: 1 | UserID: 14 | Action: /admin-dashboard/week | 
[2023-11-01 11:30:17] | UserAccount_ID: 1 | UserID: 14 | Action: /admin-dashboard/week | 
[2023-11-01 11:30:17] | UserAccount_ID: 1 | UserID: 14 | Action: /admin-dashboard/week | 
[2023-11-01 11:30:19] | UserAccount_ID: 1 | UserID: 14 | Action: /admin-dashboard/maand | 
[2023-11-01 11:30:21] | UserAccount_ID: 1 | UserID: 14 | Action: /admin-dashboard/week | 
[2023-11-01 11:30:25] | UserAccount_ID: 1 | UserID: 14 | Action: /admin-dashboard/week | 
[2023-11-01 11:30:29] | UserAccount_ID: 1 | UserID: 14 | Action: /admin-dashboard/vandaag | 
[2023-11-01 11:30:31] | UserAccount_ID: 1 | UserID: 14 | Action: /admin-dashboard/week | 
[2023-11-01 11:30:34] | UserAccount_ID: 1 | UserID: 14 | Action: /admin-dashboard/week | 
[2023-11-01 11:30:38] | UserAccount_ID: 1 | UserID: 14 | Action: /admin-dashboard/week | 
[2023-11-01 11:30:52] | UserAccount_ID: 1 | UserID: 14 | Action: /admin-dashboard/week | 
[2023-11-01 11:30:53] | UserAccount_ID: 1 | UserID: 14 | Action: /admin-dashboard/week | 
[2023-11-01 11:30:53] | UserAccount_ID: 1 | UserID: 14 | Action: /admin-dashboard/week | 
[2023-11-01 11:30:54] | UserAccount_ID: 1 | UserID: 14 | Action: /admin-dashboard/week | 
[2023-11-01 11:31:08] | UserAccount_ID: 1 | UserID: 14 | Action: /admin-dashboard/week | 
[2023-11-01 11:31:08] | UserAccount_ID: 1 | UserID: 14 | Action: /admin-dashboard/week | 
[2023-11-01 11:31:09] | UserAccount_ID: 1 | UserID: 14 | Action: /admin-dashboard/week | 
[2023-11-01 11:32:18] | UserAccount_ID: 1 | UserID: 14 | Action: /admin-dashboard/week | 
[2023-11-01 11:33:23] | UserAccount_ID: 1 | UserID: 14 | Action: /admin-dashboard/week | 
[2023-11-01 11:33:25] | UserAccount_ID: 1 | UserID: 14 | Action: /admin-dashboard/vandaag | 
[2023-11-01 11:33:27] | UserAccount_ID: 1 | UserID: 14 | Action: /admin-dashboard/week | 
[2023-11-01 11:33:44] | UserAccount_ID: 1 | UserID: 14 | Action: /admin-dashboard/week | 
[2023-11-01 11:33:46] | UserAccount_ID: 1 | UserID: 14 | Action: /admin-dashboard/Vandaag | 
[2023-11-01 11:33:53] | UserAccount_ID: 1 | UserID: 14 | Action: /admin-dashboard/Vandaag | 
[2023-11-01 11:33:54] | UserAccount_ID: 1 | UserID: 14 | Action: /admin-dashboard/Vandaag | 
[2023-11-01 11:33:54] | UserAccount_ID: 1 | UserID: 14 | Action: /admin-dashboard/week | 
[2023-11-01 11:33:56] | UserAccount_ID: 1 | UserID: 14 | Action: /admin-dashboard | 
[2023-11-01 11:33:58] | UserAccount_ID: 1 | UserID: 14 | Action: /admin-dashboard/week | 
[2023-11-01 11:34:00] | UserAccount_ID: 1 | UserID: 14 | Action: /admin-dashboard | 
[2023-11-01 11:34:02] | UserAccount_ID: 1 | UserID: 14 | Action: /admin-dashboard/week | 
[2023-11-01 11:38:30] | UserAccount_ID: 1 | UserID: 14 | Action: /admin-dashboard | 
[2023-11-01 11:43:49] | UserAccount_ID: 1 | UserID: 14 | Action: /admin-dashboard | 
[2023-11-01 11:44:26] | UserAccount_ID: 1 | UserID: 14 | Action: /admin-dashboard | 
[2023-11-01 11:44:28] | UserAccount_ID: 1 | UserID: 14 | Action: /admin-dashboard/week | 
[2023-11-01 11:44:29] | UserAccount_ID: 1 | UserID: 14 | Action: /admin-dashboard/maand | 
[2023-11-01 11:45:09] | UserAccount_ID: 1 | UserID: 14 | Action: /admin-dashboard/maand | 
[2023-11-01 11:45:14] | UserAccount_ID: 1 | UserID: 14 | Action: /admin-dashboard/maand | 
[2023-11-01 11:45:15] | UserAccount_ID: 1 | UserID: 14 | Action: /admin-dashboard/week | 
[2023-11-01 11:45:33] | UserAccount_ID: 1 | UserID: 14 | Action: /admin-dashboard/week | 
[2023-11-01 11:45:35] | UserAccount_ID: 1 | UserID: 14 | Action: /admin-dashboard/maand | 
[2023-11-01 11:45:43] | UserAccount_ID: 1 | UserID: 14 | Action: /admin-dashboard/maand | 
[2023-11-01 11:45:49] | UserAccount_ID: 1 | UserID: 14 | Action: /admin-dashboard/week | 
[2023-11-01 11:45:52] | UserAccount_ID: 1 | UserID: 14 | Action: /admin-dashboard/maand | 
[2023-11-01 11:45:56] | UserAccount_ID: 1 | UserID: 14 | Action: /admin-dashboard | 
[2023-11-01 11:46:12] | UserAccount_ID: 1 | UserID: 14 | Action: /admin-users | 
[2023-11-01 11:46:13] | UserAccount_ID: 1 | UserID: 14 | Action: /admin-orders | 
[2023-11-01 11:46:17] | UserAccount_ID: 1 | UserID: 14 | Action: /products | 
[2023-11-01 11:46:20] | UserAccount_ID: 1 | UserID: 14 | Action: /add-to-cart/4 | 
[2023-11-01 11:46:20] | UserAccount_ID: 1 | UserID: 14 | Action: /add-to-cart/4 | 
[2023-11-01 11:46:20] | UserAccount_ID: 1 | UserID: 14 | Action: /add-to-cart/4 | 
[2023-11-01 11:46:20] | UserAccount_ID: 1 | UserID: 14 | Action: /add-to-cart/4 | 
[2023-11-01 11:46:20] | UserAccount_ID: 1 | UserID: 14 | Action: /add-to-cart/4 | 
[2023-11-01 11:46:20] | UserAccount_ID: 1 | UserID: 14 | Action: /add-to-cart/4 | 
[2023-11-01 11:46:20] | UserAccount_ID: 1 | UserID: 14 | Action: /add-to-cart/4 | 
[2023-11-01 11:46:20] | UserAccount_ID: 1 | UserID: 14 | Action: /add-to-cart/4 | 
[2023-11-01 11:46:21] | UserAccount_ID: 1 | UserID: 14 | Action: /add-to-cart/4 | 
[2023-11-01 11:46:21] | UserAccount_ID: 1 | UserID: 14 | Action: /add-to-cart/4 | 
[2023-11-01 11:46:21] | UserAccount_ID: 1 | UserID: 14 | Action: /add-to-cart/4 | 
[2023-11-01 11:46:21] | UserAccount_ID: 1 | UserID: 14 | Action: /add-to-cart/4 | 
[2023-11-01 11:46:21] | UserAccount_ID: 1 | UserID: 14 | Action: /add-to-cart/4 | 
[2023-11-01 11:46:21] | UserAccount_ID: 1 | UserID: 14 | Action: /add-to-cart/4 | 
[2023-11-01 11:46:21] | UserAccount_ID: 1 | UserID: 14 | Action: /add-to-cart/4 | 
[2023-11-01 11:46:21] | UserAccount_ID: 1 | UserID: 14 | Action: /add-to-cart/4 | 
[2023-11-01 11:46:22] | UserAccount_ID: 1 | UserID: 14 | Action: /add-to-cart/4 | 
[2023-11-01 11:46:22] | UserAccount_ID: 1 | UserID: 14 | Action: /add-to-cart/4 | 
[2023-11-01 11:46:22] | UserAccount_ID: 1 | UserID: 14 | Action: /add-to-cart/4 | 
[2023-11-01 11:46:22] | UserAccount_ID: 1 | UserID: 14 | Action: /add-to-cart/4 | 
[2023-11-01 11:46:22] | UserAccount_ID: 1 | UserID: 14 | Action: /add-to-cart/4 | 
[2023-11-01 11:46:22] | UserAccount_ID: 1 | UserID: 14 | Action: /add-to-cart/4 | 
[2023-11-01 11:46:22] | UserAccount_ID: 1 | UserID: 14 | Action: /add-to-cart/4 | 
[2023-11-01 11:46:22] | UserAccount_ID: 1 | UserID: 14 | Action: /add-to-cart/4 | 
[2023-11-01 11:46:23] | UserAccount_ID: 1 | UserID: 14 | Action: /add-to-cart/4 | 
[2023-11-01 11:46:23] | UserAccount_ID: 1 | UserID: 14 | Action: /add-to-cart/4 | 
[2023-11-01 11:46:23] | UserAccount_ID: 1 | UserID: 14 | Action: /add-to-cart/4 | 
[2023-11-01 11:46:23] | UserAccount_ID: 1 | UserID: 14 | Action: /add-to-cart/4 | 
[2023-11-01 11:46:23] | UserAccount_ID: 1 | UserID: 14 | Action: /add-to-cart/4 | 
[2023-11-01 11:46:23] | UserAccount_ID: 1 | UserID: 14 | Action: /add-to-cart/4 | 
[2023-11-01 11:46:29] | UserAccount_ID: 1 | UserID: 14 | Action: /add-to-cart/4 | 
[2023-11-01 11:46:29] | UserAccount_ID: 1 | UserID: 14 | Action: /add-to-cart/4 | 
[2023-11-01 11:46:29] | UserAccount_ID: 1 | UserID: 14 | Action: /add-to-cart/4 | 
[2023-11-01 11:46:29] | UserAccount_ID: 1 | UserID: 14 | Action: /add-to-cart/4 | 
[2023-11-01 11:46:29] | UserAccount_ID: 1 | UserID: 14 | Action: /add-to-cart/4 | 
[2023-11-01 11:46:29] | UserAccount_ID: 1 | UserID: 14 | Action: /add-to-cart/4 | 
[2023-11-01 11:46:30] | UserAccount_ID: 1 | UserID: 14 | Action: /add-to-cart/4 | 
[2023-11-01 11:46:30] | UserAccount_ID: 1 | UserID: 14 | Action: /add-to-cart/4 | 
[2023-11-01 11:46:30] | UserAccount_ID: 1 | UserID: 14 | Action: /add-to-cart/4 | 
[2023-11-01 11:46:30] | UserAccount_ID: 1 | UserID: 14 | Action: /add-to-cart/4 | 
[2023-11-01 11:46:30] | UserAccount_ID: 1 | UserID: 14 | Action: /add-to-cart/4 | 
[2023-11-01 11:46:30] | UserAccount_ID: 1 | UserID: 14 | Action: /add-to-cart/4 | 
[2023-11-01 11:46:31] | UserAccount_ID: 1 | UserID: 14 | Action: /add-to-cart/4 | 
[2023-11-01 11:46:33] | UserAccount_ID: 1 | UserID: 14 | Action: /add-to-cart/4 | 
[2023-11-01 11:46:33] | UserAccount_ID: 1 | UserID: 14 | Action: /add-to-cart/4 | 
[2023-11-01 11:46:33] | UserAccount_ID: 1 | UserID: 14 | Action: /add-to-cart/4 | 
[2023-11-01 11:46:33] | UserAccount_ID: 1 | UserID: 14 | Action: /add-to-cart/4 | 
[2023-11-01 11:46:33] | UserAccount_ID: 1 | UserID: 14 | Action: /add-to-cart/4 | 
[2023-11-01 11:46:33] | UserAccount_ID: 1 | UserID: 14 | Action: /add-to-cart/4 | 
[2023-11-01 11:46:34] | UserAccount_ID: 1 | UserID: 14 | Action: /add-to-cart/4 | 
[2023-11-01 11:46:34] | UserAccount_ID: 1 | UserID: 14 | Action: /add-to-cart/4 | 
[2023-11-01 11:46:34] | UserAccount_ID: 1 | UserID: 14 | Action: /add-to-cart/4 | 
[2023-11-01 11:46:34] | UserAccount_ID: 1 | UserID: 14 | Action: /add-to-cart/4 | 
[2023-11-01 11:46:34] | UserAccount_ID: 1 | UserID: 14 | Action: /add-to-cart/4 | 
[2023-11-01 11:46:34] | UserAccount_ID: 1 | UserID: 14 | Action: /add-to-cart/4 | 
[2023-11-01 11:46:34] | UserAccount_ID: 1 | UserID: 14 | Action: /add-to-cart/4 | 
[2023-11-01 11:46:35] | UserAccount_ID: 1 | UserID: 14 | Action: /add-to-cart/4 | 
[2023-11-01 11:46:35] | UserAccount_ID: 1 | UserID: 14 | Action: /add-to-cart/4 | 
[2023-11-01 11:46:35] | UserAccount_ID: 1 | UserID: 14 | Action: /add-to-cart/4 | 
[2023-11-01 11:46:35] | UserAccount_ID: 1 | UserID: 14 | Action: /add-to-cart/4 | 
[2023-11-01 11:46:36] | UserAccount_ID: 1 | UserID: 14 | Action: /cart | 
[2023-11-01 11:46:39] | UserAccount_ID: 1 | UserID: 14 | Action: /checkout-order/false | 
[2023-11-01 11:46:40] | UserAccount_ID: 1 | UserID: 14 | Action: /payment/82/60950 | 
[2023-11-01 11:46:41] | UserAccount_ID: 1 | UserID: 14 | Action: /order-paid/82 | 
[2023-11-01 11:46:44] | UserAccount_ID: 1 | UserID: 14 | Action: /order | 
[2023-11-01 11:47:02] | UserAccount_ID: 1 | UserID: 14 | Action: /admin-orders | 
[2023-11-01 11:47:05] | UserAccount_ID: 1 | UserID: 14 | Action: /admin-orders | 
[2023-11-01 11:47:07] | UserAccount_ID: 1 | UserID: 14 | Action: /admin-dashboard | 
[2023-11-01 11:47:10] | UserAccount_ID: 1 | UserID: 14 | Action: /admin-dashboard/week | 
[2023-11-01 11:47:12] | UserAccount_ID: 1 | UserID: 14 | Action: /admin-dashboard/maand | 
[2023-11-01 11:47:32] | UserAccount_ID: 1 | UserID: 14 | Action: /admin-dashboard/maand | 
[2023-11-01 11:47:37] | UserAccount_ID: 1 | UserID: 14 | Action: /admin-dashboard/week | 
[2023-11-01 11:47:38] | UserAccount_ID: 1 | UserID: 14 | Action: /admin-dashboard | 
[2023-11-01 11:47:43] | UserAccount_ID: 1 | UserID: 14 | Action: /admin-dashboard/altijd | 
[2023-11-01 11:47:45] | UserAccount_ID: 1 | UserID: 14 | Action: /admin-dashboard | 
[2023-11-01 11:50:24] | UserAccount_ID: 1 | UserID: 14 | Action: /admin-dashboard | 
[2023-11-01 11:50:27] | UserAccount_ID: 1 | UserID: 14 | Action: /admin-dashboard/maand | 
[2023-11-01 11:51:40] | UserAccount_ID: 1 | UserID: 14 | Action: /admin-dashboard/maand | 
[2023-11-01 11:51:41] | UserAccount_ID: 1 | UserID: 14 | Action: /admin-dashboard/maand | 
[2023-11-01 11:51:41] | UserAccount_ID: 1 | UserID: 14 | Action: /admin-dashboard/maand | 
[2023-11-01 11:51:58] | UserAccount_ID: 1 | UserID: 14 | Action: /admin-dashboard/maand | 
[2023-11-01 11:52:27] | UserAccount_ID: 1 | UserID: 14 | Action: /admin-dashboard/maand | 
[2023-11-01 11:52:28] | UserAccount_ID: 1 | UserID: 14 | Action: /admin-dashboard/maand | 
[2023-11-01 11:52:28] | UserAccount_ID: 1 | UserID: 14 | Action: /admin-dashboard/maand | 
[2023-11-01 11:52:45] | UserAccount_ID: 1 | UserID: 14 | Action: /admin-dashboard/maand | 
[2023-11-01 11:52:46] | UserAccount_ID: 1 | UserID: 14 | Action: /admin-dashboard/maand | 
[2023-11-01 11:52:52] | UserAccount_ID: 1 | UserID: 14 | Action: /admin-dashboard/maand | 
[2023-11-01 11:52:58] | UserAccount_ID: 1 | UserID: 14 | Action: /admin-dashboard/week | 
[2023-11-01 11:53:01] | UserAccount_ID: 1 | UserID: 14 | Action: /admin-dashboard/maand | 
[2023-11-01 11:53:16] | UserAccount_ID: 1 | UserID: 14 | Action: /admin-dashboard/maand | 
[2023-11-01 11:53:17] | UserAccount_ID: 1 | UserID: 14 | Action: /admin-dashboard/maand | 
[2023-11-01 11:53:18] | UserAccount_ID: 1 | UserID: 14 | Action: /admin-dashboard/maand | 
[2023-11-01 11:53:18] | UserAccount_ID: 1 | UserID: 14 | Action: /admin-dashboard/maand | 
[2023-11-01 11:53:18] | UserAccount_ID: 1 | UserID: 14 | Action: /admin-dashboard/maand | 
[2023-11-01 11:53:21] | UserAccount_ID: 1 | UserID: 14 | Action: /admin-dashboard/maand | 
[2023-11-01 11:53:22] | UserAccount_ID: 1 | UserID: 14 | Action: /admin-dashboard/maand | 
[2023-11-01 11:53:22] | UserAccount_ID: 1 | UserID: 14 | Action: /admin-dashboard/maand | 
[2023-11-01 11:53:24] | UserAccount_ID: 1 | UserID: 14 | Action: /admin-dashboard/week | 
[2023-11-01 11:53:25] | UserAccount_ID: 1 | UserID: 14 | Action: /admin-dashboard | 
[2023-11-01 11:53:28] | UserAccount_ID: 1 | UserID: 14 | Action: /admin-dashboard/week | 
[2023-11-01 11:53:29] | UserAccount_ID: 1 | UserID: 14 | Action: /admin-dashboard/maand | 
[2023-11-01 11:54:06] | UserAccount_ID: 1 | UserID: 14 | Action: /admin-dashboard/maand | 
[2023-11-01 11:54:22] | UserAccount_ID: 1 | UserID: 14 | Action: /admin-dashboard/maand | 
[2023-11-01 11:54:29] | UserAccount_ID: 1 | UserID: 14 | Action: /products | 
[2023-11-01 11:54:29] | UserAccount_ID: 1 | UserID: 14 | Action: /products | 
[2023-11-01 11:54:31] | UserAccount_ID: 1 | UserID: 14 | Action: /add-to-cart/4 | 
[2023-11-01 11:54:31] | UserAccount_ID: 1 | UserID: 14 | Action: /add-to-cart/4 | 
[2023-11-01 11:54:31] | UserAccount_ID: 1 | UserID: 14 | Action: /add-to-cart/4 | 
[2023-11-01 11:54:32] | UserAccount_ID: 1 | UserID: 14 | Action: /add-to-cart/4 | 
[2023-11-01 11:54:32] | UserAccount_ID: 1 | UserID: 14 | Action: /add-to-cart/4 | 
[2023-11-01 11:54:32] | UserAccount_ID: 1 | UserID: 14 | Action: /add-to-cart/4 | 
[2023-11-01 11:54:32] | UserAccount_ID: 1 | UserID: 14 | Action: /add-to-cart/4 | 
[2023-11-01 11:54:32] | UserAccount_ID: 1 | UserID: 14 | Action: /add-to-cart/4 | 
[2023-11-01 11:54:32] | UserAccount_ID: 1 | UserID: 14 | Action: /add-to-cart/4 | 
[2023-11-01 11:54:32] | UserAccount_ID: 1 | UserID: 14 | Action: /add-to-cart/4 | 
[2023-11-01 11:54:33] | UserAccount_ID: 1 | UserID: 14 | Action: /add-to-cart/4 | 
[2023-11-01 11:54:33] | UserAccount_ID: 1 | UserID: 14 | Action: /add-to-cart/4 | 
[2023-11-01 11:54:33] | UserAccount_ID: 1 | UserID: 14 | Action: /add-to-cart/4 | 
[2023-11-01 11:54:33] | UserAccount_ID: 1 | UserID: 14 | Action: /add-to-cart/4 | 
[2023-11-01 11:54:33] | UserAccount_ID: 1 | UserID: 14 | Action: /add-to-cart/4 | 
[2023-11-01 11:54:33] | UserAccount_ID: 1 | UserID: 14 | Action: /add-to-cart/4 | 
[2023-11-01 11:54:34] | UserAccount_ID: 1 | UserID: 14 | Action: /cart | 
[2023-11-01 11:54:35] | UserAccount_ID: 1 | UserID: 14 | Action: /checkout-order/false | 
[2023-11-01 11:54:35] | UserAccount_ID: 1 | UserID: 14 | Action: /payment/83/16000 | 
[2023-11-01 11:54:36] | UserAccount_ID: 1 | UserID: 14 | Action: /order-paid/83 | 
[2023-11-01 11:54:40] | UserAccount_ID: 1 | UserID: 14 | Action: /order | 
[2023-11-01 11:54:58] | UserAccount_ID: 1 | UserID: 14 | Action: /admin-dashboard/maand | 
[2023-11-01 11:57:04] | UserAccount_ID: 1 | UserID: 14 | Action: /admin-dashboard/maand | 
[2023-11-01 11:57:07] | UserAccount_ID: 1 | UserID: 14 | Action: /admin-dashboard/altijd | 
[2023-11-01 11:57:42] | UserAccount_ID: 1 | UserID: 14 | Action: /admin-dashboard/altijd | 
[2023-11-01 11:57:43] | UserAccount_ID: 1 | UserID: 14 | Action: /admin-dashboard/altijd | 
[2023-11-01 11:57:43] | UserAccount_ID: 1 | UserID: 14 | Action: /admin-dashboard/altijd | 
[2023-11-01 11:57:55] | UserAccount_ID: 1 | UserID: 14 | Action: /admin-dashboard/altijd | 
[2023-11-01 11:58:05] | UserAccount_ID: 1 | UserID: 14 | Action: /admin-dashboard/maand | 
[2023-11-01 11:58:07] | UserAccount_ID: 1 | UserID: 14 | Action: /admin-dashboard/altijd | 
[2023-11-01 11:58:10] | UserAccount_ID: 1 | UserID: 14 | Action: /admin-dashboard/maand | 
[2023-11-01 11:58:11] | UserAccount_ID: 1 | UserID: 14 | Action: /admin-dashboard/week | 
[2023-11-01 11:58:14] | UserAccount_ID: 1 | UserID: 14 | Action: /admin-dashboard | 
[2023-11-01 11:58:17] | UserAccount_ID: 1 | UserID: 14 | Action: /admin-dashboard/altijd | 
[2023-11-01 11:58:59] | UserAccount_ID: 1 | UserID: 14 | Action: /admin-dashboard | 
[2023-11-01 11:59:04] | UserAccount_ID: 1 | UserID: 14 | Action: /admin-dashboard/week | 
[2023-11-01 12:01:12] | UserAccount_ID: 1 | UserID: 14 | Action: /admin-dashboard/week | 
[2023-11-01 12:01:16] | UserAccount_ID: 1 | UserID: 14 | Action: /admin-dashboard | 
[2023-11-01 12:01:18] | UserAccount_ID: 1 | UserID: 14 | Action: /admin-dashboard | 
[2023-11-01 12:01:18] | UserAccount_ID: 1 | UserID: 14 | Action: /admin-dashboard | 
[2023-11-01 12:01:30] | UserAccount_ID: 1 | UserID: 14 | Action: /admin-dashboard/week | 
[2023-11-01 12:01:41] | UserAccount_ID: 1 | UserID: 14 | Action: /admin-dashboard/week | 
[2023-11-01 12:01:45] | UserAccount_ID: 1 | UserID: 14 | Action: /admin-dashboard | 
[2023-11-01 12:01:50] | UserAccount_ID: 1 | UserID: 14 | Action: /admin-dashboard | 
[2023-11-01 12:01:51] | UserAccount_ID: 1 | UserID: 14 | Action: /admin-dashboard | 
[2023-11-01 12:02:31] | UserAccount_ID: 1 | UserID: 14 | Action: /admin-dashboard | 
[2023-11-01 12:02:35] | UserAccount_ID: 1 | UserID: 14 | Action: /admin-dashboard/week | 
[2023-11-01 12:02:39] | UserAccount_ID: 1 | UserID: 14 | Action: /admin-dashboard/maand | 
[2023-11-01 12:03:07] | UserAccount_ID: 1 | UserID: 14 | Action: /admin-dashboard/maand | 
[2023-11-01 12:03:10] | UserAccount_ID: 1 | UserID: 14 | Action: /admin-dashboard/altijd | 
[2023-11-01 12:03:15] | UserAccount_ID: 1 | UserID: 14 | Action: /admin-dashboard/altijd | 
[2023-11-01 12:03:38] | UserAccount_ID: 1 | UserID: 14 | Action: /admin-dashboard/altijd | 
[2023-11-01 12:04:17] | UserAccount_ID: 1 | UserID: 14 | Action: /admin-dashboard/altijd | 
[2023-11-01 12:04:21] | UserAccount_ID: 1 | UserID: 14 | Action: /admin-dashboard | 
[2023-11-01 12:04:36] | UserAccount_ID: 1 | UserID: 14 | Action: /admin-dashboard/week | 
[2023-11-01 12:04:50] | UserAccount_ID: 1 | UserID: 14 | Action: /admin-dashboard/maand | 
[2023-11-01 12:04:54] | UserAccount_ID: 1 | UserID: 14 | Action: /admin-dashboard/altijd | 
[2023-11-01 12:04:59] | UserAccount_ID: 1 | UserID: 14 | Action: /admin-dashboard | 
[2023-11-01 12:07:01] | UserAccount_ID: 1 | UserID: 14 | Action: /admin-dashboard | 
[2023-11-01 12:07:04] | UserAccount_ID: 1 | UserID: 14 | Action: /admin-dashboard/week | 
[2023-11-01 12:07:06] | UserAccount_ID: 1 | UserID: 14 | Action: /admin-dashboard/maand | 
[2023-11-01 12:07:09] | UserAccount_ID: 1 | UserID: 14 | Action: /admin-dashboard/week | 
[2023-11-01 12:07:13] | UserAccount_ID: 1 | UserID: 14 | Action: /admin-dashboard | 
[2023-11-01 12:07:14] | UserAccount_ID: 1 | UserID: 14 | Action: /admin-dashboard/week | 
[2023-11-01 12:07:22] | UserAccount_ID: 1 | UserID: 14 | Action: /admin-dashboard/maand | 
[2023-11-01 12:07:25] | UserAccount_ID: 1 | UserID: 14 | Action: /admin-dashboard/altijd | 
[2023-11-01 12:07:38] | UserAccount_ID: 1 | UserID: 14 | Action: /admin-dashboard | 
[2023-11-01 12:07:41] | UserAccount_ID: 1 | UserID: 14 | Action: /admin-dashboard/week | 
[2023-11-01 13:02:47] | UserAccount_ID: 1 | UserID: 14 | Action: /admin-dashboard | 
[2023-11-01 13:02:50] | UserAccount_ID: 1 | UserID: 14 | Action: /admin-dashboard/maand | 
[2023-11-01 13:03:29] | UserAccount_ID: 1 | UserID: 14 | Action: /admin-dashboard/altijd | 
[2023-11-01 13:03:46] | UserAccount_ID: 1 | UserID: 14 | Action: /admin-dashboard | 
[2023-11-01 13:05:10] | UserAccount_ID: 1 | UserID: 14 | Action: /admin-dashboard | 
[2023-11-01 13:05:11] | UserAccount_ID: 1 | UserID: 14 | Action: /admin-dashboard | 
[2023-11-01 13:05:21] | UserAccount_ID: 1 | UserID: 14 | Action: /admin-dashboard | 
[2023-11-01 13:05:22] | UserAccount_ID: 1 | UserID: 14 | Action: /admin-dashboard | 
[2023-11-01 13:05:23] | UserAccount_ID: 1 | UserID: 14 | Action: /admin-dashboard/altijd | 
[2023-11-01 13:05:26] | UserAccount_ID: 1 | UserID: 14 | Action: /admin-dashboard/altijd | 
[2023-11-01 13:05:31] | UserAccount_ID: 1 | UserID: 14 | Action: /admin-dashboard/altijd | 
[2023-11-01 13:05:41] | UserAccount_ID: 1 | UserID: 14 | Action: /admin-dashboard/altijd | 
[2023-11-01 13:05:45] | UserAccount_ID: 1 | UserID: 14 | Action: /admin-dashboard | 
[2023-11-01 13:14:12] | UserAccount_ID: 1 | UserID: 14 | Action: /admin-users | 
[2023-11-01 13:14:13] | UserAccount_ID: 1 | UserID: 14 | Action: /admin-dashboard | 
[2023-11-01 13:14:17] | UserAccount_ID: 1 | UserID: 14 | Action: /admin-dashboard | 
[2023-11-01 13:14:24] | UserAccount_ID: 1 | UserID: 14 | Action: /admin-dashboard/altijd | 
[2023-11-01 13:15:12] | UserAccount_ID: 1 | UserID: 14 | Action: /admin-dashboard/altijd | 
[2023-11-01 13:15:20] | UserAccount_ID: 1 | UserID: 14 | Action: /admin-dashboard/altijd | 
[2023-11-01 13:15:27] | UserAccount_ID: 1 | UserID: 14 | Action: /admin-users | 
[2023-11-01 13:15:27] | UserAccount_ID: 1 | UserID: 14 | Action: /admin-orders | 
[2023-11-01 13:22:01] | UserAccount_ID: 1 | UserID: 14 | Action: /admin-order-info/41 | 
[2023-11-01 13:22:55] | UserAccount_ID: 1 | UserID: 14 | Action: /admin-order-info/41 | 
[2023-11-01 13:23:15] | UserAccount_ID: 1 | UserID: 14 | Action: /admin-order-info/41 | 
[2023-11-01 14:05:47] | UserAccount_ID: 1 | UserID: 14 | Action: /admin-dashboard | 
[2023-11-01 14:05:51] | UserAccount_ID: 1 | UserID: 14 | Action: /admin-dashboard/maand | 
[2023-11-01 14:05:55] | UserAccount_ID: 1 | UserID: 14 | Action: /admin-dashboard/altijd | 
[2023-11-01 14:06:08] | UserAccount_ID: 1 | UserID: 14 | Action: /admin-dashboard/maand | 
[2023-11-01 14:06:16] | UserAccount_ID: 1 | UserID: 14 | Action: /admin-dashboard/week | 
[2023-11-01 14:06:21] | UserAccount_ID: 1 | UserID: 14 | Action: /admin-dashboard | 
[2023-11-01 14:09:36] | UserAccount_ID: 1 | UserID: 14 | Action: /admin-orders | 
[2023-11-01 14:09:37] | UserAccount_ID: 1 | UserID: 14 | Action: /admin-users | 
[2023-11-01 14:09:37] | UserAccount_ID: 1 | UserID: 14 | Action: /admin-dashboard | 
[2023-11-01 14:09:46] | UserAccount_ID: 1 | UserID: 14 | Action: /products | 
[2023-11-01 14:09:49] | UserAccount_ID: 1 | UserID: 14 | Action: /add-to-cart/1 | 
[2023-11-01 14:09:49] | UserAccount_ID: 1 | UserID: 14 | Action: /add-to-cart/1 | 
[2023-11-01 14:09:49] | UserAccount_ID: 1 | UserID: 14 | Action: /add-to-cart/1 | 
[2023-11-01 14:09:49] | UserAccount_ID: 1 | UserID: 14 | Action: /add-to-cart/1 | 
[2023-11-01 14:09:49] | UserAccount_ID: 1 | UserID: 14 | Action: /add-to-cart/1 | 
[2023-11-01 14:09:49] | UserAccount_ID: 1 | UserID: 14 | Action: /add-to-cart/1 | 
[2023-11-01 14:09:49] | UserAccount_ID: 1 | UserID: 14 | Action: /add-to-cart/1 | 
[2023-11-01 14:09:50] | UserAccount_ID: 1 | UserID: 14 | Action: /add-to-cart/1 | 
[2023-11-01 14:09:50] | UserAccount_ID: 1 | UserID: 14 | Action: /add-to-cart/1 | 
[2023-11-01 14:09:50] | UserAccount_ID: 1 | UserID: 14 | Action: /add-to-cart/1 | 
[2023-11-01 14:09:51] | UserAccount_ID: 1 | UserID: 14 | Action: /add-to-cart/4 | 
[2023-11-01 14:09:51] | UserAccount_ID: 1 | UserID: 14 | Action: /add-to-cart/4 | 
[2023-11-01 14:09:51] | UserAccount_ID: 1 | UserID: 14 | Action: /add-to-cart/4 | 
[2023-11-01 14:09:51] | UserAccount_ID: 1 | UserID: 14 | Action: /add-to-cart/4 | 
[2023-11-01 14:09:51] | UserAccount_ID: 1 | UserID: 14 | Action: /add-to-cart/4 | 
[2023-11-01 14:09:52] | UserAccount_ID: 1 | UserID: 14 | Action: /cart | 
[2023-11-01 14:09:54] | UserAccount_ID: 1 | UserID: 14 | Action: /checkout-order/false | 
[2023-11-01 14:09:54] | UserAccount_ID: 1 | UserID: 14 | Action: /payment/84/10000 | 
[2023-11-01 14:09:55] | UserAccount_ID: 1 | UserID: 14 | Action: /order-paid/84 | 
[2023-11-01 14:09:57] | UserAccount_ID: 1 | UserID: 14 | Action: /admin-dashboard | 
[2023-11-01 14:09:58] | UserAccount_ID: 1 | UserID: 14 | Action: /order | 
[2023-11-01 14:10:04] | UserAccount_ID: 1 | UserID: 14 | Action: /admin-dashboard | 
[2023-11-01 14:10:05] | UserAccount_ID: 1 | UserID: 14 | Action: /admin-dashboard | 
[2023-11-01 14:10:10] | UserAccount_ID: 1 | UserID: 14 | Action: /admin-dashboard/week | 
[2023-11-01 14:10:15] | UserAccount_ID: 1 | UserID: 14 | Action: /admin-dashboard | 
[2023-11-01 14:11:24] | UserAccount_ID: 1 | UserID: 14 | Action: /products | 
[2023-11-01 14:11:26] | UserAccount_ID: 1 | UserID: 14 | Action: /add-to-cart/4 | 
[2023-11-01 14:11:26] | UserAccount_ID: 1 | UserID: 14 | Action: /add-to-cart/4 | 
[2023-11-01 14:11:26] | UserAccount_ID: 1 | UserID: 14 | Action: /add-to-cart/4 | 
[2023-11-01 14:11:26] | UserAccount_ID: 1 | UserID: 14 | Action: /add-to-cart/4 | 
[2023-11-01 14:11:26] | UserAccount_ID: 1 | UserID: 14 | Action: /add-to-cart/4 | 
[2023-11-01 14:11:26] | UserAccount_ID: 1 | UserID: 14 | Action: /add-to-cart/4 | 
[2023-11-01 14:11:27] | UserAccount_ID: 1 | UserID: 14 | Action: /cart | 
[2023-11-01 14:11:28] | UserAccount_ID: 1 | UserID: 14 | Action: /checkout-order/false | 
[2023-11-01 14:11:28] | UserAccount_ID: 1 | UserID: 14 | Action: /payment/85/6000 | 
[2023-11-01 14:11:29] | UserAccount_ID: 1 | UserID: 14 | Action: /order-paid/85 | 
[2023-11-01 14:11:29] | UserAccount_ID: 1 | UserID: 14 | Action: /order-paid/85 | 
[2023-11-01 14:11:31] | UserAccount_ID: 1 | UserID: 14 | Action: /order-paid/85 | 
[2023-11-01 14:11:31] | UserAccount_ID: 1 | UserID: 14 | Action: /order-paid/85 | 
[2023-11-01 14:11:31] | UserAccount_ID: 1 | UserID: 14 | Action: /order-paid/85 | 
[2023-11-01 14:11:32] | UserAccount_ID: 1 | UserID: 14 | Action: /order-paid/85 | 
[2023-11-01 14:11:32] | UserAccount_ID: 1 | UserID: 14 | Action: /order-paid/85 | 
[2023-11-01 14:11:32] | UserAccount_ID: 1 | UserID: 14 | Action: /order | 
[2023-11-01 14:11:33] | UserAccount_ID: 1 | UserID: 14 | Action: /admin-dashboard | 
[2023-11-01 14:11:39] | UserAccount_ID: 1 | UserID: 14 | Action: /admin-dashboard/week | 
[2023-11-01 14:11:43] | UserAccount_ID: 1 | UserID: 14 | Action: /admin-dashboard | 
[2023-11-01 14:14:36] | UserAccount_ID: 1 | UserID: 14 | Action: /admin-orders | 
[2023-11-01 14:14:37] | UserAccount_ID: 1 | UserID: 14 | Action: /admin-users | 
[2023-11-01 14:14:38] | UserAccount_ID: 1 | UserID: 14 | Action: /admin-dashboard | 
[2023-11-01 14:14:48] | UserAccount_ID: 1 | UserID: 14 | Action: /admin-orders | 
[2023-11-01 14:14:49] | UserAccount_ID: 1 | UserID: 14 | Action: /admin-order-info/41 | 
[2023-11-01 14:15:59] | UserAccount_ID: 1 | UserID: 14 | Action: /admin-order-info/41 | 
[2023-11-01 14:16:24] | UserAccount_ID: 1 | UserID: 14 | Action: /admin-order-info/41 | 
[2023-11-01 14:18:08] | UserAccount_ID: 1 | UserID: 14 | Action: /admin-order-info/41 | 
[2023-11-01 14:18:45] | UserAccount_ID: 1 | UserID: 14 | Action: /admin-order-info/41 | 
[2023-11-01 14:19:20] | UserAccount_ID: 1 | UserID: 14 | Action: /admin-order-info/41 | 
[2023-11-01 14:19:27] | UserAccount_ID: 1 | UserID: 14 | Action: /admin-orders | 
[2023-11-01 14:19:29] | UserAccount_ID: 1 | UserID: 14 | Action: /admin-order-info/84 | 
[2023-11-01 14:19:46] | UserAccount_ID: 1 | UserID: 14 | Action: /admin-order-info/84 | 
[2023-11-01 14:19:51] | UserAccount_ID: 1 | UserID: 14 | Action: /admin-orders | 
[2023-11-01 14:19:53] | UserAccount_ID: 1 | UserID: 14 | Action: /admin-order-info/62 | 
[2023-11-01 14:20:00] | UserAccount_ID: 1 | UserID: 14 | Action: /admin-users | 
[2023-11-01 14:20:01] | UserAccount_ID: 1 | UserID: 14 | Action: /admin-dashboard | 
[2023-11-01 14:21:52] | UserAccount_ID: 1 | UserID: 14 | Action: /admin-orders | 
[2023-11-01 14:23:58] | UserAccount_ID: 1 | UserID: 14 | Action: /admin-orders | 
[2023-11-01 14:23:59] | UserAccount_ID: 1 | UserID: 14 | Action: /admin-products | 
[2023-11-01 14:25:42] | UserAccount_ID: 1 | UserID: 14 | Action: /admin-products | 
[2023-11-01 14:25:43] | UserAccount_ID: 1 | UserID: 14 | Action: /admin-products | 
[2023-11-01 14:25:48] | UserAccount_ID: 1 | UserID: 14 | Action: /admin-products | 
[2023-11-01 14:26:36] | UserAccount_ID: 1 | UserID: 14 | Action: /admin-products | 
[2023-11-01 14:27:00] | UserAccount_ID: 1 | UserID: 14 | Action: /admin-products | 
[2023-11-01 14:33:56] | UserAccount_ID: 1 | UserID: 14 | Action: /admin-products | 
[2023-11-01 14:33:58] | UserAccount_ID: 1 | UserID: 14 | Action: /admin-products | 
[2023-11-01 14:34:00] | UserAccount_ID: 1 | UserID: 14 | Action: /admin-products | 
[2023-11-01 14:34:25] | UserAccount_ID: 1 | UserID: 14 | Action: /admin-products | 
[2023-11-01 14:34:27] | UserAccount_ID: 1 | UserID: 14 | Action: /admin-coupons | 
[2023-11-01 14:35:02] | UserAccount_ID: 1 | UserID: 14 | Action: /admin-coupons | 
[2023-11-01 14:48:04] | UserAccount_ID: 1 | UserID: 14 | Action: /admin-coupons | 
[2023-11-01 14:48:05] | UserAccount_ID: 1 | UserID: 14 | Action: /admin-products | 
[2023-11-01 14:48:06] | UserAccount_ID: 1 | UserID: 14 | Action: /admin-orders | 
[2023-11-01 14:48:07] | UserAccount_ID: 1 | UserID: 14 | Action: /admin-users | 
[2023-11-01 14:48:08] | UserAccount_ID: 1 | UserID: 14 | Action: /admin-dashboard | 
[2023-11-01 14:48:29] | UserAccount_ID: 1 | UserID: 14 | Action: /admin-dashboard/week | 
[2023-11-01 14:48:32] | UserAccount_ID: 1 | UserID: 14 | Action: /admin-dashboard/maand | 
[2023-11-01 14:48:36] | UserAccount_ID: 1 | UserID: 14 | Action: /admin-dashboard/altijd | 
[2023-11-01 14:48:43] | UserAccount_ID: 1 | UserID: 14 | Action: /admin-orders | 
[2023-11-01 14:48:44] | UserAccount_ID: 1 | UserID: 14 | Action: /admin-users | 
[2023-11-01 14:48:44] | UserAccount_ID: 1 | UserID: 14 | Action: /admin-dashboard | 
[2023-11-01 14:57:15] | UserAccount_ID: 1 | UserID: 14 | Action: /admin-dashboard | 
[2023-11-01 14:57:15] | UserAccount_ID: 1 | UserID: 14 | Action: /admin-dashboard | 
[2023-11-01 14:57:58] | UserAccount_ID: 1 | UserID: 14 | Action: /admin-dashboard | 
[2023-11-01 14:58:00] | UserAccount_ID: 1 | UserID: 14 | Action: /admin-users | 
[2023-11-01 14:58:01] | UserAccount_ID: 1 | UserID: 14 | Action: /admin-dashboard | 
[2023-11-01 14:58:06] | UserAccount_ID: 1 | UserID: 14 | Action: /admin-products | 
[2023-11-01 14:58:11] | UserAccount_ID: 1 | UserID: 14 | Action: /admin-order-info/8 | 
[2023-11-01 14:58:13] | UserAccount_ID: 1 | UserID: 14 | Action: /admin-products | 
[2023-11-01 14:58:14] | UserAccount_ID: 1 | UserID: 14 | Action: /admin-dashboard | 
[2023-11-01 14:58:16] | UserAccount_ID: 1 | UserID: 14 | Action: /admin-products | 
[2023-11-01 14:58:18] | UserAccount_ID: 1 | UserID: 14 | Action: /admin-users | 
[2023-11-01 14:58:19] | UserAccount_ID: 1 | UserID: 14 | Action: /admin-user-info/14 | 
[2023-11-01 14:58:26] | UserAccount_ID: 1 | UserID: 14 | Action: /admin-orders | 
[2023-11-01 15:03:36] | UserAccount_ID: 1 | UserID: 14 | Action: /admin-orders | 
[2023-11-01 15:03:36] | UserAccount_ID: 1 | UserID: 14 | Action: /admin-products | 
[2023-11-01 15:03:38] | UserAccount_ID: 1 | UserID: 14 | Action: /admin-orders | 
[2023-11-01 15:03:38] | UserAccount_ID: 1 | UserID: 14 | Action: /admin-users | 
[2023-11-01 15:16:02] | UserAccount_ID: 1 | UserID: 14 | Action: /admin-users | 
[2023-11-01 15:16:47] | UserAccount_ID: 1 | UserID: 14 | Action: /admin-users | 
[2023-11-01 15:16:47] | UserAccount_ID: 1 | UserID: 14 | Action: /admin-users | 
[2023-11-01 15:16:48] | UserAccount_ID: 1 | UserID: 14 | Action: /admin-users | 
[2023-11-01 15:16:49] | UserAccount_ID: 1 | UserID: 14 | Action: /admin-users | 
[2023-11-01 15:16:56] | UserAccount_ID: 1 | UserID: 14 | Action: /admin-users | 
[2023-11-01 15:17:16] | UserAccount_ID: 1 | UserID: 14 | Action: /admin-users | 
[2023-11-01 15:17:37] | UserAccount_ID: 1 | UserID: 14 | Action: /order | 
[2023-11-01 15:17:38] | UserAccount_ID: 1 | UserID: 14 | Action: /admin-users | 
[2023-11-01 15:18:05] | UserAccount_ID: 1 | UserID: 14 | Action: /admin-users | 
[2023-11-01 15:18:12] | UserAccount_ID: 1 | UserID: 14 | Action: /admin-users | 
[2023-11-01 15:18:12] | UserAccount_ID: 1 | UserID: 14 | Action: /admin-users | 
[2023-11-01 15:18:17] | UserAccount_ID: 1 | UserID: 14 | Action: /admin-users | 
[2023-11-01 15:18:42] | UserAccount_ID: 1 | UserID: 14 | Action: /admin-users | 
[2023-11-01 15:18:46] | UserAccount_ID: 1 | UserID: 14 | Action: /admin-users | 
[2023-11-01 15:22:09] | UserAccount_ID: 1 | UserID: 14 | Action: /products | 
[2023-11-01 15:22:48] | UserAccount_ID: 1 | UserID: 14 | Action: /products | 
[2023-11-01 15:23:06] | UserAccount_ID: 1 | UserID: 14 | Action: /products | 
[2023-11-01 15:23:07] | UserAccount_ID: 1 | UserID: 14 | Action: /admin | 
[2023-11-01 15:23:09] | UserAccount_ID: 1 | UserID: 14 | Action: /products | 
[2023-11-01 15:23:11] | UserAccount_ID: 1 | UserID: 14 | Action: /admin | 
[2023-11-01 15:23:17] | UserAccount_ID: 1 | UserID: 14 | Action: /products | 
[2023-11-01 15:23:20] | UserAccount_ID: 1 | UserID: 14 | Action: /admin | 
[2023-11-01 15:23:22] | UserAccount_ID: 1 | UserID: 14 | Action: /products | 
[2023-11-01 15:23:27] | UserAccount_ID: 1 | UserID: 14 | Action: /admin | 
[2023-11-01 15:24:05] | UserAccount_ID: 1 | UserID: 14 | Action: /admin-users | 
[2023-11-01 15:24:18] | UserAccount_ID: 1 | UserID: 14 | Action: /admin-users | 
[2023-11-01 15:24:26] | UserAccount_ID: 1 | UserID: 14 | Action: /admin-users | 
[2023-11-01 15:24:28] | UserAccount_ID: 1 | UserID: 14 | Action: /admin-users | 
[2023-11-01 15:24:30] | UserAccount_ID: 1 | UserID: 14 | Action: /admin-orders | 
[2023-11-01 15:24:31] | UserAccount_ID: 1 | UserID: 14 | Action: /admin-products | 
[2023-11-01 15:24:32] | UserAccount_ID: 1 | UserID: 14 | Action: /admin-orders | 
[2023-11-01 15:24:32] | UserAccount_ID: 1 | UserID: 14 | Action: /admin-user-info/14 | 
[2023-11-01 15:24:34] | UserAccount_ID: 1 | UserID: 14 | Action: /admin | 
[2023-11-01 15:24:37] | UserAccount_ID: 1 | UserID: 14 | Action: /products | 
[2023-11-01 15:24:58] | UserAccount_ID: 1 | UserID: 14 | Action: /products | 
[2023-11-01 15:24:58] | UserAccount_ID: 1 | UserID: 14 | Action: /admin | 
[2023-11-01 15:25:17] | UserAccount_ID: 1 | UserID: 14 | Action: /admin | 
[2023-11-01 15:25:19] | UserAccount_ID: 1 | UserID: 14 | Action: / | 
[2023-11-01 15:25:19] | UserAccount_ID: 1 | UserID: 14 | Action: /admin | 
[2023-11-01 15:25:20] | UserAccount_ID: 1 | UserID: 14 | Action: / | 
[2023-11-01 15:25:22] | UserAccount_ID: 1 | UserID: 14 | Action: /admin | 
[2023-11-01 15:25:24] | UserAccount_ID: 1 | UserID: 14 | Action: / | 
[2023-11-01 15:25:24] | UserAccount_ID: 1 | UserID: 14 | Action: /admin | 
[2023-11-01 15:25:52] | UserAccount_ID: 1 | UserID: 14 | Action: /admin-user-info/14 | 
[2023-11-01 15:25:54] | UserAccount_ID: 1 | UserID: 14 | Action: / | 
[2023-11-01 15:25:55] | UserAccount_ID: 1 | UserID: 14 | Action: /admin | 
[2023-11-01 15:25:57] | UserAccount_ID: 1 | UserID: 14 | Action: / | 
[2023-11-01 15:26:07] | UserAccount_ID: 1 | UserID: 14 | Action: / | 
[2023-11-01 15:26:11] | UserAccount_ID: 1 | UserID: 14 | Action: /admin | 
[2023-11-01 15:26:15] | UserAccount_ID: 1 | UserID: 14 | Action: /admin-dashboard/week | 
[2023-11-01 15:26:16] | UserAccount_ID: 1 | UserID: 14 | Action: / | 
[2023-11-01 15:26:17] | UserAccount_ID: 1 | UserID: 14 | Action: /admin | 
[2023-11-01 15:26:19] | UserAccount_ID: 1 | UserID: 14 | Action: /logout | 
[2023-11-01 15:26:19] | UserAccount_ID: 1 | UserID: NULL | Action: /login | 
[2023-11-01 15:26:20] | UserAccount_ID: 1 | UserID: NULL | Action: /admin | 
[2023-11-01 15:26:20] | UserAccount_ID: 1 | UserID: NULL | Action: /admin-login | 
[2023-11-01 15:26:25] | UserAccount_ID: 1 | UserID: NULL | Action: /admin-login | 
[2023-11-01 15:26:26] | UserAccount_ID: 1 | UserID: NULL | Action: /admin-login | 
[2023-11-01 15:26:54] | UserAccount_ID: 1 | UserID: NULL | Action: /admin-login | 
[2023-11-01 15:26:56] | UserAccount_ID: 1 | UserID: NULL | Action: / | 
[2023-11-01 15:26:57] | UserAccount_ID: 1 | UserID: NULL | Action: /admin | 
[2023-11-01 15:26:57] | UserAccount_ID: 1 | UserID: NULL | Action: /admin | 
[2023-11-01 15:26:57] | UserAccount_ID: 1 | UserID: NULL | Action: /admin-login | 
[2023-11-01 15:26:58] | UserAccount_ID: 1 | UserID: NULL | Action: / | 
[2023-11-01 15:26:58] | UserAccount_ID: 1 | UserID: NULL | Action: /admin | 
[2023-11-01 15:26:58] | UserAccount_ID: 1 | UserID: NULL | Action: /admin-login | 
[2023-11-01 15:27:02] | UserAccount_ID: 1 | UserID: NULL | Action: /admin-login | email: test@gmail.com | password: ******** | 
[2023-11-01 15:27:02] | UserAccount_ID: 1 | UserID: NULL | Action: /admin-dashboard | 
[2023-11-01 15:27:06] | UserAccount_ID: 1 | UserID: NULL | Action: / | 
[2023-11-01 15:27:09] | UserAccount_ID: 1 | UserID: NULL | Action: /login | 
[2023-11-01 15:27:16] | UserAccount_ID: 1 | UserID: NULL | Action: /login | email: test@gmail.com | password: ******** | 
[2023-11-01 15:27:17] | UserAccount_ID: 1 | UserID: 14 | Action: / | 
[2023-11-01 15:27:21] | UserAccount_ID: 1 | UserID: 14 | Action: /admin | 
[2023-11-01 15:27:53] | UserAccount_ID: 1 | UserID: 14 | Action: /admin | 
[2023-11-01 15:27:59] | UserAccount_ID: 1 | UserID: 14 | Action: / | 
[2023-11-01 15:28:00] | UserAccount_ID: 1 | UserID: 14 | Action: /admin | 
[2023-11-01 15:28:14] | UserAccount_ID: 1 | UserID: 14 | Action: /admin-orders | 
[2023-11-01 15:28:15] | UserAccount_ID: 1 | UserID: 14 | Action: /admin-products | 
[2023-11-01 15:28:16] | UserAccount_ID: 1 | UserID: 14 | Action: /admin-coupons | 
[2023-11-01 15:28:17] | UserAccount_ID: 1 | UserID: 14 | Action: /admin-products | 
[2023-11-01 15:28:18] | UserAccount_ID: 1 | UserID: 14 | Action: /admin-orders | 
[2023-11-01 15:28:18] | UserAccount_ID: 1 | UserID: 14 | Action: /admin-users | 
[2023-11-01 15:28:19] | UserAccount_ID: 1 | UserID: 14 | Action: /admin-dashboard | 
[2023-11-01 15:28:36] | UserAccount_ID: 1 | UserID: 14 | Action: /admin-dashboard | 
[2023-11-01 15:28:38] | UserAccount_ID: 1 | UserID: 14 | Action: /admin-coupons | 
[2023-11-01 15:28:39] | UserAccount_ID: 1 | UserID: 14 | Action: /admin-products | 
[2023-11-01 15:28:39] | UserAccount_ID: 1 | UserID: 14 | Action: /admin-orders | 
[2023-11-01 15:28:40] | UserAccount_ID: 1 | UserID: 14 | Action: /admin-users | 
[2023-11-01 15:28:41] | UserAccount_ID: 1 | UserID: 14 | Action: /admin-dashboard | 
[2023-11-01 15:28:49] | UserAccount_ID: 1 | UserID: 14 | Action: /admin-dashboard/week | 
[2023-11-01 15:28:52] | UserAccount_ID: 1 | UserID: 14 | Action: /admin-dashboard/maand | 
[2023-11-01 15:28:56] | UserAccount_ID: 1 | UserID: 14 | Action: /admin-dashboard/altijd | 
[2023-11-01 15:32:37] | UserAccount_ID: 1 | UserID: 14 | Action: / | 
[2023-11-01 15:32:40] | UserAccount_ID: 1 | UserID: 14 | Action: /admin | 
[2023-11-01 15:32:41] | UserAccount_ID: 1 | UserID: 14 | Action: /admin-admins | 
[2023-11-01 15:32:53] | UserAccount_ID: 1 | UserID: 14 | Action: /admin-admins | 
[2023-11-01 15:33:10] | UserAccount_ID: 1 | UserID: 14 | Action: /admin-admins | 
[2023-11-01 15:33:10] | UserAccount_ID: 1 | UserID: 14 | Action: /admin | 
[2023-11-01 15:33:18] | UserAccount_ID: 1 | UserID: 14 | Action: /admin-admins | 
[2023-11-01 15:33:18] | UserAccount_ID: 1 | UserID: 14 | Action: /admin | 
[2023-11-01 15:35:03] | UserAccount_ID: 1 | UserID: 14 | Action: /admin-admins | 
[2023-11-01 15:35:03] | UserAccount_ID: 1 | UserID: 14 | Action: /admin | 
[2023-11-01 15:35:57] | UserAccount_ID: 1 | UserID: 14 | Action: /admin | 
[2023-11-01 15:36:09] | UserAccount_ID: 1 | UserID: 14 | Action: /admin | 
[2023-11-01 15:36:17] | UserAccount_ID: 1 | UserID: 14 | Action: /admin | 
[2023-11-01 15:36:22] | UserAccount_ID: 1 | UserID: 14 | Action: /admin | 
[2023-11-01 15:37:09] | UserAccount_ID: 1 | UserID: 14 | Action: /admin-settings | 
[2023-11-01 15:37:11] | UserAccount_ID: 1 | UserID: 14 | Action: /admin-settings | 
[2023-11-01 15:37:17] | UserAccount_ID: 1 | UserID: 14 | Action: /admin-settings | 
[2023-11-01 15:37:17] | UserAccount_ID: 1 | UserID: 14 | Action: /admin | 
[2023-11-01 15:39:46] | UserAccount_ID: 1 | UserID: 14 | Action: /admin | 
