[2023-11-02 08:43:32] | UserAccount_ID: 1 | UserID: NULL | Action: / | 
[2023-11-02 08:43:37] | UserAccount_ID: 1 | UserID: NULL | Action: /admin | 
[2023-11-02 08:43:37] | UserAccount_ID: 1 | UserID: NULL | Action: /admin-login | 
[2023-11-02 08:43:43] | UserAccount_ID: 1 | UserID: NULL | Action: /admin-login | email: test@gmail.com | password: ******** | 
[2023-11-02 08:43:44] | UserAccount_ID: 1 | UserID: NULL | Action: /admin-dashboard | 
[2023-11-02 08:43:51] | UserAccount_ID: 1 | UserID: NULL | Action: /admin-dashboard | 
[2023-11-02 08:43:58] | UserAccount_ID: 1 | UserID: NULL | Action: / | 
[2023-11-02 08:43:59] | UserAccount_ID: 1 | UserID: NULL | Action: /add-to-cart/5 | 
[2023-11-02 08:44:01] | UserAccount_ID: 1 | UserID: NULL | Action: /cart | 
[2023-11-02 08:44:02] | UserAccount_ID: 1 | UserID: NULL | Action: /login | 
[2023-11-02 08:44:07] | UserAccount_ID: 1 | UserID: NULL | Action: /login | email: test@gmail.com | password: ******** | 
[2023-11-02 08:44:07] | UserAccount_ID: 1 | UserID: 14 | Action: / | 
[2023-11-02 08:44:11] | UserAccount_ID: 1 | UserID: 14 | Action: /admin-dashboard | 
[2023-11-02 08:44:18] | UserAccount_ID: 1 | UserID: 14 | Action: /admin-dashboard | 
[2023-11-02 08:44:19] | UserAccount_ID: 1 | UserID: 14 | Action: /admin-dashboard | 
[2023-11-02 08:44:22] | UserAccount_ID: 1 | UserID: 14 | Action: /admin-dashboard/week | 
[2023-11-02 08:44:24] | UserAccount_ID: 1 | UserID: 14 | Action: /admin-dashboard | 
[2023-11-02 08:44:28] | UserAccount_ID: 1 | UserID: 14 | Action: /ordered | 
[2023-11-02 08:44:34] | UserAccount_ID: 1 | UserID: 14 | Action: /products | 
[2023-11-02 08:44:36] | UserAccount_ID: 1 | UserID: 14 | Action: /add-to-cart/15 | 
[2023-11-02 08:44:36] | UserAccount_ID: 1 | UserID: 14 | Action: /add-to-cart/15 | 
[2023-11-02 08:44:36] | UserAccount_ID: 1 | UserID: 14 | Action: /add-to-cart/15 | 
[2023-11-02 08:44:36] | UserAccount_ID: 1 | UserID: 14 | Action: /cart | 
[2023-11-02 08:44:37] | UserAccount_ID: 1 | UserID: 14 | Action: /checkout-order/false | 
[2023-11-02 08:44:37] | UserAccount_ID: 1 | UserID: 14 | Action: /payment/86/470 | 
[2023-11-02 08:44:38] | UserAccount_ID: 1 | UserID: 14 | Action: /order-paid/86 | 
[2023-11-02 08:44:41] | UserAccount_ID: 1 | UserID: 14 | Action: /admin-dashboard | 
[2023-11-02 08:44:41] | UserAccount_ID: 1 | UserID: 14 | Action: /order | 
[2023-11-02 08:44:54] | UserAccount_ID: 1 | UserID: 14 | Action: /admin-dashboard/week | 
[2023-11-02 08:44:57] | UserAccount_ID: 1 | UserID: 14 | Action: /admin-dashboard | 
[2023-11-02 08:46:04] | UserAccount_ID: 1 | UserID: 14 | Action: /admin-users | 
[2023-11-02 08:46:05] | UserAccount_ID: 1 | UserID: 14 | Action: /admin-user-info/14 | 
[2023-11-02 08:46:06] | UserAccount_ID: 1 | UserID: 14 | Action: /admin-orders | 
[2023-11-02 08:46:07] | UserAccount_ID: 1 | UserID: 14 | Action: /admin-order-info/41 | 
[2023-11-02 08:46:10] | UserAccount_ID: 1 | UserID: 14 | Action: /admin-dashboard | 
[2023-11-02 08:46:11] | UserAccount_ID: 1 | UserID: 14 | Action: /admin-users | 
[2023-11-02 08:46:11] | UserAccount_ID: 1 | UserID: 14 | Action: /admin-orders | 
[2023-11-02 08:46:11] | UserAccount_ID: 1 | UserID: 14 | Action: /admin-products | 
[2023-11-02 08:46:13] | UserAccount_ID: 1 | UserID: 14 | Action: /admin-order-info/1 | 
[2023-11-02 08:46:14] | UserAccount_ID: 1 | UserID: 14 | Action: /admin-products | 
[2023-11-02 08:47:19] | UserAccount_ID: 1 | UserID: 14 | Action: /admin-products | 
[2023-11-02 08:47:44] | UserAccount_ID: 1 | UserID: 14 | Action: /admin-products | 
[2023-11-02 08:47:50] | UserAccount_ID: 1 | UserID: 14 | Action: /admin-products | 
[2023-11-02 08:48:02] | UserAccount_ID: 1 | UserID: 14 | Action: /products | 
[2023-11-02 08:48:06] | UserAccount_ID: 1 | UserID: 14 | Action: /add-to-cart/16 | 
[2023-11-02 08:48:10] | UserAccount_ID: 1 | UserID: 14 | Action: /admin-products | 
[2023-11-02 08:48:10] | UserAccount_ID: 1 | UserID: 14 | Action: /admin-coupons | 
[2023-11-02 08:48:11] | UserAccount_ID: 1 | UserID: 14 | Action: /admin-products | 
[2023-11-02 08:48:16] | UserAccount_ID: 1 | UserID: 14 | Action: /admin-orders | 
[2023-11-02 08:48:18] | UserAccount_ID: 1 | UserID: 14 | Action: /does-order-exist/1 | 
[2023-11-02 08:48:18] | UserAccount_ID: 1 | UserID: 14 | Action: /does-order-exist/1 | 
[2023-11-02 08:48:18] | UserAccount_ID: 1 | UserID: 14 | Action: /does-order-exist/1 | 
[2023-11-02 08:48:19] | UserAccount_ID: 1 | UserID: 14 | Action: /admin-products | 
[2023-11-02 08:59:01] | UserAccount_ID: 1 | UserID: 14 | Action: /admin-products | 
[2023-11-02 08:59:26] | UserAccount_ID: 1 | UserID: 14 | Action: /admin-products | 
[2023-11-02 09:00:49] | UserAccount_ID: 1 | UserID: 14 | Action: /admin-products | 
[2023-11-02 09:00:51] | UserAccount_ID: 1 | UserID: 14 | Action: /does-product-exist/211323 | 
[2023-11-02 09:00:55] | UserAccount_ID: 1 | UserID: 14 | Action: /does-product-exist/211323 | 
[2023-11-02 09:05:20] | UserAccount_ID: 1 | UserID: 14 | Action: /admin-products | 
[2023-11-02 09:05:23] | UserAccount_ID: 1 | UserID: 14 | Action: /does-product-exist/1 | 
[2023-11-02 09:05:23] | UserAccount_ID: 1 | UserID: 14 | Action: /admin-product-info/1 | 
[2023-11-02 09:05:53] | UserAccount_ID: 1 | UserID: 14 | Action: /admin-product-info/1 | 
[2023-11-02 09:05:54] | UserAccount_ID: 1 | UserID: 14 | Action: /admin-product-info/1 | 
[2023-11-02 09:05:54] | UserAccount_ID: 1 | UserID: 14 | Action: /admin-product-info/1 | 
[2023-11-02 09:06:20] | UserAccount_ID: 1 | UserID: 14 | Action: /admin-product-info/1 | 
[2023-11-02 09:06:21] | UserAccount_ID: 1 | UserID: 14 | Action: /admin-product-info/1 | 
[2023-11-02 09:06:34] | UserAccount_ID: 1 | UserID: 14 | Action: /admin-product-info/1 | 
[2023-11-02 09:06:35] | UserAccount_ID: 1 | UserID: 14 | Action: /admin-product-info/1 | 
[2023-11-02 09:06:41] | UserAccount_ID: 1 | UserID: 14 | Action: /admin-product-info/1 | 
[2023-11-02 09:13:59] | UserAccount_ID: 1 | UserID: 14 | Action: /admin-product-info/1 | 
[2023-11-02 09:14:48] | UserAccount_ID: 1 | UserID: 14 | Action: /admin-product-info/1 | 
[2023-11-02 09:14:53] | UserAccount_ID: 1 | UserID: 14 | Action: /disable-product/1 | 
[2023-11-02 09:14:53] | UserAccount_ID: 1 | UserID: 14 | Action: /admin-product-info/1 | 
[2023-11-02 09:14:55] | UserAccount_ID: 1 | UserID: 14 | Action: /enable-product/1 | 
[2023-11-02 09:14:55] | UserAccount_ID: 1 | UserID: 14 | Action: /admin-product-info/1 | 
[2023-11-02 09:24:02] | UserAccount_ID: 1 | UserID: 14 | Action: /admin-product-info/1 | 
[2023-11-02 09:24:08] | UserAccount_ID: 1 | UserID: 14 | Action: /edit-product-data | product_id: 1 | name: Smartphonee | image: smartphone.png | description: smartphone | cate: Home Items | 
[2023-11-02 09:25:09] | UserAccount_ID: 1 | UserID: 14 | Action: /edit-product-data | product_id: 1 | name: Smartphonee | image: smartphone.png | description: smartphone | cate: Home Items | 
[2023-11-02 09:25:12] | UserAccount_ID: 1 | UserID: 14 | Action: /admin-product-info/1 | 
[2023-11-02 09:25:16] | UserAccount_ID: 1 | UserID: 14 | Action: /edit-product-data | product_id: 1 | name: eSmartphone | image: smartphone.png | description: smartphone | cate: Home Items | 
[2023-11-02 09:27:10] | UserAccount_ID: 1 | UserID: 14 | Action: /edit-product-data | product_id: 1 | name: eSmartphone | image: smartphone.png | description: smartphone | cate: Home Items | 
[2023-11-02 09:27:10] | UserAccount_ID: 1 | UserID: 14 | Action: /admin-product-info/1 | 
[2023-11-02 09:27:13] | UserAccount_ID: 1 | UserID: 14 | Action: /admin-product-info/1 | 
[2023-11-02 09:27:24] | UserAccount_ID: 1 | UserID: 14 | Action: /admin-product-info/1 | 
[2023-11-02 09:27:26] | UserAccount_ID: 1 | UserID: 14 | Action: /admin-products | 
[2023-11-02 09:27:27] | UserAccount_ID: 1 | UserID: 14 | Action: /admin-order-info/2 | 
[2023-11-02 09:27:29] | UserAccount_ID: 1 | UserID: 14 | Action: /admin-products | 
[2023-11-02 09:27:30] | UserAccount_ID: 1 | UserID: 14 | Action: /does-product-exist/2 | 
[2023-11-02 09:27:30] | UserAccount_ID: 1 | UserID: 14 | Action: /admin-product-info/2 | 
[2023-11-02 09:27:36] | UserAccount_ID: 1 | UserID: 14 | Action: /edit-product-data | product_id: 2 | name: Tablet | image: tablet.jpeg | description: A high-resolution tablet for productivity | price: 310 | cate: Home Items | 
[2023-11-02 09:27:36] | UserAccount_ID: 1 | UserID: 14 | Action: /admin-product-info/2 | 
[2023-11-02 09:27:38] | UserAccount_ID: 1 | UserID: 14 | Action: /admin-product-info/2 | 
[2023-11-02 09:27:43] | UserAccount_ID: 1 | UserID: 14 | Action: /admin-orders | 
[2023-11-02 09:27:45] | UserAccount_ID: 1 | UserID: 14 | Action: /admin-products | 
[2023-11-02 09:27:58] | UserAccount_ID: 1 | UserID: 14 | Action: /admin-products | 
[2023-11-02 09:27:59] | UserAccount_ID: 1 | UserID: 14 | Action: /admin-product-info/3 | 
[2023-11-02 09:35:29] | UserAccount_ID: 1 | UserID: 14 | Action: /admin-product-info/3 | 
[2023-11-02 09:35:30] | UserAccount_ID: 1 | UserID: 14 | Action: /admin-product-info/3 | 
[2023-11-02 09:35:37] | UserAccount_ID: 1 | UserID: 14 | Action: /admin-product-info/3 | 
[2023-11-02 09:35:38] | UserAccount_ID: 1 | UserID: 14 | Action: /admin-product-info/3 | 
[2023-11-02 09:35:39] | UserAccount_ID: 1 | UserID: 14 | Action: /admin-product-info/3 | 
[2023-11-02 09:36:00] | UserAccount_ID: 1 | UserID: 14 | Action: /admin-product-info/3 | 
[2023-11-02 09:37:10] | UserAccount_ID: 1 | UserID: 14 | Action: /admin-product-info/3 | 
[2023-11-02 09:37:11] | UserAccount_ID: 1 | UserID: 14 | Action: /admin-product-info/3 | 
[2023-11-02 09:37:11] | UserAccount_ID: 1 | UserID: 14 | Action: /admin-product-info/3 | 
[2023-11-02 09:37:11] | UserAccount_ID: 1 | UserID: 14 | Action: /admin-product-info/3 | 
[2023-11-02 09:37:11] | UserAccount_ID: 1 | UserID: 14 | Action: /admin-product-info/3 | 
[2023-11-02 09:38:08] | UserAccount_ID: 1 | UserID: 14 | Action: /admin-product-info/3 | 
[2023-11-02 09:38:09] | UserAccount_ID: 1 | UserID: 14 | Action: /admin-product-info/3 | 
[2023-11-02 09:38:09] | UserAccount_ID: 1 | UserID: 14 | Action: /admin-product-info/3 | 
[2023-11-02 09:38:32] | UserAccount_ID: 1 | UserID: 14 | Action: /admin-product-info/3 | 
[2023-11-02 09:38:48] | UserAccount_ID: 1 | UserID: 14 | Action: /admin-product-info/3 | 
[2023-11-02 09:39:02] | UserAccount_ID: 1 | UserID: 14 | Action: /admin-product-info/3 | 
[2023-11-02 09:39:09] | UserAccount_ID: 1 | UserID: 14 | Action: /admin-product-info/3 | 
[2023-11-02 09:39:45] | UserAccount_ID: 1 | UserID: 14 | Action: /admin-product-info/3 | 
[2023-11-02 09:39:45] | UserAccount_ID: 1 | UserID: 14 | Action: /admin-product-info/3 | 
[2023-11-02 09:39:46] | UserAccount_ID: 1 | UserID: 14 | Action: /admin-product-info/3 | 
[2023-11-02 09:40:07] | UserAccount_ID: 1 | UserID: 14 | Action: /admin-product-info/3 | 
[2023-11-02 09:40:52] | UserAccount_ID: 1 | UserID: 14 | Action: /admin-product-info/3 | 
[2023-11-02 09:40:57] | UserAccount_ID: 1 | UserID: 14 | Action: /edit-product-data | product_id: 3 | name: Smartwatch | image: smartwatch.png | description: Track your fitness and receive notifications | price: 150 | cate: Smart Devices | 
[2023-11-02 09:40:57] | UserAccount_ID: 1 | UserID: 14 | Action: /admin-product-info/3 | 
[2023-11-02 09:41:48] | UserAccount_ID: 1 | UserID: 14 | Action: /admin-product-info/3 | 
[2023-11-02 09:41:49] | UserAccount_ID: 1 | UserID: 14 | Action: /admin-dashboard | 
[2023-11-02 09:41:52] | UserAccount_ID: 1 | UserID: 14 | Action: /products | 
[2023-11-02 09:42:08] | UserAccount_ID: 1 | UserID: 14 | Action: /products | 
[2023-11-02 09:42:09] | UserAccount_ID: 1 | UserID: 14 | Action: /products | 
[2023-11-02 09:42:35] | UserAccount_ID: 1 | UserID: 14 | Action: /products | 
[2023-11-02 09:42:53] | UserAccount_ID: 1 | UserID: 14 | Action: /products | 
[2023-11-02 09:42:59] | UserAccount_ID: 1 | UserID: 14 | Action: /products | 
[2023-11-02 09:43:01] | UserAccount_ID: 1 | UserID: 14 | Action: /admin-products | 
[2023-11-02 09:43:04] | UserAccount_ID: 1 | UserID: 14 | Action: /admin-product-info/6 | 
[2023-11-02 09:43:07] | UserAccount_ID: 1 | UserID: 14 | Action: /disable-product/6 | 
[2023-11-02 09:43:07] | UserAccount_ID: 1 | UserID: 14 | Action: /admin-product-info/6 | 
[2023-11-02 09:43:10] | UserAccount_ID: 1 | UserID: 14 | Action: /products | 
[2023-11-02 09:43:10] | UserAccount_ID: 1 | UserID: 14 | Action: /products | 
[2023-11-02 09:43:18] | UserAccount_ID: 1 | UserID: 14 | Action: /products | 
[2023-11-02 09:43:19] | UserAccount_ID: 1 | UserID: 14 | Action: /products | 
[2023-11-02 09:43:20] | UserAccount_ID: 1 | UserID: 14 | Action: /products | 
[2023-11-02 09:43:20] | UserAccount_ID: 1 | UserID: 14 | Action: /products | 
[2023-11-02 09:43:21] | UserAccount_ID: 1 | UserID: 14 | Action: /products | 
[2023-11-02 09:44:02] | UserAccount_ID: 1 | UserID: 14 | Action: /products | 
[2023-11-02 09:44:12] | UserAccount_ID: 1 | UserID: 14 | Action: /admin-product-info/6 | 
[2023-11-02 09:44:16] | UserAccount_ID: 1 | UserID: 14 | Action: /disable-product/6 | 
[2023-11-02 09:44:16] | UserAccount_ID: 1 | UserID: 14 | Action: /admin-product-info/6 | 
[2023-11-02 09:44:23] | UserAccount_ID: 1 | UserID: 14 | Action: /enable-product/6 | 
[2023-11-02 09:44:23] | UserAccount_ID: 1 | UserID: 14 | Action: /admin-product-info/6 | 
[2023-11-02 09:44:29] | UserAccount_ID: 1 | UserID: 14 | Action: /admin-product-info/6 | 
[2023-11-02 09:44:30] | UserAccount_ID: 1 | UserID: 14 | Action: /products | 
[2023-11-02 09:44:36] | UserAccount_ID: 1 | UserID: 14 | Action: /disable-product/6 | 
[2023-11-02 09:44:36] | UserAccount_ID: 1 | UserID: 14 | Action: /admin-product-info/6 | 
[2023-11-02 09:44:37] | UserAccount_ID: 1 | UserID: 14 | Action: /products | 
[2023-11-02 09:44:41] | UserAccount_ID: 1 | UserID: 14 | Action: /enable-product/6 | 
[2023-11-02 09:44:41] | UserAccount_ID: 1 | UserID: 14 | Action: /admin-product-info/6 | 
[2023-11-02 09:44:43] | UserAccount_ID: 1 | UserID: 14 | Action: /products | 
[2023-11-02 09:44:48] | UserAccount_ID: 1 | UserID: 14 | Action: /products | 
[2023-11-02 09:46:08] | UserAccount_ID: 1 | UserID: 14 | Action: /admin-products | 
[2023-11-02 09:46:09] | UserAccount_ID: 1 | UserID: 14 | Action: /admin-admins | 
[2023-11-02 09:46:09] | UserAccount_ID: 1 | UserID: 14 | Action: /admin-settings | 
[2023-11-02 09:46:10] | UserAccount_ID: 1 | UserID: 14 | Action: /admin-coupons | 
[2023-11-02 09:46:11] | UserAccount_ID: 1 | UserID: 14 | Action: /admin-products | 
[2023-11-02 09:46:12] | UserAccount_ID: 1 | UserID: 14 | Action: /admin-orders | 
[2023-11-02 09:46:13] | UserAccount_ID: 1 | UserID: 14 | Action: /admin-products | 
[2023-11-02 09:46:24] | UserAccount_ID: 1 | UserID: 14 | Action: /products | 
[2023-11-02 09:46:26] | UserAccount_ID: 1 | UserID: 14 | Action: /admin-products | 
[2023-11-02 09:46:30] | UserAccount_ID: 1 | UserID: 14 | Action: /admin-product-info/24 | 
[2023-11-02 09:53:44] | UserAccount_ID: 1 | UserID: 14 | Action: /admin-product-info/24 | 
[2023-11-02 10:03:43] | UserAccount_ID: 1 | UserID: 14 | Action: /admin-product-info/24 | 
[2023-11-02 10:03:45] | UserAccount_ID: 1 | UserID: 14 | Action: /admin-admins | 
[2023-11-02 10:04:06] | UserAccount_ID: 1 | UserID: 14 | Action: /admin-admins | 
[2023-11-02 10:04:18] | UserAccount_ID: 1 | UserID: 14 | Action: /admin-admins | 
[2023-11-02 10:04:19] | UserAccount_ID: 1 | UserID: 14 | Action: /admin-admins | 
[2023-11-02 10:04:24] | UserAccount_ID: 1 | UserID: 14 | Action: /admin-admins | 
[2023-11-02 10:04:32] | UserAccount_ID: 1 | UserID: 14 | Action: /admin-products | 
[2023-11-02 10:04:33] | UserAccount_ID: 1 | UserID: 14 | Action: /admin-orders | 
[2023-11-02 10:04:35] | UserAccount_ID: 1 | UserID: 14 | Action: /admin-dashboard | 
[2023-11-02 10:08:28] | UserAccount_ID: 1 | UserID: 14 | Action: /admin-products | 
[2023-11-02 10:08:29] | UserAccount_ID: 1 | UserID: 14 | Action: /admin-settings | 
[2023-11-02 10:08:29] | UserAccount_ID: 1 | UserID: 14 | Action: /admin-admins | 
[2023-11-02 10:13:31] | UserAccount_ID: 1 | UserID: 14 | Action: /admin-admins | 
[2023-11-02 10:13:56] | UserAccount_ID: 1 | UserID: 14 | Action: /admin-admins-info/1 | 
[2023-11-02 10:14:09] | UserAccount_ID: 1 | UserID: 14 | Action: /admin-admins-info/1 | 
[2023-11-02 10:16:22] | UserAccount_ID: 1 | UserID: 14 | Action: /admin-admins-info/1 | 
[2023-11-02 10:16:25] | UserAccount_ID: 1 | UserID: 14 | Action: /edit-admin-data | admin_ID: 1 | email: test@gmail.com | username: Tijmen1 | street: 2 | 
[2023-11-02 10:17:38] | UserAccount_ID: 1 | UserID: 14 | Action: /edit-admin-data | admin_ID: 1 | email: test@gmail.com | username: Tijmen1 | street: 2 | 
[2023-11-02 10:17:46] | UserAccount_ID: 1 | UserID: 14 | Action: /edit-admin-data | admin_ID: 1 | email: test@gmail.com | username: Tijmen1 | street: 2 | 
[2023-11-02 10:17:47] | UserAccount_ID: 1 | UserID: 14 | Action: /edit-admin-data | admin_ID: 1 | email: test@gmail.com | username: Tijmen1 | street: 2 | 
[2023-11-02 10:17:54] | UserAccount_ID: 1 | UserID: 14 | Action: /edit-admin-data | admin_ID: 1 | email: test@gmail.com | username: Tijmen1 | street: 2 | 
[2023-11-02 10:17:55] | UserAccount_ID: 1 | UserID: 14 | Action: /edit-admin-data | admin_ID: 1 | email: test@gmail.com | username: Tijmen1 | street: 2 | 
[2023-11-02 10:18:13] | UserAccount_ID: 1 | UserID: 14 | Action: /edit-admin-data | admin_ID: 1 | email: test@gmail.com | username: Tijmen1 | street: 2 | 
[2023-11-02 10:18:48] | UserAccount_ID: 1 | UserID: 14 | Action: /edit-admin-data | admin_ID: 1 | email: test@gmail.com | username: Tijmen1 | street: 2 | 
[2023-11-02 10:18:49] | UserAccount_ID: 1 | UserID: 14 | Action: /edit-admin-data | admin_ID: 1 | email: test@gmail.com | username: Tijmen1 | street: 2 | 
[2023-11-02 10:18:49] | UserAccount_ID: 1 | UserID: 14 | Action: /edit-admin-data | admin_ID: 1 | email: test@gmail.com | username: Tijmen1 | street: 2 | 
[2023-11-02 10:18:57] | UserAccount_ID: 1 | UserID: 14 | Action: /edit-admin-data | admin_ID: 1 | email: test@gmail.com | username: Tijmen1 | street: 2 | 
[2023-11-02 10:19:04] | UserAccount_ID: 1 | UserID: 14 | Action: /edit-admin-data | admin_ID: 1 | email: test@gmail.com | username: Tijmen1 | street: 2 | 
[2023-11-02 10:19:04] | UserAccount_ID: 1 | UserID: 14 | Action: /edit-admin-data | admin_ID: 1 | email: test@gmail.com | username: Tijmen1 | street: 2 | 
[2023-11-02 10:19:43] | UserAccount_ID: 1 | UserID: 14 | Action: /edit-admin-data | admin_ID: 1 | email: test@gmail.com | username: Tijmen1 | street: 2 | 
[2023-11-02 10:19:48] | UserAccount_ID: 1 | UserID: 14 | Action: /edit-admin-data | admin_ID: 1 | email: test@gmail.com | username: Tijmen1 | street: 2 | 
[2023-11-02 10:19:48] | UserAccount_ID: 1 | UserID: 14 | Action: /admin-admins-info/1 | 
[2023-11-02 10:19:49] | UserAccount_ID: 1 | UserID: 14 | Action: /admin-admins-info/1 | 
[2023-11-02 10:19:49] | UserAccount_ID: 1 | UserID: 14 | Action: /admin-admins-info/1 | 
[2023-11-02 10:19:50] | UserAccount_ID: 1 | UserID: 14 | Action: /admin-admins-info/1 | 
[2023-11-02 10:19:51] | UserAccount_ID: 1 | UserID: 14 | Action: /admin-admins-info/1 | 
[2023-11-02 10:19:59] | UserAccount_ID: 1 | UserID: 14 | Action: /admin | 
[2023-11-02 10:20:01] | UserAccount_ID: 1 | UserID: 14 | Action: /admin-users | 
[2023-11-02 10:20:14] | UserAccount_ID: 1 | UserID: 14 | Action: /admin-users | 
[2023-11-02 10:20:17] | UserAccount_ID: 1 | UserID: 14 | Action: /admin-admins | 
[2023-11-02 10:20:17] | UserAccount_ID: 1 | UserID: 14 | Action: /admin-admins-info/1 | 
[2023-11-02 10:20:23] | UserAccount_ID: 1 | UserID: 14 | Action: /edit-admin-data | admin_ID: 1 | email: test@gmail.com | username: Tijmen | street: 2 | 
[2023-11-02 10:20:23] | UserAccount_ID: 1 | UserID: 14 | Action: /admin-admins-info/1 | 
[2023-11-02 10:20:53] | UserAccount_ID: 1 | UserID: 14 | Action: /admin-admins-info/1 | 
[2023-11-02 10:20:57] | UserAccount_ID: 1 | UserID: 14 | Action: /edit-admin-data | admin_ID: 1 | email: test@gmail.com | username: Tijmen1 | street: 2 | 
[2023-11-02 10:20:57] | UserAccount_ID: 1 | UserID: 14 | Action: /admin-admins-info/1 | 
[2023-11-02 10:21:15] | UserAccount_ID: 1 | UserID: 14 | Action: /admin-admins-info/1 | 
[2023-11-02 10:21:20] | UserAccount_ID: 1 | UserID: 14 | Action: /edit-admin-data | admin_ID: 1 | email: test@gmail.com | username: Tijmen | street: 2 | 
[2023-11-02 10:21:41] | UserAccount_ID: 1 | UserID: 14 | Action: /edit-admin-data | admin_ID: 1 | email: test@gmail.com | username: Tijmen | street: 2 | 
[2023-11-02 10:21:54] | UserAccount_ID: 1 | UserID: 14 | Action: /edit-admin-data | admin_ID: 1 | email: test@gmail.com | username: Tijmen | street: 2 | 
[2023-11-02 10:21:54] | UserAccount_ID: 1 | UserID: 14 | Action: /admin-admins-info/1 | 
[2023-11-02 10:21:54] | UserAccount_ID: 1 | UserID: 14 | Action: /admin-admins-info/1 | 
[2023-11-02 10:21:55] | UserAccount_ID: 1 | UserID: 14 | Action: /admin-admins-info/1 | 
[2023-11-02 10:21:59] | UserAccount_ID: 1 | UserID: 14 | Action: /admin-admins-info/1 | 
[2023-11-02 10:22:05] | UserAccount_ID: 1 | UserID: 14 | Action: /edit-admin-data | admin_ID: 1 | email: test@gmail.com | username: Tijmen | level: 1 | 
[2023-11-02 10:22:05] | UserAccount_ID: 1 | UserID: 14 | Action: /admin-admins-info/1 | 
[2023-11-02 10:23:04] | UserAccount_ID: 1 | UserID: 14 | Action: /admin-products | 
[2023-11-02 10:23:05] | UserAccount_ID: 1 | UserID: 14 | Action: /admin-admins | 
[2023-11-02 10:23:06] | UserAccount_ID: 1 | UserID: 14 | Action: /admin-orders | 
[2023-11-02 10:23:07] | UserAccount_ID: 1 | UserID: 14 | Action: /admin-admins | 
[2023-11-02 10:23:08] | UserAccount_ID: 1 | UserID: 14 | Action: /admin-products | 
[2023-11-02 10:23:09] | UserAccount_ID: 1 | UserID: 14 | Action: /admin-orders | 
[2023-11-02 10:23:09] | UserAccount_ID: 1 | UserID: 14 | Action: /admin-users | 
[2023-11-02 10:23:09] | UserAccount_ID: 1 | UserID: 14 | Action: /admin-dashboard | 
[2023-11-02 10:23:17] | UserAccount_ID: 1 | UserID: 14 | Action: /admin-dashboard | 
[2023-11-02 10:23:20] | UserAccount_ID: 1 | UserID: 14 | Action: /add-to-cart/4 | 
[2023-11-02 10:23:20] | UserAccount_ID: 1 | UserID: 14 | Action: /add-to-cart/4 | 
[2023-11-02 10:23:20] | UserAccount_ID: 1 | UserID: 14 | Action: /add-to-cart/4 | 
[2023-11-02 10:23:20] | UserAccount_ID: 1 | UserID: 14 | Action: /add-to-cart/4 | 
[2023-11-02 10:23:20] | UserAccount_ID: 1 | UserID: 14 | Action: /add-to-cart/4 | 
[2023-11-02 10:23:21] | UserAccount_ID: 1 | UserID: 14 | Action: /add-to-cart/4 | 
[2023-11-02 10:23:21] | UserAccount_ID: 1 | UserID: 14 | Action: /add-to-cart/4 | 
[2023-11-02 10:23:21] | UserAccount_ID: 1 | UserID: 14 | Action: /add-to-cart/4 | 
[2023-11-02 10:23:21] | UserAccount_ID: 1 | UserID: 14 | Action: /add-to-cart/4 | 
[2023-11-02 10:23:21] | UserAccount_ID: 1 | UserID: 14 | Action: /add-to-cart/4 | 
[2023-11-02 10:23:21] | UserAccount_ID: 1 | UserID: 14 | Action: /add-to-cart/4 | 
[2023-11-02 10:23:21] | UserAccount_ID: 1 | UserID: 14 | Action: /add-to-cart/4 | 
[2023-11-02 10:23:21] | UserAccount_ID: 1 | UserID: 14 | Action: /add-to-cart/4 | 
[2023-11-02 10:23:21] | UserAccount_ID: 1 | UserID: 14 | Action: /add-to-cart/4 | 
[2023-11-02 10:23:22] | UserAccount_ID: 1 | UserID: 14 | Action: /add-to-cart/4 | 
[2023-11-02 10:23:22] | UserAccount_ID: 1 | UserID: 14 | Action: /add-to-cart/4 | 
[2023-11-02 10:23:22] | UserAccount_ID: 1 | UserID: 14 | Action: /add-to-cart/4 | 
[2023-11-02 10:23:22] | UserAccount_ID: 1 | UserID: 14 | Action: /add-to-cart/4 | 
[2023-11-02 10:23:22] | UserAccount_ID: 1 | UserID: 14 | Action: /add-to-cart/4 | 
[2023-11-02 10:23:22] | UserAccount_ID: 1 | UserID: 14 | Action: /add-to-cart/4 | 
[2023-11-02 10:23:23] | UserAccount_ID: 1 | UserID: 14 | Action: /add-to-cart/4 | 
[2023-11-02 10:23:23] | UserAccount_ID: 1 | UserID: 14 | Action: /add-to-cart/4 | 
[2023-11-02 10:23:23] | UserAccount_ID: 1 | UserID: 14 | Action: /add-to-cart/4 | 
[2023-11-02 10:23:23] | UserAccount_ID: 1 | UserID: 14 | Action: /add-to-cart/4 | 
[2023-11-02 10:23:23] | UserAccount_ID: 1 | UserID: 14 | Action: /add-to-cart/4 | 
[2023-11-02 10:23:23] | UserAccount_ID: 1 | UserID: 14 | Action: /add-to-cart/4 | 
[2023-11-02 10:23:24] | UserAccount_ID: 1 | UserID: 14 | Action: /add-to-cart/4 | 
[2023-11-02 10:23:24] | UserAccount_ID: 1 | UserID: 14 | Action: /add-to-cart/4 | 
[2023-11-02 10:23:24] | UserAccount_ID: 1 | UserID: 14 | Action: /add-to-cart/4 | 
[2023-11-02 10:23:24] | UserAccount_ID: 1 | UserID: 14 | Action: /add-to-cart/4 | 
[2023-11-02 10:23:24] | UserAccount_ID: 1 | UserID: 14 | Action: /add-to-cart/4 | 
[2023-11-02 10:23:24] | UserAccount_ID: 1 | UserID: 14 | Action: /add-to-cart/4 | 
[2023-11-02 10:23:25] | UserAccount_ID: 1 | UserID: 14 | Action: /add-to-cart/4 | 
[2023-11-02 10:23:25] | UserAccount_ID: 1 | UserID: 14 | Action: /add-to-cart/4 | 
[2023-11-02 10:23:25] | UserAccount_ID: 1 | UserID: 14 | Action: /add-to-cart/4 | 
[2023-11-02 10:23:25] | UserAccount_ID: 1 | UserID: 14 | Action: /add-to-cart/4 | 
[2023-11-02 10:23:25] | UserAccount_ID: 1 | UserID: 14 | Action: /add-to-cart/4 | 
[2023-11-02 10:23:25] | UserAccount_ID: 1 | UserID: 14 | Action: /add-to-cart/4 | 
[2023-11-02 10:23:26] | UserAccount_ID: 1 | UserID: 14 | Action: /add-to-cart/4 | 
[2023-11-02 10:23:26] | UserAccount_ID: 1 | UserID: 14 | Action: /add-to-cart/4 | 
[2023-11-02 10:23:26] | UserAccount_ID: 1 | UserID: 14 | Action: /add-to-cart/4 | 
[2023-11-02 10:23:26] | UserAccount_ID: 1 | UserID: 14 | Action: /add-to-cart/4 | 
[2023-11-02 10:23:26] | UserAccount_ID: 1 | UserID: 14 | Action: /add-to-cart/4 | 
[2023-11-02 10:23:26] | UserAccount_ID: 1 | UserID: 14 | Action: /add-to-cart/4 | 
[2023-11-02 10:23:26] | UserAccount_ID: 1 | UserID: 14 | Action: /add-to-cart/4 | 
[2023-11-02 10:23:27] | UserAccount_ID: 1 | UserID: 14 | Action: /add-to-cart/4 | 
[2023-11-02 10:23:27] | UserAccount_ID: 1 | UserID: 14 | Action: /add-to-cart/4 | 
[2023-11-02 10:23:27] | UserAccount_ID: 1 | UserID: 14 | Action: /add-to-cart/4 | 
[2023-11-02 10:23:27] | UserAccount_ID: 1 | UserID: 14 | Action: /add-to-cart/4 | 
[2023-11-02 10:23:27] | UserAccount_ID: 1 | UserID: 14 | Action: /add-to-cart/4 | 
[2023-11-02 10:23:27] | UserAccount_ID: 1 | UserID: 14 | Action: /add-to-cart/4 | 
[2023-11-02 10:23:27] | UserAccount_ID: 1 | UserID: 14 | Action: /add-to-cart/4 | 
[2023-11-02 10:23:28] | UserAccount_ID: 1 | UserID: 14 | Action: /add-to-cart/4 | 
[2023-11-02 10:23:28] | UserAccount_ID: 1 | UserID: 14 | Action: /add-to-cart/4 | 
[2023-11-02 10:23:28] | UserAccount_ID: 1 | UserID: 14 | Action: /add-to-cart/4 | 
[2023-11-02 10:23:28] | UserAccount_ID: 1 | UserID: 14 | Action: /add-to-cart/4 | 
[2023-11-02 10:23:28] | UserAccount_ID: 1 | UserID: 14 | Action: /add-to-cart/4 | 
[2023-11-02 10:23:28] | UserAccount_ID: 1 | UserID: 14 | Action: /add-to-cart/4 | 
[2023-11-02 10:23:28] | UserAccount_ID: 1 | UserID: 14 | Action: /add-to-cart/4 | 
[2023-11-02 10:23:29] | UserAccount_ID: 1 | UserID: 14 | Action: /add-to-cart/4 | 
[2023-11-02 10:23:29] | UserAccount_ID: 1 | UserID: 14 | Action: /add-to-cart/4 | 
[2023-11-02 10:23:29] | UserAccount_ID: 1 | UserID: 14 | Action: /add-to-cart/4 | 
[2023-11-02 10:23:29] | UserAccount_ID: 1 | UserID: 14 | Action: /add-to-cart/4 | 
[2023-11-02 10:23:29] | UserAccount_ID: 1 | UserID: 14 | Action: /add-to-cart/4 | 
[2023-11-02 10:23:29] | UserAccount_ID: 1 | UserID: 14 | Action: /add-to-cart/4 | 
[2023-11-02 10:23:29] | UserAccount_ID: 1 | UserID: 14 | Action: /add-to-cart/4 | 
[2023-11-02 10:23:29] | UserAccount_ID: 1 | UserID: 14 | Action: /add-to-cart/4 | 
[2023-11-02 10:23:30] | UserAccount_ID: 1 | UserID: 14 | Action: /add-to-cart/4 | 
[2023-11-02 10:23:30] | UserAccount_ID: 1 | UserID: 14 | Action: /add-to-cart/4 | 
[2023-11-02 10:23:30] | UserAccount_ID: 1 | UserID: 14 | Action: /add-to-cart/4 | 
[2023-11-02 10:23:30] | UserAccount_ID: 1 | UserID: 14 | Action: /add-to-cart/4 | 
[2023-11-02 10:23:30] | UserAccount_ID: 1 | UserID: 14 | Action: /add-to-cart/4 | 
[2023-11-02 10:23:31] | UserAccount_ID: 1 | UserID: 14 | Action: /add-to-cart/4 | 
[2023-11-02 10:23:31] | UserAccount_ID: 1 | UserID: 14 | Action: /add-to-cart/4 | 
[2023-11-02 10:23:31] | UserAccount_ID: 1 | UserID: 14 | Action: /add-to-cart/4 | 
[2023-11-02 10:23:32] | UserAccount_ID: 1 | UserID: 14 | Action: /add-to-cart/4 | 
[2023-11-02 10:23:32] | UserAccount_ID: 1 | UserID: 14 | Action: /add-to-cart/4 | 
[2023-11-02 10:23:33] | UserAccount_ID: 1 | UserID: 14 | Action: /add-to-cart/4 | 
[2023-11-02 10:23:33] | UserAccount_ID: 1 | UserID: 14 | Action: /add-to-cart/4 | 
[2023-11-02 10:23:33] | UserAccount_ID: 1 | UserID: 14 | Action: /add-to-cart/4 | 
[2023-11-02 10:23:33] | UserAccount_ID: 1 | UserID: 14 | Action: /add-to-cart/4 | 
[2023-11-02 10:23:33] | UserAccount_ID: 1 | UserID: 14 | Action: /add-to-cart/4 | 
[2023-11-02 10:23:33] | UserAccount_ID: 1 | UserID: 14 | Action: /add-to-cart/4 | 
[2023-11-02 10:23:34] | UserAccount_ID: 1 | UserID: 14 | Action: /add-to-cart/4 | 
[2023-11-02 10:23:34] | UserAccount_ID: 1 | UserID: 14 | Action: /add-to-cart/4 | 
[2023-11-02 10:23:34] | UserAccount_ID: 1 | UserID: 14 | Action: /add-to-cart/4 | 
[2023-11-02 10:23:34] | UserAccount_ID: 1 | UserID: 14 | Action: /add-to-cart/4 | 
[2023-11-02 10:23:34] | UserAccount_ID: 1 | UserID: 14 | Action: /add-to-cart/4 | 
[2023-11-02 10:23:34] | UserAccount_ID: 1 | UserID: 14 | Action: /add-to-cart/4 | 
[2023-11-02 10:23:35] | UserAccount_ID: 1 | UserID: 14 | Action: /add-to-cart/4 | 
[2023-11-02 10:23:35] | UserAccount_ID: 1 | UserID: 14 | Action: /add-to-cart/4 | 
[2023-11-02 10:23:35] | UserAccount_ID: 1 | UserID: 14 | Action: /add-to-cart/4 | 
[2023-11-02 10:23:35] | UserAccount_ID: 1 | UserID: 14 | Action: /add-to-cart/4 | 
[2023-11-02 10:23:35] | UserAccount_ID: 1 | UserID: 14 | Action: /add-to-cart/4 | 
[2023-11-02 10:23:35] | UserAccount_ID: 1 | UserID: 14 | Action: /add-to-cart/4 | 
[2023-11-02 10:23:36] | UserAccount_ID: 1 | UserID: 14 | Action: /cart | 
[2023-11-02 10:23:41] | UserAccount_ID: 1 | UserID: 14 | Action: /checkout-order/false | 
[2023-11-02 10:23:41] | UserAccount_ID: 1 | UserID: 14 | Action: /payment/87/95040 | 
[2023-11-02 10:23:42] | UserAccount_ID: 1 | UserID: 14 | Action: /order-paid/87 | 
[2023-11-02 10:23:45] | UserAccount_ID: 1 | UserID: 14 | Action: /order | 
[2023-11-02 10:23:48] | UserAccount_ID: 1 | UserID: 14 | Action: /admin-dashboard | 
[2023-11-02 10:23:51] | UserAccount_ID: 1 | UserID: 14 | Action: /admin-dashboard/week | 
[2023-11-02 10:23:55] | UserAccount_ID: 1 | UserID: 14 | Action: /admin-dashboard/maand | 
[2023-11-02 10:23:58] | UserAccount_ID: 1 | UserID: 14 | Action: /admin-dashboard/altijd | 
[2023-11-02 10:24:04] | UserAccount_ID: 1 | UserID: 14 | Action: /admin-dashboard | 
[2023-11-02 10:24:59] | UserAccount_ID: 1 | UserID: 14 | Action: /admin-coupons | 
[2023-11-02 10:25:00] | UserAccount_ID: 1 | UserID: 14 | Action: /admin-products | 
[2023-11-02 10:25:01] | UserAccount_ID: 1 | UserID: 14 | Action: /admin-admins | 
[2023-11-02 10:25:03] | UserAccount_ID: 1 | UserID: 14 | Action: /admin-coupons | 
[2023-11-02 10:28:10] | UserAccount_ID: 1 | UserID: 14 | Action: /admin-coupons | 
[2023-11-02 10:29:59] | UserAccount_ID: 1 | UserID: 14 | Action: /admin-coupons | 
[2023-11-02 10:30:00] | UserAccount_ID: 1 | UserID: 14 | Action: /admin-coupons | 
[2023-11-02 10:30:27] | UserAccount_ID: 1 | UserID: 14 | Action: /admin-coupons | 
[2023-11-02 10:30:51] | UserAccount_ID: 1 | UserID: 14 | Action: /admin-coupons | 
[2023-11-02 10:31:09] | UserAccount_ID: 1 | UserID: 14 | Action: /admin-coupons | 
[2023-11-02 10:31:10] | UserAccount_ID: 1 | UserID: 14 | Action: /admin-coupons | 
[2023-11-02 10:31:16] | UserAccount_ID: 1 | UserID: 14 | Action: /admin-coupons | 
[2023-11-02 10:31:26] | UserAccount_ID: 1 | UserID: 14 | Action: /admin-admins | 
[2023-11-02 10:31:27] | UserAccount_ID: 1 | UserID: 14 | Action: /admin-coupons | 
[2023-11-02 10:31:27] | UserAccount_ID: 1 | UserID: 14 | Action: /admin-products | 
[2023-11-02 10:31:28] | UserAccount_ID: 1 | UserID: 14 | Action: /admin-orders | 
[2023-11-02 10:31:29] | UserAccount_ID: 1 | UserID: 14 | Action: /admin-coupons | 
[2023-11-02 10:33:31] | UserAccount_ID: 1 | UserID: 14 | Action: /admin-coupons | 
[2023-11-02 10:33:33] | UserAccount_ID: 1 | UserID: 14 | Action: /does-coupon-exist/sdasd | 
[2023-11-02 10:33:36] | UserAccount_ID: 1 | UserID: 14 | Action: /does-coupon-exist/1 | 
[2023-11-02 10:33:42] | UserAccount_ID: 1 | UserID: 14 | Action: /does-coupon-exist/1 | 
[2023-11-02 10:33:44] | UserAccount_ID: 1 | UserID: 14 | Action: /does-coupon-exist/12 | 
[2023-11-02 10:35:22] | UserAccount_ID: 1 | UserID: 14 | Action: /admin-order-info/1 | 
[2023-11-02 10:40:56] | UserAccount_ID: 1 | UserID: 14 | Action: /admin-order-info/1 | 
[2023-11-02 10:40:58] | UserAccount_ID: 1 | UserID: 14 | Action: /admin-coupons | 
[2023-11-02 10:41:00] | UserAccount_ID: 1 | UserID: 14 | Action: /admin-users | 
[2023-11-02 10:41:01] | UserAccount_ID: 1 | UserID: 14 | Action: /admin-admins | 
[2023-11-02 10:41:02] | UserAccount_ID: 1 | UserID: 14 | Action: /admin-admins-info/1 | 
[2023-11-02 10:41:05] | UserAccount_ID: 1 | UserID: 14 | Action: /edit-admin-data | admin_ID: 1 | email: test@gmail.com | username: Tijmen1 | level: 1 | 
[2023-11-02 10:41:05] | UserAccount_ID: 1 | UserID: 14 | Action: /admin-admins-info/1 | 
[2023-11-02 10:41:08] | UserAccount_ID: 1 | UserID: 14 | Action: /admin-coupons | 
[2023-11-02 10:44:15] | UserAccount_ID: 1 | UserID: 14 | Action: /admin-coupon-info/1 | 
[2023-11-02 10:44:27] | UserAccount_ID: 1 | UserID: 14 | Action: /admin-coupon-info/1 | 
[2023-11-02 10:45:56] | UserAccount_ID: 1 | UserID: 14 | Action: /admin-coupon-info/1 | 
[2023-11-02 10:46:58] | UserAccount_ID: 1 | UserID: 14 | Action: /admin-coupon-info/1 | 
[2023-11-02 10:48:40] | UserAccount_ID: 1 | UserID: 14 | Action: /admin-coupon-info/1 | 
[2023-11-02 10:53:35] | UserAccount_ID: 1 | UserID: 14 | Action: /admin-coupon-info/1 | 
[2023-11-02 10:53:36] | UserAccount_ID: 1 | UserID: 14 | Action: /admin-coupon-info/1 | 
[2023-11-02 10:53:38] | UserAccount_ID: 1 | UserID: 14 | Action: /disable-coupon/1 | 
[2023-11-02 10:53:38] | UserAccount_ID: 1 | UserID: 14 | Action: /admin-coupon-info/1 | 
[2023-11-02 10:53:41] | UserAccount_ID: 1 | UserID: 14 | Action: /enable-coupon/1 | 
[2023-11-02 10:53:41] | UserAccount_ID: 1 | UserID: 14 | Action: /admin-coupon-info/1 | 
[2023-11-02 10:54:00] | UserAccount_ID: 1 | UserID: 14 | Action: /admin-coupons | 
[2023-11-02 10:54:02] | UserAccount_ID: 1 | UserID: 14 | Action: /admin-products | 
[2023-11-02 10:54:02] | UserAccount_ID: 1 | UserID: 14 | Action: /admin-admins | 
[2023-11-02 10:54:03] | UserAccount_ID: 1 | UserID: 14 | Action: /admin-coupons | 
[2023-11-02 10:54:04] | UserAccount_ID: 1 | UserID: 14 | Action: /admin-products | 
[2023-11-02 10:54:05] | UserAccount_ID: 1 | UserID: 14 | Action: /admin-orders | 
[2023-11-02 10:54:05] | UserAccount_ID: 1 | UserID: 14 | Action: /admin-users | 
[2023-11-02 10:54:06] | UserAccount_ID: 1 | UserID: 14 | Action: /admin-dashboard | 
[2023-11-02 10:54:06] | UserAccount_ID: 1 | UserID: 14 | Action: /admin-users | 
[2023-11-02 10:54:07] | UserAccount_ID: 1 | UserID: 14 | Action: /admin-orders | 
[2023-11-02 10:54:07] | UserAccount_ID: 1 | UserID: 14 | Action: /admin-products | 
[2023-11-02 10:54:08] | UserAccount_ID: 1 | UserID: 14 | Action: /admin-admins | 
[2023-11-02 10:54:09] | UserAccount_ID: 1 | UserID: 14 | Action: /admin-coupons | 
[2023-11-02 10:54:12] | UserAccount_ID: 1 | UserID: 14 | Action: /admin-admins | 
[2023-11-02 10:54:12] | UserAccount_ID: 1 | UserID: 14 | Action: /admin-admins-info/1 | 
[2023-11-02 10:54:17] | UserAccount_ID: 1 | UserID: 14 | Action: /edit-admin-data | admin_ID: 1 | email: test@gmail.com | username: Tijmen1 | level: 3 | 
[2023-11-02 10:54:17] | UserAccount_ID: 1 | UserID: 14 | Action: /admin-admins-info/1 | 
[2023-11-02 10:54:18] | UserAccount_ID: 1 | UserID: 14 | Action: /admin-settings | 
[2023-11-02 10:55:09] | UserAccount_ID: 1 | UserID: 14 | Action: /admin-dashboard | 
[2023-11-02 10:55:09] | UserAccount_ID: 1 | UserID: 14 | Action: /admin-users | 
[2023-11-02 10:55:09] | UserAccount_ID: 1 | UserID: 14 | Action: /admin-orders | 
[2023-11-02 10:55:10] | UserAccount_ID: 1 | UserID: 14 | Action: /admin-users | 
[2023-11-02 10:55:10] | UserAccount_ID: 1 | UserID: 14 | Action: /admin-dashboard | 
