[2023-10-30 09:10:02] | UserAccount_ID: 1 | UserID: NULL | Action: / | 
[2023-10-30 09:10:02] | UserAccount_ID: 1 | UserID: NULL | Action: / | 
[2023-10-30 09:10:05] | UserAccount_ID: 1 | UserID: NULL | Action: /login | 
[2023-10-30 09:10:12] | UserAccount_ID: 1 | UserID: NULL | Action: /login | email: test@gmail.com | password: ******** | 
[2023-10-30 09:10:12] | UserAccount_ID: 1 | UserID: 14 | Action: / | 
[2023-10-30 09:10:19] | UserAccount_ID: 1 | UserID: 14 | Action: /cart | 
[2023-10-30 09:10:20] | UserAccount_ID: 1 | UserID: 14 | Action: /ordered | 
[2023-10-30 09:10:20] | UserAccount_ID: 1 | UserID: 14 | Action: /cart | 
[2023-10-30 09:10:21] | UserAccount_ID: 1 | UserID: 14 | Action: /contact | 
[2023-10-30 09:10:21] | UserAccount_ID: 1 | UserID: 14 | Action: /about | 
[2023-10-30 09:10:22] | UserAccount_ID: 1 | UserID: 14 | Action: /products | 
[2023-10-30 09:10:23] | UserAccount_ID: 1 | UserID: 14 | Action: / | 
[2023-10-30 09:10:24] | UserAccount_ID: 1 | UserID: 14 | Action: /cart | 
[2023-10-30 09:10:25] | UserAccount_ID: 1 | UserID: 14 | Action: /ordered | 
[2023-10-30 09:10:31] | UserAccount_ID: 1 | UserID: 14 | Action: /payment/52/130.00 | 
[2023-10-30 09:10:32] | UserAccount_ID: 1 | UserID: 14 | Action: /order-paid/52 | 
[2023-10-30 09:10:35] | UserAccount_ID: 1 | UserID: 14 | Action: /order | 
[2023-10-30 09:10:36] | UserAccount_ID: 1 | UserID: 14 | Action: /logout | 
[2023-10-30 09:10:36] | UserAccount_ID: 1 | UserID: NULL | Action: /login | 
[2023-10-30 09:10:40] | UserAccount_ID: 1 | UserID: NULL | Action: /admin-login | 
[2023-10-30 09:10:45] | UserAccount_ID: 1 | UserID: NULL | Action: /admin-login | 
[2023-10-30 09:10:51] | UserAccount_ID: 1 | UserID: NULL | Action: /admin-login | email: test@gmail.com | password: ******** | 
[2023-10-30 09:10:51] | UserAccount_ID: 1 | UserID: NULL | Action: /admin-dashboard | 
[2023-10-30 09:10:56] | UserAccount_ID: 1 | UserID: NULL | Action: /admin-users | 
[2023-10-30 09:10:58] | UserAccount_ID: 1 | UserID: NULL | Action: /admin-orders | 
[2023-10-30 09:10:59] | UserAccount_ID: 1 | UserID: NULL | Action: /admin-users | 
[2023-10-30 09:11:39] | UserAccount_ID: 1 | UserID: NULL | Action: /admin-users | 
[2023-10-30 09:11:40] | UserAccount_ID: 1 | UserID: NULL | Action: /admin-users | 
[2023-10-30 09:11:41] | UserAccount_ID: 1 | UserID: NULL | Action: /admin-users | 
[2023-10-30 09:11:41] | UserAccount_ID: 1 | UserID: NULL | Action: /admin-users | 
[2023-10-30 09:12:31] | UserAccount_ID: 1 | UserID: NULL | Action: /admin-users | 
[2023-10-30 09:14:22] | UserAccount_ID: 1 | UserID: NULL | Action: /admin-dashboard | 
[2023-10-30 09:14:22] | UserAccount_ID: 1 | UserID: NULL | Action: /admin-users | 
[2023-10-30 09:14:23] | UserAccount_ID: 1 | UserID: NULL | Action: /admin-orders | 
[2023-10-30 09:14:24] | UserAccount_ID: 1 | UserID: NULL | Action: /admin-users | 
[2023-10-30 09:14:24] | UserAccount_ID: 1 | UserID: NULL | Action: /admin-dashboard | 
[2023-10-30 09:14:31] | UserAccount_ID: 1 | UserID: NULL | Action: /admin-users | 
[2023-10-30 09:14:35] | UserAccount_ID: 1 | UserID: NULL | Action: /admin-orders | 
[2023-10-30 09:16:03] | UserAccount_ID: 1 | UserID: NULL | Action: /logout | 
[2023-10-30 09:16:03] | UserAccount_ID: 1 | UserID: NULL | Action: /login | 
[2023-10-30 09:16:04] | UserAccount_ID: 1 | UserID: NULL | Action: /products | 
[2023-10-30 09:16:06] | UserAccount_ID: 1 | UserID: NULL | Action: /about | 
[2023-10-30 09:16:07] | UserAccount_ID: 1 | UserID: NULL | Action: /about | 
[2023-10-30 09:16:09] | UserAccount_ID: 1 | UserID: NULL | Action: /login | 
[2023-10-30 09:16:15] | UserAccount_ID: 1 | UserID: NULL | Action: /login | email: test@gmail.com | password: ******** | 
[2023-10-30 09:16:15] | UserAccount_ID: 1 | UserID: 14 | Action: / | 
[2023-10-30 09:16:50] | UserAccount_ID: 1 | UserID: 14 | Action: /products | 
[2023-10-30 09:16:51] | UserAccount_ID: 1 | UserID: 14 | Action: / | 
[2023-10-30 09:16:57] | UserAccount_ID: 1 | UserID: 14 | Action: /cart | 
[2023-10-30 09:16:57] | UserAccount_ID: 1 | UserID: 14 | Action: /ordered | 
[2023-10-30 09:16:59] | UserAccount_ID: 1 | UserID: 14 | Action: /orderinfo/41 | 
[2023-10-30 09:18:14] | UserAccount_ID: 1 | UserID: 14 | Action: /logout | 
[2023-10-30 09:18:14] | UserAccount_ID: 1 | UserID: NULL | Action: /login | 
[2023-10-30 09:18:15] | UserAccount_ID: 1 | UserID: NULL | Action: /login | 
[2023-10-30 09:18:20] | UserAccount_ID: 1 | UserID: NULL | Action: /admin-login | 
[2023-10-30 09:20:46] | UserAccount_ID: 1 | UserID: NULL | Action: /admin-login | email: test@gmail.com | password: ******** | 
[2023-10-30 09:20:47] | UserAccount_ID: 1 | UserID: NULL | Action: /admin-dashboard | 
[2023-10-30 09:20:52] | UserAccount_ID: 1 | UserID: NULL | Action: /admin-users | 
[2023-10-30 09:22:02] | UserAccount_ID: 1 | UserID: NULL | Action: /admin-users | 
[2023-10-30 09:22:34] | UserAccount_ID: 1 | UserID: NULL | Action: /admin-users | 
[2023-10-30 09:22:35] | UserAccount_ID: 1 | UserID: NULL | Action: /admin-users | 
[2023-10-30 09:23:03] | UserAccount_ID: 1 | UserID: NULL | Action: /admin-users | 
[2023-10-30 09:23:04] | UserAccount_ID: 1 | UserID: NULL | Action: /admin-users | 
[2023-10-30 09:23:22] | UserAccount_ID: 1 | UserID: NULL | Action: /admin-users | 
[2023-10-30 09:23:43] | UserAccount_ID: 1 | UserID: NULL | Action: /admin-dashboard | 
[2023-10-30 09:23:44] | UserAccount_ID: 1 | UserID: NULL | Action: /admin-users | 
[2023-10-30 09:23:45] | UserAccount_ID: 1 | UserID: NULL | Action: /admin-orders | 
[2023-10-30 09:23:46] | UserAccount_ID: 1 | UserID: NULL | Action: /admin-dashboard | 
[2023-10-30 09:23:46] | UserAccount_ID: 1 | UserID: NULL | Action: /admin-users | 
[2023-10-30 09:23:48] | UserAccount_ID: 1 | UserID: NULL | Action: /logout | 
[2023-10-30 09:23:48] | UserAccount_ID: 1 | UserID: NULL | Action: /login | 
[2023-10-30 09:23:50] | UserAccount_ID: 1 | UserID: NULL | Action: /about | 
[2023-10-30 09:23:51] | UserAccount_ID: 1 | UserID: NULL | Action: /products | 
[2023-10-30 09:23:53] | UserAccount_ID: 1 | UserID: NULL | Action: /add-to-cart/16 | 
[2023-10-30 09:23:53] | UserAccount_ID: 1 | UserID: NULL | Action: /add-to-cart/15 | 
[2023-10-30 09:23:54] | UserAccount_ID: 1 | UserID: NULL | Action: /cart | 
[2023-10-30 09:26:26] | UserAccount_ID: 1 | UserID: NULL | Action: /cart | 
[2023-10-30 09:26:28] | UserAccount_ID: 1 | UserID: NULL | Action: /login | 
[2023-10-30 09:26:30] | UserAccount_ID: 1 | UserID: NULL | Action: /admin-login | 
[2023-10-30 09:26:36] | UserAccount_ID: 1 | UserID: NULL | Action: /admin-login | email: test@gmail.com | password: ******** | 
[2023-10-30 09:26:36] | UserAccount_ID: 1 | UserID: NULL | Action: /admin-dashboard | 
[2023-10-30 09:26:38] | UserAccount_ID: 1 | UserID: NULL | Action: /admin-orders | 
[2023-10-30 09:27:05] | UserAccount_ID: 1 | UserID: NULL | Action: /admin-orders | 
[2023-10-30 09:27:43] | UserAccount_ID: 1 | UserID: NULL | Action: /admin-orders | 
[2023-10-30 09:27:56] | UserAccount_ID: 1 | UserID: NULL | Action: /admin-orders | 
[2023-10-30 09:28:07] | UserAccount_ID: 1 | UserID: NULL | Action: /admin-orders | 
[2023-10-30 09:28:21] | UserAccount_ID: 1 | UserID: NULL | Action: /admin-orders | 
[2023-10-30 09:30:13] | UserAccount_ID: 1 | UserID: NULL | Action: /admin-orders | 
[2023-10-30 09:30:14] | UserAccount_ID: 1 | UserID: NULL | Action: /admin-orders | 
[2023-10-30 09:30:26] | UserAccount_ID: 1 | UserID: NULL | Action: /admin-orders | 
[2023-10-30 09:30:29] | UserAccount_ID: 1 | UserID: NULL | Action: /admin-orders | 
[2023-10-30 09:30:42] | UserAccount_ID: 1 | UserID: NULL | Action: /admin-orders | 
[2023-10-30 09:30:47] | UserAccount_ID: 1 | UserID: NULL | Action: /admin-orders | 
[2023-10-30 09:31:05] | UserAccount_ID: 1 | UserID: NULL | Action: /admin-orders | 
[2023-10-30 09:31:06] | UserAccount_ID: 1 | UserID: NULL | Action: /admin-orders | 
[2023-10-30 09:31:11] | UserAccount_ID: 1 | UserID: NULL | Action: /admin-orders | 
[2023-10-30 09:31:33] | UserAccount_ID: 1 | UserID: NULL | Action: /admin-orders | 
[2023-10-30 09:32:16] | UserAccount_ID: 1 | UserID: NULL | Action: /admin-orders | 
[2023-10-30 09:32:28] | UserAccount_ID: 1 | UserID: NULL | Action: /admin-orders | 
[2023-10-30 09:32:28] | UserAccount_ID: 1 | UserID: NULL | Action: /admin-orders | 
[2023-10-30 09:32:29] | UserAccount_ID: 1 | UserID: NULL | Action: /admin-orders | 
[2023-10-30 09:32:34] | UserAccount_ID: 1 | UserID: NULL | Action: /admin-orders | 
[2023-10-30 09:32:35] | UserAccount_ID: 1 | UserID: NULL | Action: /admin-orders | 
[2023-10-30 09:32:35] | UserAccount_ID: 1 | UserID: NULL | Action: /admin-orders | 
[2023-10-30 09:32:35] | UserAccount_ID: 1 | UserID: NULL | Action: /admin-orders | 
[2023-10-30 09:32:42] | UserAccount_ID: 1 | UserID: NULL | Action: /admin-orders | 
[2023-10-30 09:37:04] | UserAccount_ID: 1 | UserID: NULL | Action: /admin-orders | 
[2023-10-30 09:37:17] | UserAccount_ID: 1 | UserID: NULL | Action: /admin-orders | 
[2023-10-30 09:37:33] | UserAccount_ID: 1 | UserID: NULL | Action: /admin-orders | 
[2023-10-30 09:37:47] | UserAccount_ID: 1 | UserID: NULL | Action: /admin-orders | 
[2023-10-30 09:37:56] | UserAccount_ID: 1 | UserID: NULL | Action: /admin-orders | 
[2023-10-30 09:39:23] | UserAccount_ID: 1 | UserID: NULL | Action: /admin-orders | 
[2023-10-30 09:40:44] | UserAccount_ID: 1 | UserID: NULL | Action: /admin-orders | 
[2023-10-30 09:41:24] | UserAccount_ID: 1 | UserID: NULL | Action: /admin-orders | 
[2023-10-30 09:41:27] | UserAccount_ID: 1 | UserID: NULL | Action: /admin-orders | 
[2023-10-30 09:41:29] | UserAccount_ID: 1 | UserID: NULL | Action: /admin-dashboard | 
[2023-10-30 09:41:32] | UserAccount_ID: 1 | UserID: NULL | Action: /admin-users | 
[2023-10-30 09:41:33] | UserAccount_ID: 1 | UserID: NULL | Action: /admin-orders | 
[2023-10-30 09:41:56] | UserAccount_ID: 1 | UserID: NULL | Action: /admin-orders | 
[2023-10-30 09:42:16] | UserAccount_ID: 1 | UserID: NULL | Action: /admin-orders | 
[2023-10-30 09:43:12] | UserAccount_ID: 1 | UserID: NULL | Action: /admin-orders | 
[2023-10-30 09:43:17] | UserAccount_ID: 1 | UserID: NULL | Action: /admin-orders | 
[2023-10-30 09:43:36] | UserAccount_ID: 1 | UserID: NULL | Action: /admin-orders | 
[2023-10-30 09:44:31] | UserAccount_ID: 1 | UserID: NULL | Action: /admin-orders | 
[2023-10-30 09:44:36] | UserAccount_ID: 1 | UserID: NULL | Action: /admin-orders | 
[2023-10-30 09:44:57] | UserAccount_ID: 1 | UserID: NULL | Action: /admin-orders | 
[2023-10-30 09:45:27] | UserAccount_ID: 1 | UserID: NULL | Action: /admin-orders | 
[2023-10-30 09:45:31] | UserAccount_ID: 1 | UserID: NULL | Action: /admin-orders | 
[2023-10-30 09:48:26] | UserAccount_ID: 1 | UserID: NULL | Action: /admin-orders | 
[2023-10-30 09:48:26] | UserAccount_ID: 1 | UserID: NULL | Action: /admin-orders | 
[2023-10-30 09:48:33] | UserAccount_ID: 1 | UserID: NULL | Action: /admin-orders | 
[2023-10-30 09:48:33] | UserAccount_ID: 1 | UserID: NULL | Action: /admin-orders | 
[2023-10-30 09:48:42] | UserAccount_ID: 1 | UserID: NULL | Action: /admin-orders | 
[2023-10-30 09:48:51] | UserAccount_ID: 1 | UserID: NULL | Action: /admin-orders | 
[2023-10-30 09:49:20] | UserAccount_ID: 1 | UserID: NULL | Action: /admin-orders | 
[2023-10-30 09:49:27] | UserAccount_ID: 1 | UserID: NULL | Action: /admin-orders | 
[2023-10-30 09:49:31] | UserAccount_ID: 1 | UserID: NULL | Action: /admin-orders | 
[2023-10-30 09:49:32] | UserAccount_ID: 1 | UserID: NULL | Action: /admin-orders | 
[2023-10-30 09:49:38] | UserAccount_ID: 1 | UserID: NULL | Action: /admin-orders | 
[2023-10-30 09:49:51] | UserAccount_ID: 1 | UserID: NULL | Action: /admin-orders | 
[2023-10-30 09:49:52] | UserAccount_ID: 1 | UserID: NULL | Action: /admin-orders | 
[2023-10-30 09:50:06] | UserAccount_ID: 1 | UserID: NULL | Action: /admin-orders | 
[2023-10-30 09:50:14] | UserAccount_ID: 1 | UserID: NULL | Action: /admin-orders | 
[2023-10-30 09:50:15] | UserAccount_ID: 1 | UserID: NULL | Action: /admin-orders | 
[2023-10-30 09:50:38] | UserAccount_ID: 1 | UserID: NULL | Action: /admin-orders | 
[2023-10-30 09:50:50] | UserAccount_ID: 1 | UserID: NULL | Action: /admin-orders | 
[2023-10-30 09:50:56] | UserAccount_ID: 1 | UserID: NULL | Action: /admin-orders | 
[2023-10-30 09:51:04] | UserAccount_ID: 1 | UserID: NULL | Action: /admin-orders | 
[2023-10-30 09:51:14] | UserAccount_ID: 1 | UserID: NULL | Action: /admin-orders | 
[2023-10-30 09:51:19] | UserAccount_ID: 1 | UserID: NULL | Action: /admin-orders | 
[2023-10-30 09:51:26] | UserAccount_ID: 1 | UserID: NULL | Action: /admin-orders | 
[2023-10-30 09:51:27] | UserAccount_ID: 1 | UserID: NULL | Action: /admin-orders | 
[2023-10-30 09:51:32] | UserAccount_ID: 1 | UserID: NULL | Action: /admin-orders | 
[2023-10-30 09:51:42] | UserAccount_ID: 1 | UserID: NULL | Action: /admin-orders | 
[2023-10-30 09:51:49] | UserAccount_ID: 1 | UserID: NULL | Action: /admin-orders | 
[2023-10-30 09:51:58] | UserAccount_ID: 1 | UserID: NULL | Action: /admin-orders | 
[2023-10-30 09:51:59] | UserAccount_ID: 1 | UserID: NULL | Action: /admin-orders | 
[2023-10-30 09:52:02] | UserAccount_ID: 1 | UserID: NULL | Action: /admin-orders | 
[2023-10-30 09:52:13] | UserAccount_ID: 1 | UserID: NULL | Action: /admin-orders | 
[2023-10-30 09:52:21] | UserAccount_ID: 1 | UserID: NULL | Action: /admin-orders | 
[2023-10-30 09:52:28] | UserAccount_ID: 1 | UserID: NULL | Action: /admin-orders | 
[2023-10-30 09:52:40] | UserAccount_ID: 1 | UserID: NULL | Action: /admin-orders | 
[2023-10-30 09:52:41] | UserAccount_ID: 1 | UserID: NULL | Action: /admin-orders | 
[2023-10-30 09:52:44] | UserAccount_ID: 1 | UserID: NULL | Action: /admin-orders | 
[2023-10-30 09:53:04] | UserAccount_ID: 1 | UserID: NULL | Action: /admin-orders | 
[2023-10-30 09:53:14] | UserAccount_ID: 1 | UserID: NULL | Action: /admin-orders | 
[2023-10-30 09:53:14] | UserAccount_ID: 1 | UserID: NULL | Action: /admin-orders | 
[2023-10-30 09:53:38] | UserAccount_ID: 1 | UserID: NULL | Action: /admin-orders | 
[2023-10-30 09:53:51] | UserAccount_ID: 1 | UserID: NULL | Action: /admin-orders | 
[2023-10-30 09:53:51] | UserAccount_ID: 1 | UserID: NULL | Action: /admin-orders | 
[2023-10-30 09:53:58] | UserAccount_ID: 1 | UserID: NULL | Action: /admin-orders | 
[2023-10-30 09:54:20] | UserAccount_ID: 1 | UserID: NULL | Action: /admin-orders | 
[2023-10-30 09:54:29] | UserAccount_ID: 1 | UserID: NULL | Action: /admin-orders | 
[2023-10-30 09:54:40] | UserAccount_ID: 1 | UserID: NULL | Action: /admin-orders | 
[2023-10-30 09:55:34] | UserAccount_ID: 1 | UserID: NULL | Action: /admin-orders | 
[2023-10-30 09:55:35] | UserAccount_ID: 1 | UserID: NULL | Action: /admin-orders | 
[2023-10-30 09:55:44] | UserAccount_ID: 1 | UserID: NULL | Action: /admin-orders | 
[2023-10-30 09:56:00] | UserAccount_ID: 1 | UserID: NULL | Action: /admin-orders | 
[2023-10-30 09:56:14] | UserAccount_ID: 1 | UserID: NULL | Action: /admin-orders | 
[2023-10-30 09:56:22] | UserAccount_ID: 1 | UserID: NULL | Action: /admin-orders | 
[2023-10-30 09:56:29] | UserAccount_ID: 1 | UserID: NULL | Action: /admin-orders | 
[2023-10-30 09:56:36] | UserAccount_ID: 1 | UserID: NULL | Action: /admin-orders | 
[2023-10-30 09:56:45] | UserAccount_ID: 1 | UserID: NULL | Action: /admin-orders | 
[2023-10-30 09:56:52] | UserAccount_ID: 1 | UserID: NULL | Action: /admin-orders | 
[2023-10-30 09:57:01] | UserAccount_ID: 1 | UserID: NULL | Action: /admin-orders | 
[2023-10-30 09:57:16] | UserAccount_ID: 1 | UserID: NULL | Action: /admin-orders | 
[2023-10-30 10:13:53] | UserAccount_ID: 1 | UserID: NULL | Action: /admin-orders | 
[2023-10-30 10:13:54] | UserAccount_ID: 1 | UserID: NULL | Action: /admin-orders | 
[2023-10-30 10:13:54] | UserAccount_ID: 1 | UserID: NULL | Action: /admin-orders | 
[2023-10-30 10:14:06] | UserAccount_ID: 1 | UserID: NULL | Action: /admin-orders | 
[2023-10-30 10:28:13] | UserAccount_ID: 1 | UserID: NULL | Action: /admin-orders | 
[2023-10-30 10:28:46] | UserAccount_ID: 1 | UserID: NULL | Action: /admin-orders | 
[2023-10-30 10:28:48] | UserAccount_ID: 1 | UserID: NULL | Action: /does-order-exist/1 | 
[2023-10-30 10:28:50] | UserAccount_ID: 1 | UserID: NULL | Action: /does-order-exist/1 | 
[2023-10-30 10:28:52] | UserAccount_ID: 1 | UserID: NULL | Action: /does-order-exist/41 | 
[2023-10-30 10:28:52] | UserAccount_ID: 1 | UserID: NULL | Action: /admin-orders | 
[2023-10-30 10:28:55] | UserAccount_ID: 1 | UserID: NULL | Action: /does-order-exist/3 | 
[2023-10-30 10:31:31] | UserAccount_ID: 1 | UserID: NULL | Action: /admin-orders | 
[2023-10-30 10:31:33] | UserAccount_ID: 1 | UserID: NULL | Action: /does-order-exist/41 | 
[2023-10-30 10:31:34] | UserAccount_ID: 1 | UserID: NULL | Action: /does-order-exist/41 | 
[2023-10-30 10:32:20] | UserAccount_ID: 1 | UserID: NULL | Action: /does-order-exist/41 | 
[2023-10-30 10:32:20] | UserAccount_ID: 1 | UserID: NULL | Action: /does-order-exist/41 | 
[2023-10-30 10:32:20] | UserAccount_ID: 1 | UserID: NULL | Action: /does-order-exist/41 | 
[2023-10-30 10:32:21] | UserAccount_ID: 1 | UserID: NULL | Action: /does-order-exist/41 | 
[2023-10-30 10:32:21] | UserAccount_ID: 1 | UserID: NULL | Action: /does-order-exist/41 | 
[2023-10-30 10:32:21] | UserAccount_ID: 1 | UserID: NULL | Action: /does-order-exist/41 | 
[2023-10-30 10:32:25] | UserAccount_ID: 1 | UserID: NULL | Action: /admin-orders | 
[2023-10-30 10:32:27] | UserAccount_ID: 1 | UserID: NULL | Action: /does-order-exist/41 | 
[2023-10-30 10:32:27] | UserAccount_ID: 1 | UserID: NULL | Action: /admin-order-info/41 | 
[2023-10-30 10:33:13] | UserAccount_ID: 1 | UserID: NULL | Action: /admin-order-info/41 | 
[2023-10-30 10:33:42] | UserAccount_ID: 1 | UserID: NULL | Action: /admin-order-info/41 | 
[2023-10-30 10:35:03] | UserAccount_ID: 1 | UserID: NULL | Action: /admin-orders | 
[2023-10-30 10:35:14] | UserAccount_ID: 1 | UserID: NULL | Action: /does-order-exist/62 | 
[2023-10-30 10:35:14] | UserAccount_ID: 1 | UserID: NULL | Action: /admin-order-info/62 | 
[2023-10-30 10:36:05] | UserAccount_ID: 1 | UserID: NULL | Action: /admin-order-info/62 | 
[2023-10-30 10:40:51] | UserAccount_ID: 1 | UserID: NULL | Action: /admin-order-info/62 | 
[2023-10-30 10:40:52] | UserAccount_ID: 1 | UserID: NULL | Action: /admin-order-info/62 | 
[2023-10-30 10:40:57] | UserAccount_ID: 1 | UserID: NULL | Action: /admin-orders | 
[2023-10-30 10:40:59] | UserAccount_ID: 1 | UserID: NULL | Action: /does-order-exist/62 | 
[2023-10-30 10:40:59] | UserAccount_ID: 1 | UserID: NULL | Action: /admin-order-info/62 | 
[2023-10-30 10:41:26] | UserAccount_ID: 1 | UserID: NULL | Action: /admin-order-info/62 | 
[2023-10-30 10:42:01] | UserAccount_ID: 1 | UserID: NULL | Action: /admin-order-info/62 | 
[2023-10-30 10:42:11] | UserAccount_ID: 1 | UserID: NULL | Action: /admin-order-info/62 | 
[2023-10-30 10:42:23] | UserAccount_ID: 1 | UserID: NULL | Action: /admin-order-info/62 | 
[2023-10-30 10:43:19] | UserAccount_ID: 1 | UserID: NULL | Action: /admin-order-info/62 | 
[2023-10-30 10:43:19] | UserAccount_ID: 1 | UserID: NULL | Action: /admin-order-info/62 | 
[2023-10-30 10:43:33] | UserAccount_ID: 1 | UserID: NULL | Action: /admin-order-info/62 | 
[2023-10-30 10:43:48] | UserAccount_ID: 1 | UserID: NULL | Action: /admin-order-info/62 | 
[2023-10-30 10:44:01] | UserAccount_ID: 1 | UserID: NULL | Action: /admin-order-info/62 | 
[2023-10-30 10:44:38] | UserAccount_ID: 1 | UserID: NULL | Action: /admin-order-info/62 | 
[2023-10-30 10:48:10] | UserAccount_ID: 1 | UserID: NULL | Action: /admin-users | 
[2023-10-30 10:48:11] | UserAccount_ID: 1 | UserID: NULL | Action: /admin-orders | 
[2023-10-30 10:49:06] | UserAccount_ID: 1 | UserID: NULL | Action: /admin-orders | 
[2023-10-30 10:49:19] | UserAccount_ID: 1 | UserID: NULL | Action: /admin-orders | 
[2023-10-30 10:49:30] | UserAccount_ID: 1 | UserID: NULL | Action: /admin-orders | 
[2023-10-30 10:49:46] | UserAccount_ID: 1 | UserID: NULL | Action: /admin-orders | 
[2023-10-30 10:49:53] | UserAccount_ID: 1 | UserID: NULL | Action: /admin-orders | 
[2023-10-30 10:50:09] | UserAccount_ID: 1 | UserID: NULL | Action: /admin-orders | 
[2023-10-30 10:50:21] | UserAccount_ID: 1 | UserID: NULL | Action: /admin-orders | 
[2023-10-30 10:50:21] | UserAccount_ID: 1 | UserID: NULL | Action: /admin-orders | 
[2023-10-30 10:51:17] | UserAccount_ID: 1 | UserID: NULL | Action: /admin-orders | 
[2023-10-30 10:51:18] | UserAccount_ID: 1 | UserID: NULL | Action: /admin-order-info/41 | 
[2023-10-30 10:51:20] | UserAccount_ID: 1 | UserID: NULL | Action: /admin-order-info/41 | 
[2023-10-30 10:51:20] | UserAccount_ID: 1 | UserID: NULL | Action: /admin-orders | 
[2023-10-30 10:51:53] | UserAccount_ID: 1 | UserID: NULL | Action: /admin-orders | 
[2023-10-30 10:51:54] | UserAccount_ID: 1 | UserID: NULL | Action: /admin-orders | 
[2023-10-30 10:52:14] | UserAccount_ID: 1 | UserID: NULL | Action: /admin-orders | 
[2023-10-30 10:52:24] | UserAccount_ID: 1 | UserID: NULL | Action: /admin-orders | 
[2023-10-30 10:52:28] | UserAccount_ID: 1 | UserID: NULL | Action: /admin-order-info/41 | 
[2023-10-30 10:52:31] | UserAccount_ID: 1 | UserID: NULL | Action: /admin-orders | 
[2023-10-30 10:52:33] | UserAccount_ID: 1 | UserID: NULL | Action: /admin-order-info/51 | 
[2023-10-30 10:52:36] | UserAccount_ID: 1 | UserID: NULL | Action: /admin-orders | 
[2023-10-30 10:52:42] | UserAccount_ID: 1 | UserID: NULL | Action: /admin-order-info/41 | 
[2023-10-30 10:52:44] | UserAccount_ID: 1 | UserID: NULL | Action: /admin-orders | 
[2023-10-30 10:56:17] | UserAccount_ID: 1 | UserID: NULL | Action: /does-order-exist/71 | 
[2023-10-30 10:56:20] | UserAccount_ID: 1 | UserID: NULL | Action: /does-order-exist/65 | 
[2023-10-30 10:56:20] | UserAccount_ID: 1 | UserID: NULL | Action: /admin-order-info/65 | 
[2023-10-30 10:56:49] | UserAccount_ID: 1 | UserID: NULL | Action: /admin-users | 
[2023-10-30 10:56:50] | UserAccount_ID: 1 | UserID: NULL | Action: /admin-dashboard | 
[2023-10-30 10:56:51] | UserAccount_ID: 1 | UserID: NULL | Action: /admin-users | 
[2023-10-30 10:56:52] | UserAccount_ID: 1 | UserID: NULL | Action: /admin-orders | 
[2023-10-30 10:57:37] | UserAccount_ID: 1 | UserID: NULL | Action: /admin-order-info/60 | 
[2023-10-30 10:58:15] | UserAccount_ID: 1 | UserID: NULL | Action: /admin-orders | 
[2023-10-30 10:58:53] | UserAccount_ID: 1 | UserID: NULL | Action: /admin-login | 
[2023-10-30 10:58:56] | UserAccount_ID: 1 | UserID: NULL | Action: /admin-users | 
[2023-10-30 10:58:57] | UserAccount_ID: 1 | UserID: NULL | Action: /admin-orders | 
[2023-10-30 11:00:09] | UserAccount_ID: 1 | UserID: NULL | Action: /admin-users | 
