[2023-10-31 09:17:35] | UserAccount_ID: 1 | UserID: NULL | Action: / | 
[2023-10-31 09:17:41] | UserAccount_ID: 1 | UserID: NULL | Action: /login | 
[2023-10-31 09:17:51] | UserAccount_ID: 1 | UserID: NULL | Action: /admin | 
[2023-10-31 09:17:51] | UserAccount_ID: 1 | UserID: NULL | Action: /admin-login | 
[2023-10-31 09:17:56] | UserAccount_ID: 1 | UserID: NULL | Action: /admin-login | email: test@gmail.com | password: ******** | 
[2023-10-31 09:17:56] | UserAccount_ID: 1 | UserID: NULL | Action: /admin-dashboard | 
[2023-10-31 09:18:01] | UserAccount_ID: 1 | UserID: NULL | Action: /admin-users | 
[2023-10-31 09:18:02] | UserAccount_ID: 1 | UserID: NULL | Action: /admin-orders | 
[2023-10-31 09:18:03] | UserAccount_ID: 1 | UserID: NULL | Action: /admin-users | 
[2023-10-31 09:18:04] | UserAccount_ID: 1 | UserID: NULL | Action: /admin-orders | 
[2023-10-31 09:18:05] | UserAccount_ID: 1 | UserID: NULL | Action: /admin-order-info/41 | 
[2023-10-31 09:18:08] | UserAccount_ID: 1 | UserID: NULL | Action: /admin-users | 
[2023-10-31 09:18:10] | UserAccount_ID: 1 | UserID: NULL | Action: /admin-user-info/14 | 
[2023-10-31 09:18:20] | UserAccount_ID: 1 | UserID: NULL | Action: /disable-user/14 | 
[2023-10-31 09:18:20] | UserAccount_ID: 1 | UserID: NULL | Action: /admin-user-info/14 | 
[2023-10-31 09:18:24] | UserAccount_ID: 1 | UserID: NULL | Action: /enable-user/14 | 
[2023-10-31 09:18:24] | UserAccount_ID: 1 | UserID: NULL | Action: /admin-user-info/14 | 
[2023-10-31 09:18:43] | UserAccount_ID: 1 | UserID: NULL | Action: /admin-users | 
[2023-10-31 09:18:43] | UserAccount_ID: 1 | UserID: NULL | Action: /admin-dashboard | 
[2023-10-31 09:18:44] | UserAccount_ID: 1 | UserID: NULL | Action: /admin-users | 
[2023-10-31 09:18:49] | UserAccount_ID: 1 | UserID: NULL | Action: /admin-user-info/14 | 
[2023-10-31 09:19:15] | UserAccount_ID: 1 | UserID: NULL | Action: /reset-password/14 | 
[2023-10-31 09:19:17] | UserAccount_ID: 1 | UserID: NULL | Action: /logout | 
[2023-10-31 09:19:17] | UserAccount_ID: 1 | UserID: NULL | Action: /login | 
[2023-10-31 09:19:21] | UserAccount_ID: 1 | UserID: NULL | Action: /login | email: test@gmail.com | password: ******** | 
[2023-10-31 09:19:27] | UserAccount_ID: 1 | UserID: NULL | Action: /login | email: test@gmail.com | password: ******** | 
[2023-10-31 09:19:36] | UserAccount_ID: 1 | UserID: 14 | Action: /renew-password | password: ******** | password_confirm: ******** | 
[2023-10-31 09:19:36] | UserAccount_ID: 1 | UserID: NULL | Action: /login | 
[2023-10-31 09:19:41] | UserAccount_ID: 1 | UserID: NULL | Action: /login | email: test@gmail.com | password: ******** | 
[2023-10-31 09:19:41] | UserAccount_ID: 1 | UserID: 14 | Action: / | 
[2023-10-31 09:19:49] | UserAccount_ID: 1 | UserID: 14 | Action: /products | 
[2023-10-31 09:19:52] | UserAccount_ID: 1 | UserID: 14 | Action: /add-to-cart/23 | 
[2023-10-31 09:19:53] | UserAccount_ID: 1 | UserID: 14 | Action: /add-to-cart/24 | 
[2023-10-31 09:19:53] | UserAccount_ID: 1 | UserID: 14 | Action: /add-to-cart/35 | 
[2023-10-31 09:19:53] | UserAccount_ID: 1 | UserID: 14 | Action: /add-to-cart/36 | 
[2023-10-31 09:19:54] | UserAccount_ID: 1 | UserID: 14 | Action: /add-to-cart/37 | 
[2023-10-31 09:19:55] | UserAccount_ID: 1 | UserID: 14 | Action: /add-to-cart/38 | 
[2023-10-31 09:19:55] | UserAccount_ID: 1 | UserID: 14 | Action: /add-to-cart/16 | 
[2023-10-31 09:19:56] | UserAccount_ID: 1 | UserID: 14 | Action: /add-to-cart/15 | 
[2023-10-31 09:19:56] | UserAccount_ID: 1 | UserID: 14 | Action: /add-to-cart/14 | 
[2023-10-31 09:19:57] | UserAccount_ID: 1 | UserID: 14 | Action: /add-to-cart/13 | 
[2023-10-31 09:19:57] | UserAccount_ID: 1 | UserID: 14 | Action: /add-to-cart/12 | 
[2023-10-31 09:19:58] | UserAccount_ID: 1 | UserID: 14 | Action: /add-to-cart/7 | 
[2023-10-31 09:19:59] | UserAccount_ID: 1 | UserID: 14 | Action: /add-to-cart/6 | 
[2023-10-31 09:20:00] | UserAccount_ID: 1 | UserID: 14 | Action: /cart | 
[2023-10-31 09:20:04] | UserAccount_ID: 1 | UserID: 14 | Action: /apply-coupon/test | 
[2023-10-31 09:20:04] | UserAccount_ID: 1 | UserID: 14 | Action: /cart | 
[2023-10-31 09:20:05] | UserAccount_ID: 1 | UserID: 14 | Action: /checkout-order/false | 
[2023-10-31 09:20:05] | UserAccount_ID: 1 | UserID: 14 | Action: /payment/68/1100 | 
[2023-10-31 09:20:06] | UserAccount_ID: 1 | UserID: 14 | Action: /order-paid/68 | 
[2023-10-31 09:20:09] | UserAccount_ID: 1 | UserID: 14 | Action: /order | 
[2023-10-31 09:20:11] | UserAccount_ID: 1 | UserID: 14 | Action: /products | 
[2023-10-31 09:20:13] | UserAccount_ID: 1 | UserID: 14 | Action: /add-to-cart/35 | 
[2023-10-31 09:20:13] | UserAccount_ID: 1 | UserID: 14 | Action: /add-to-cart/35 | 
[2023-10-31 09:20:14] | UserAccount_ID: 1 | UserID: 14 | Action: /add-to-cart/24 | 
[2023-10-31 09:20:14] | UserAccount_ID: 1 | UserID: 14 | Action: /add-to-cart/23 | 
[2023-10-31 09:20:14] | UserAccount_ID: 1 | UserID: 14 | Action: /add-to-cart/23 | 
[2023-10-31 09:20:15] | UserAccount_ID: 1 | UserID: 14 | Action: /add-to-cart/6 | 
[2023-10-31 09:20:15] | UserAccount_ID: 1 | UserID: 14 | Action: /add-to-cart/7 | 
[2023-10-31 09:20:16] | UserAccount_ID: 1 | UserID: 14 | Action: /add-to-cart/12 | 
[2023-10-31 09:20:17] | UserAccount_ID: 1 | UserID: 14 | Action: /add-to-cart/13 | 
[2023-10-31 09:20:17] | UserAccount_ID: 1 | UserID: 14 | Action: /add-to-cart/36 | 
[2023-10-31 09:20:17] | UserAccount_ID: 1 | UserID: 14 | Action: /add-to-cart/37 | 
[2023-10-31 09:20:18] | UserAccount_ID: 1 | UserID: 14 | Action: /add-to-cart/14 | 
[2023-10-31 09:20:19] | UserAccount_ID: 1 | UserID: 14 | Action: /add-to-cart/15 | 
[2023-10-31 09:20:19] | UserAccount_ID: 1 | UserID: 14 | Action: /add-to-cart/38 | 
[2023-10-31 09:20:20] | UserAccount_ID: 1 | UserID: 14 | Action: /add-to-cart/16 | 
[2023-10-31 09:20:21] | UserAccount_ID: 1 | UserID: 14 | Action: /cart | 
[2023-10-31 09:20:24] | UserAccount_ID: 1 | UserID: 14 | Action: /apply-coupon/test | 
[2023-10-31 09:20:24] | UserAccount_ID: 1 | UserID: 14 | Action: /cart | 
[2023-10-31 09:20:25] | UserAccount_ID: 1 | UserID: 14 | Action: /checkout-order/false | 
[2023-10-31 09:20:25] | UserAccount_ID: 1 | UserID: 14 | Action: /payment/69/1615 | 
[2023-10-31 09:20:34] | UserAccount_ID: 1 | UserID: 14 | Action: / | 
[2023-10-31 09:20:39] | UserAccount_ID: 1 | UserID: 14 | Action: /admin | 
[2023-10-31 09:20:39] | UserAccount_ID: 1 | UserID: 14 | Action: /admin-login | 
[2023-10-31 09:20:48] | UserAccount_ID: 1 | UserID: 14 | Action: /admin-login | email: test@gmail.com | password: ******** | 
[2023-10-31 09:20:48] | UserAccount_ID: 1 | UserID: 14 | Action: /admin-dashboard | 
[2023-10-31 09:20:52] | UserAccount_ID: 1 | UserID: 14 | Action: /admin-users | 
[2023-10-31 09:20:52] | UserAccount_ID: 1 | UserID: 14 | Action: /admin-orders | 
[2023-10-31 09:20:56] | UserAccount_ID: 1 | UserID: 14 | Action: /admin-order-info/69 | 
[2023-10-31 09:20:58] | UserAccount_ID: 1 | UserID: 14 | Action: /mark-paid/69 | 
[2023-10-31 09:20:58] | UserAccount_ID: 1 | UserID: 14 | Action: /admin-order-info/69 | 
[2023-10-31 09:21:18] | UserAccount_ID: 1 | UserID: 14 | Action: /admin-users | 
[2023-10-31 09:21:22] | UserAccount_ID: 1 | UserID: 14 | Action: /admin-user-info/14 | 
[2023-10-31 09:21:38] | UserAccount_ID: 1 | UserID: 14 | Action: /edit-user-data | customer_id: 14 | email: test@gmail.com | firstname: Test1 | lastname: Test1 | street: ddddddd123 | zipcode: ddddddd123 | city: ddddddd123 | 
[2023-10-31 09:21:38] | UserAccount_ID: 1 | UserID: 14 | Action: /admin-user-info/14 | 
[2023-10-31 09:21:46] | UserAccount_ID: 1 | UserID: 14 | Action: /admin-dashboard | 
[2023-10-31 09:28:18] | UserAccount_ID: 1 | UserID: 14 | Action: /admin-dashboard | 
[2023-10-31 09:29:54] | UserAccount_ID: 1 | UserID: 14 | Action: /admin-dashboard | 
[2023-10-31 09:31:34] | UserAccount_ID: 1 | UserID: 14 | Action: /admin-dashboard | 
[2023-10-31 09:32:06] | UserAccount_ID: 1 | UserID: 14 | Action: /admin-dashboard | 
[2023-10-31 09:32:07] | UserAccount_ID: 1 | UserID: 14 | Action: /admin-dashboard | 
[2023-10-31 09:32:07] | UserAccount_ID: 1 | UserID: 14 | Action: /admin-dashboard | 
[2023-10-31 09:32:07] | UserAccount_ID: 1 | UserID: 14 | Action: /admin-dashboard | 
[2023-10-31 09:32:36] | UserAccount_ID: 1 | UserID: 14 | Action: /admin-dashboard | 
[2023-10-31 09:32:37] | UserAccount_ID: 1 | UserID: 14 | Action: /admin-dashboard | 
[2023-10-31 09:32:37] | UserAccount_ID: 1 | UserID: 14 | Action: /admin-dashboard | 
[2023-10-31 09:32:37] | UserAccount_ID: 1 | UserID: 14 | Action: /admin-dashboard | 
[2023-10-31 09:32:37] | UserAccount_ID: 1 | UserID: 14 | Action: /admin-dashboard | 
[2023-10-31 09:32:39] | UserAccount_ID: 1 | UserID: 14 | Action: /admin-dashboard | 
[2023-10-31 09:32:40] | UserAccount_ID: 1 | UserID: 14 | Action: /admin-dashboard | 
[2023-10-31 09:32:40] | UserAccount_ID: 1 | UserID: 14 | Action: /admin-dashboard | 
[2023-10-31 09:32:41] | UserAccount_ID: 1 | UserID: 14 | Action: /admin-dashboard | 
[2023-10-31 09:32:41] | UserAccount_ID: 1 | UserID: 14 | Action: /admin-dashboard | 
[2023-10-31 09:33:06] | UserAccount_ID: 1 | UserID: 14 | Action: /admin-dashboard | 
[2023-10-31 09:33:07] | UserAccount_ID: 1 | UserID: 14 | Action: /admin-dashboard | 
[2023-10-31 09:34:02] | UserAccount_ID: 1 | UserID: 14 | Action: /admin-dashboard | 
[2023-10-31 09:34:13] | UserAccount_ID: 1 | UserID: 14 | Action: /admin-dashboard | 
[2023-10-31 09:34:20] | UserAccount_ID: 1 | UserID: 14 | Action: /admin-dashboard | 
[2023-10-31 09:35:38] | UserAccount_ID: 1 | UserID: 14 | Action: /admin-dashboard | 
[2023-10-31 09:35:41] | UserAccount_ID: 1 | UserID: 14 | Action: /admin-dashboard | 
[2023-10-31 09:40:53] | UserAccount_ID: 1 | UserID: 14 | Action: /admin-dashboard | 
[2023-10-31 09:40:54] | UserAccount_ID: 1 | UserID: 14 | Action: /admin-dashboard | 
[2023-10-31 09:41:26] | UserAccount_ID: 1 | UserID: 14 | Action: /admin-dashboard | 
[2023-10-31 09:41:27] | UserAccount_ID: 1 | UserID: 14 | Action: /admin-dashboard | 
[2023-10-31 09:41:41] | UserAccount_ID: 1 | UserID: 14 | Action: /admin-dashboard | 
[2023-10-31 09:41:53] | UserAccount_ID: 1 | UserID: 14 | Action: /admin-dashboard | 
[2023-10-31 09:42:52] | UserAccount_ID: 1 | UserID: 14 | Action: /admin-dashboard | 
[2023-10-31 09:43:50] | UserAccount_ID: 1 | UserID: 14 | Action: /admin-dashboard | 
[2023-10-31 09:44:08] | UserAccount_ID: 1 | UserID: 14 | Action: /admin-dashboard | 
[2023-10-31 09:44:14] | UserAccount_ID: 1 | UserID: 14 | Action: /admin-dashboard | 
[2023-10-31 09:44:27] | UserAccount_ID: 1 | UserID: 14 | Action: /admin-dashboard | 
[2023-10-31 09:45:26] | UserAccount_ID: 1 | UserID: 14 | Action: /admin-dashboard | 
[2023-10-31 09:45:36] | UserAccount_ID: 1 | UserID: 14 | Action: /admin-dashboard | 
[2023-10-31 09:45:43] | UserAccount_ID: 1 | UserID: 14 | Action: /admin-dashboard | 
[2023-10-31 09:45:51] | UserAccount_ID: 1 | UserID: 14 | Action: /admin-dashboard | 
[2023-10-31 09:50:00] | UserAccount_ID: 1 | UserID: 14 | Action: /admin-dashboard | 
[2023-10-31 09:50:20] | UserAccount_ID: 1 | UserID: 14 | Action: /admin-dashboard | 
[2023-10-31 09:51:14] | UserAccount_ID: 1 | UserID: 14 | Action: /admin-dashboard | 
[2023-10-31 09:51:18] | UserAccount_ID: 1 | UserID: 14 | Action: /admin-dashboard | 
[2023-10-31 09:52:25] | UserAccount_ID: 1 | UserID: 14 | Action: /admin-dashboard | 
[2023-10-31 09:52:27] | UserAccount_ID: 1 | UserID: 14 | Action: /admin-dashboard | 
[2023-10-31 09:52:34] | UserAccount_ID: 1 | UserID: 14 | Action: /admin-dashboard | 
[2023-10-31 09:52:43] | UserAccount_ID: 1 | UserID: 14 | Action: /admin-dashboard | 
[2023-10-31 09:53:10] | UserAccount_ID: 1 | UserID: 14 | Action: /admin-dashboard | 
[2023-10-31 09:57:08] | UserAccount_ID: 1 | UserID: 14 | Action: /admin-dashboard | 
[2023-10-31 09:57:10] | UserAccount_ID: 1 | UserID: 14 | Action: /admin-users | 
[2023-10-31 09:57:11] | UserAccount_ID: 1 | UserID: 14 | Action: /logout | 
[2023-10-31 09:57:11] | UserAccount_ID: 1 | UserID: NULL | Action: /login | 
[2023-10-31 09:57:15] | UserAccount_ID: 1 | UserID: NULL | Action: /login | email: test@gmail.com | password: ******** | 
[2023-10-31 09:57:16] | UserAccount_ID: 1 | UserID: 14 | Action: / | 
[2023-10-31 09:57:21] | UserAccount_ID: 1 | UserID: 14 | Action: /add-to-cart/7 | 
[2023-10-31 09:57:22] | UserAccount_ID: 1 | UserID: 14 | Action: /add-to-cart/8 | 
[2023-10-31 09:57:23] | UserAccount_ID: 1 | UserID: 14 | Action: /cart | 
[2023-10-31 09:57:24] | UserAccount_ID: 1 | UserID: 14 | Action: /checkout-order/false | 
[2023-10-31 09:57:24] | UserAccount_ID: 1 | UserID: 14 | Action: /payment/70/700 | 
[2023-10-31 09:57:25] | UserAccount_ID: 1 | UserID: 14 | Action: /order-paid/70 | 
[2023-10-31 09:57:28] | UserAccount_ID: 1 | UserID: 14 | Action: /order | 
[2023-10-31 09:57:30] | UserAccount_ID: 1 | UserID: 14 | Action: /products | 
[2023-10-31 09:57:32] | UserAccount_ID: 1 | UserID: 14 | Action: /add-to-cart/1 | 
[2023-10-31 09:57:32] | UserAccount_ID: 1 | UserID: 14 | Action: /add-to-cart/2 | 
[2023-10-31 09:57:33] | UserAccount_ID: 1 | UserID: 14 | Action: /add-to-cart/3 | 
[2023-10-31 09:57:33] | UserAccount_ID: 1 | UserID: 14 | Action: /add-to-cart/4 | 
[2023-10-31 09:57:34] | UserAccount_ID: 1 | UserID: 14 | Action: /cart | 
[2023-10-31 09:57:36] | UserAccount_ID: 1 | UserID: 14 | Action: /checkout-order/false | 
[2023-10-31 09:57:36] | UserAccount_ID: 1 | UserID: 14 | Action: /payment/71/1950 | 
[2023-10-31 09:57:38] | UserAccount_ID: 1 | UserID: 14 | Action: /order-paid/71 | 
[2023-10-31 09:57:41] | UserAccount_ID: 1 | UserID: 14 | Action: /order | 
[2023-10-31 10:02:21] | UserAccount_ID: 1 | UserID: 14 | Action: /order | 
[2023-10-31 10:02:27] | UserAccount_ID: 1 | UserID: 14 | Action: /logout | 
[2023-10-31 10:02:28] | UserAccount_ID: 1 | UserID: NULL | Action: /login | 
[2023-10-31 10:02:39] | UserAccount_ID: 1 | UserID: NULL | Action: /login | email: test@gmail.com | password: ******** | 
[2023-10-31 10:02:39] | UserAccount_ID: 1 | UserID: 14 | Action: / | 
[2023-10-31 10:11:18] | UserAccount_ID: 1 | UserID: 14 | Action: /admin | 
[2023-10-31 10:11:18] | UserAccount_ID: 1 | UserID: 14 | Action: /admin-login | 
[2023-10-31 10:11:23] | UserAccount_ID: 1 | UserID: 14 | Action: /admin-login | email: test@gmail.com | password: ******** | 
[2023-10-31 10:11:23] | UserAccount_ID: 1 | UserID: 14 | Action: /admin-dashboard | 
[2023-10-31 10:11:50] | UserAccount_ID: 1 | UserID: 14 | Action: /admin-dashboard | 
[2023-10-31 10:12:06] | UserAccount_ID: 1 | UserID: 14 | Action: /admin-dashboard | 
[2023-10-31 10:12:06] | UserAccount_ID: 1 | UserID: 14 | Action: /admin-dashboard | 
[2023-10-31 10:12:53] | UserAccount_ID: 1 | UserID: 14 | Action: /admin-dashboard | 
[2023-10-31 10:16:33] | UserAccount_ID: 1 | UserID: 14 | Action: /admin-dashboard | 
[2023-10-31 10:17:31] | UserAccount_ID: 1 | UserID: 14 | Action: /admin-dashboard | 
[2023-10-31 10:17:32] | UserAccount_ID: 1 | UserID: 14 | Action: /admin-dashboard | 
[2023-10-31 10:17:38] | UserAccount_ID: 1 | UserID: 14 | Action: /admin-dashboard | 
[2023-10-31 10:17:39] | UserAccount_ID: 1 | UserID: 14 | Action: /admin-dashboard | 
[2023-10-31 10:17:39] | UserAccount_ID: 1 | UserID: 14 | Action: /admin-dashboard | 
[2023-10-31 10:17:39] | UserAccount_ID: 1 | UserID: 14 | Action: /admin-dashboard | 
[2023-10-31 10:17:39] | UserAccount_ID: 1 | UserID: 14 | Action: /admin-dashboard | 
[2023-10-31 10:17:39] | UserAccount_ID: 1 | UserID: 14 | Action: /admin-dashboard | 
[2023-10-31 10:17:40] | UserAccount_ID: 1 | UserID: 14 | Action: /admin-dashboard | 
[2023-10-31 10:17:40] | UserAccount_ID: 1 | UserID: 14 | Action: /admin-dashboard | 
[2023-10-31 10:17:40] | UserAccount_ID: 1 | UserID: 14 | Action: /admin-dashboard | 
[2023-10-31 10:17:44] | UserAccount_ID: 1 | UserID: 14 | Action: /admin-dashboard | 
[2023-10-31 10:17:45] | UserAccount_ID: 1 | UserID: 14 | Action: /admin-dashboard | 
[2023-10-31 10:19:19] | UserAccount_ID: 1 | UserID: 14 | Action: /admin-dashboard | 
[2023-10-31 10:20:36] | UserAccount_ID: 1 | UserID: 14 | Action: /admin-dashboard | 
[2023-10-31 10:20:37] | UserAccount_ID: 1 | UserID: 14 | Action: /admin-dashboard | 
[2023-10-31 10:20:38] | UserAccount_ID: 1 | UserID: 14 | Action: /admin-dashboard | 
[2023-10-31 10:21:32] | UserAccount_ID: 1 | UserID: 14 | Action: /admin-dashboard | 
[2023-10-31 10:22:08] | UserAccount_ID: 1 | UserID: 14 | Action: /admin-dashboard | 
[2023-10-31 10:22:17] | UserAccount_ID: 1 | UserID: 14 | Action: /admin-dashboard | 
[2023-10-31 10:22:34] | UserAccount_ID: 1 | UserID: 14 | Action: /admin-dashboard | 
[2023-10-31 10:26:55] | UserAccount_ID: 1 | UserID: 14 | Action: /admin-dashboard | 
[2023-10-31 10:27:37] | UserAccount_ID: 1 | UserID: 14 | Action: /admin-dashboard | 
[2023-10-31 10:27:54] | UserAccount_ID: 1 | UserID: 14 | Action: /admin-dashboard | 
[2023-10-31 10:27:59] | UserAccount_ID: 1 | UserID: 14 | Action: /admin-dashboard | 
[2023-10-31 10:28:13] | UserAccount_ID: 1 | UserID: 14 | Action: /admin-dashboard | 
[2023-10-31 10:28:24] | UserAccount_ID: 1 | UserID: 14 | Action: /admin-dashboard | 
[2023-10-31 10:30:41] | UserAccount_ID: 1 | UserID: 14 | Action: /admin-dashboard | 
[2023-10-31 10:34:59] | UserAccount_ID: 1 | UserID: 14 | Action: /admin-dashboard | 
[2023-10-31 10:35:18] | UserAccount_ID: 1 | UserID: 14 | Action: /admin-dashboard | 
[2023-10-31 10:35:52] | UserAccount_ID: 1 | UserID: 14 | Action: /admin-dashboard | 
[2023-10-31 10:36:00] | UserAccount_ID: 1 | UserID: 14 | Action: /admin-dashboard | 
[2023-10-31 10:36:27] | UserAccount_ID: 1 | UserID: 14 | Action: /admin-dashboard | 
[2023-10-31 10:37:14] | UserAccount_ID: 1 | UserID: 14 | Action: /admin-dashboard | 
[2023-10-31 10:37:30] | UserAccount_ID: 1 | UserID: 14 | Action: /admin-dashboard | 
[2023-10-31 10:39:48] | UserAccount_ID: 1 | UserID: 14 | Action: /admin-dashboard | 
[2023-10-31 10:41:19] | UserAccount_ID: 1 | UserID: 14 | Action: /admin-dashboard | 
[2023-10-31 10:41:29] | UserAccount_ID: 1 | UserID: 14 | Action: /admin-dashboard | 
[2023-10-31 10:41:43] | UserAccount_ID: 1 | UserID: 14 | Action: /admin-dashboard | 
[2023-10-31 10:42:14] | UserAccount_ID: 1 | UserID: 14 | Action: /admin-dashboard | 
[2023-10-31 10:42:16] | UserAccount_ID: 1 | UserID: 14 | Action: /admin-dashboard | 
[2023-10-31 10:42:23] | UserAccount_ID: 1 | UserID: 14 | Action: /admin-dashboard | 
[2023-10-31 10:42:30] | UserAccount_ID: 1 | UserID: 14 | Action: /admin-dashboard | 
[2023-10-31 10:42:44] | UserAccount_ID: 1 | UserID: 14 | Action: /admin-dashboard | 
[2023-10-31 10:43:01] | UserAccount_ID: 1 | UserID: 14 | Action: /admin-dashboard | 
[2023-10-31 10:43:18] | UserAccount_ID: 1 | UserID: 14 | Action: /admin-dashboard | 
[2023-10-31 10:43:18] | UserAccount_ID: 1 | UserID: 14 | Action: /admin-dashboard | 
[2023-10-31 10:43:19] | UserAccount_ID: 1 | UserID: 14 | Action: /admin-dashboard | 
[2023-10-31 10:43:31] | UserAccount_ID: 1 | UserID: 14 | Action: /admin-dashboard | 
[2023-10-31 10:43:32] | UserAccount_ID: 1 | UserID: 14 | Action: /admin-dashboard | 
[2023-10-31 10:43:31] | UserAccount_ID: 1 | UserID: 14 | Action: /admin-dashboard | 
[2023-10-31 10:43:36] | UserAccount_ID: 1 | UserID: 14 | Action: /admin-dashboard | 
[2023-10-31 10:43:36] | UserAccount_ID: 1 | UserID: 14 | Action: /admin-dashboard | 
[2023-10-31 10:43:46] | UserAccount_ID: 1 | UserID: 14 | Action: /admin-dashboard | 
[2023-10-31 10:45:11] | UserAccount_ID: 1 | UserID: 14 | Action: /admin-dashboard | 
[2023-10-31 10:45:17] | UserAccount_ID: 1 | UserID: 14 | Action: /admin-dashboard | 
[2023-10-31 10:45:22] | UserAccount_ID: 1 | UserID: 14 | Action: /admin-dashboard | 
[2023-10-31 10:45:29] | UserAccount_ID: 1 | UserID: 14 | Action: /admin-dashboard | 
[2023-10-31 10:45:34] | UserAccount_ID: 1 | UserID: 14 | Action: /admin-dashboard | 
[2023-10-31 10:45:39] | UserAccount_ID: 1 | UserID: 14 | Action: /admin-dashboard | 
[2023-10-31 10:46:45] | UserAccount_ID: 1 | UserID: 14 | Action: /admin-dashboard | 
[2023-10-31 10:46:46] | UserAccount_ID: 1 | UserID: 14 | Action: /admin-dashboard | 
[2023-10-31 10:46:52] | UserAccount_ID: 1 | UserID: 14 | Action: /admin-dashboard | 
[2023-10-31 10:47:30] | UserAccount_ID: 1 | UserID: 14 | Action: /admin-dashboard | 
[2023-10-31 10:47:31] | UserAccount_ID: 1 | UserID: 14 | Action: /admin-dashboard | 
[2023-10-31 10:47:35] | UserAccount_ID: 1 | UserID: 14 | Action: /admin-dashboard | 
[2023-10-31 10:47:55] | UserAccount_ID: 1 | UserID: 14 | Action: /admin-dashboard | 
[2023-10-31 10:48:11] | UserAccount_ID: 1 | UserID: 14 | Action: /admin-dashboard | 
[2023-10-31 10:48:18] | UserAccount_ID: 1 | UserID: 14 | Action: /admin-dashboard | 
[2023-10-31 10:48:29] | UserAccount_ID: 1 | UserID: 14 | Action: /admin-dashboard | 
[2023-10-31 10:48:33] | UserAccount_ID: 1 | UserID: 14 | Action: /admin-dashboard | 
[2023-10-31 10:49:07] | UserAccount_ID: 1 | UserID: 14 | Action: /admin-dashboard | 
[2023-10-31 10:49:33] | UserAccount_ID: 1 | UserID: 14 | Action: /admin-dashboard | 
[2023-10-31 10:50:16] | UserAccount_ID: 1 | UserID: 14 | Action: /admin-dashboard | 
[2023-10-31 10:51:22] | UserAccount_ID: 1 | UserID: 14 | Action: /admin-dashboard | 
[2023-10-31 10:51:23] | UserAccount_ID: 1 | UserID: 14 | Action: /admin-dashboard | 
[2023-10-31 10:51:25] | UserAccount_ID: 1 | UserID: 14 | Action: /admin-dashboard | 
[2023-10-31 10:51:25] | UserAccount_ID: 1 | UserID: 14 | Action: /admin-dashboard | 
[2023-10-31 10:51:28] | UserAccount_ID: 1 | UserID: 14 | Action: /admin-dashboard | 
[2023-10-31 10:51:29] | UserAccount_ID: 1 | UserID: 14 | Action: /admin-dashboard | 
[2023-10-31 10:51:29] | UserAccount_ID: 1 | UserID: 14 | Action: /admin-dashboard | 
[2023-10-31 10:51:29] | UserAccount_ID: 1 | UserID: 14 | Action: /admin-dashboard | 
[2023-10-31 10:51:40] | UserAccount_ID: 1 | UserID: 14 | Action: /admin-dashboard | 
[2023-10-31 10:51:40] | UserAccount_ID: 1 | UserID: 14 | Action: /admin-dashboard | 
[2023-10-31 10:52:12] | UserAccount_ID: 1 | UserID: 14 | Action: /admin-dashboard | 
[2023-10-31 10:52:13] | UserAccount_ID: 1 | UserID: 14 | Action: /admin-dashboard | 
[2023-10-31 10:52:21] | UserAccount_ID: 1 | UserID: 14 | Action: /admin-dashboard | 
[2023-10-31 10:52:43] | UserAccount_ID: 1 | UserID: 14 | Action: /admin-dashboard | 
[2023-10-31 10:52:43] | UserAccount_ID: 1 | UserID: 14 | Action: /admin-dashboard | 
[2023-10-31 10:52:44] | UserAccount_ID: 1 | UserID: 14 | Action: /admin-dashboard | 
[2023-10-31 10:52:44] | UserAccount_ID: 1 | UserID: 14 | Action: /admin-dashboard | 
[2023-10-31 10:52:46] | UserAccount_ID: 1 | UserID: 14 | Action: /admin-dashboard | 
[2023-10-31 10:52:47] | UserAccount_ID: 1 | UserID: 14 | Action: /admin-dashboard | 
[2023-10-31 10:52:47] | UserAccount_ID: 1 | UserID: 14 | Action: /admin-dashboard | 
[2023-10-31 10:52:47] | UserAccount_ID: 1 | UserID: 14 | Action: /admin-dashboard | 
[2023-10-31 10:52:47] | UserAccount_ID: 1 | UserID: 14 | Action: /admin-dashboard | 
[2023-10-31 10:52:58] | UserAccount_ID: 1 | UserID: 14 | Action: /admin-dashboard | 
[2023-10-31 10:52:58] | UserAccount_ID: 1 | UserID: 14 | Action: /admin-dashboard | 
[2023-10-31 10:52:59] | UserAccount_ID: 1 | UserID: 14 | Action: /admin-dashboard | 
[2023-10-31 10:52:59] | UserAccount_ID: 1 | UserID: 14 | Action: /admin-dashboard | 
[2023-10-31 10:52:59] | UserAccount_ID: 1 | UserID: 14 | Action: /admin-dashboard | 
[2023-10-31 10:53:16] | UserAccount_ID: 1 | UserID: 14 | Action: /admin-dashboard | 
[2023-10-31 10:53:17] | UserAccount_ID: 1 | UserID: 14 | Action: /admin-dashboard | 
[2023-10-31 10:53:28] | UserAccount_ID: 1 | UserID: 14 | Action: /admin-dashboard | 
[2023-10-31 10:53:28] | UserAccount_ID: 1 | UserID: 14 | Action: /admin-dashboard | 
[2023-10-31 10:54:00] | UserAccount_ID: 1 | UserID: 14 | Action: /admin-dashboard | 
[2023-10-31 10:54:07] | UserAccount_ID: 1 | UserID: 14 | Action: /admin-dashboard | 
[2023-10-31 10:54:12] | UserAccount_ID: 1 | UserID: 14 | Action: /admin-dashboard | 
[2023-10-31 10:54:20] | UserAccount_ID: 1 | UserID: 14 | Action: /admin-dashboard | 
[2023-10-31 10:54:36] | UserAccount_ID: 1 | UserID: 14 | Action: /admin-dashboard | 
[2023-10-31 10:54:37] | UserAccount_ID: 1 | UserID: 14 | Action: /admin-dashboard | 
[2023-10-31 10:54:47] | UserAccount_ID: 1 | UserID: 14 | Action: /admin-dashboard | 
[2023-10-31 10:54:53] | UserAccount_ID: 1 | UserID: 14 | Action: /admin-dashboard | 
[2023-10-31 10:54:58] | UserAccount_ID: 1 | UserID: 14 | Action: /admin-dashboard | 
[2023-10-31 10:55:13] | UserAccount_ID: 1 | UserID: 14 | Action: /admin-dashboard | 
[2023-10-31 10:55:20] | UserAccount_ID: 1 | UserID: 14 | Action: /admin-dashboard | 
[2023-10-31 10:55:29] | UserAccount_ID: 1 | UserID: 14 | Action: /admin-dashboard | 
[2023-10-31 10:55:30] | UserAccount_ID: 1 | UserID: 14 | Action: /admin-dashboard | 
[2023-10-31 10:55:38] | UserAccount_ID: 1 | UserID: 14 | Action: /admin-dashboard | 
[2023-10-31 10:55:43] | UserAccount_ID: 1 | UserID: 14 | Action: /admin-dashboard | 
[2023-10-31 10:55:56] | UserAccount_ID: 1 | UserID: 14 | Action: /admin-dashboard | 
[2023-10-31 10:56:03] | UserAccount_ID: 1 | UserID: 14 | Action: /admin-dashboard | 
[2023-10-31 10:56:09] | UserAccount_ID: 1 | UserID: 14 | Action: /admin-dashboard | 
[2023-10-31 10:56:16] | UserAccount_ID: 1 | UserID: 14 | Action: /admin-dashboard | 
[2023-10-31 10:56:24] | UserAccount_ID: 1 | UserID: 14 | Action: /admin-dashboard | 
[2023-10-31 10:58:13] | UserAccount_ID: 1 | UserID: 14 | Action: /admin-dashboard | 
[2023-10-31 11:03:18] | UserAccount_ID: 1 | UserID: 14 | Action: /admin-dashboard | 
[2023-10-31 11:03:38] | UserAccount_ID: 1 | UserID: 14 | Action: /admin-dashboard | 
[2023-10-31 11:03:39] | UserAccount_ID: 1 | UserID: 14 | Action: /admin-dashboard | 
[2023-10-31 11:03:39] | UserAccount_ID: 1 | UserID: 14 | Action: /admin-dashboard | 
[2023-10-31 11:03:40] | UserAccount_ID: 1 | UserID: 14 | Action: /admin-dashboard | 
[2023-10-31 11:03:40] | UserAccount_ID: 1 | UserID: 14 | Action: /admin-dashboard | 
[2023-10-31 11:04:00] | UserAccount_ID: 1 | UserID: 14 | Action: /admin-dashboard | 
[2023-10-31 11:04:01] | UserAccount_ID: 1 | UserID: 14 | Action: /admin-login | 
[2023-10-31 11:04:07] | UserAccount_ID: 1 | UserID: 14 | Action: /admin-login | email: test@gmail.com | password: ******** | 
[2023-10-31 11:04:08] | UserAccount_ID: 1 | UserID: 14 | Action: /admin-dashboard | 
[2023-10-31 11:04:16] | UserAccount_ID: 1 | UserID: 14 | Action: /admin-dashboard | 
[2023-10-31 11:05:22] | UserAccount_ID: 1 | UserID: 14 | Action: /admin-dashboard | 
[2023-10-31 11:08:15] | UserAccount_ID: 1 | UserID: 14 | Action: /admin-dashboard | 
[2023-10-31 11:11:06] | UserAccount_ID: 1 | UserID: 14 | Action: /admin-dashboard | 
[2023-10-31 11:11:12] | UserAccount_ID: 1 | UserID: 14 | Action: /admin-dashboard | 
[2023-10-31 11:19:45] | UserAccount_ID: 1 | UserID: 14 | Action: /admin-dashboard | 
[2023-10-31 11:19:49] | UserAccount_ID: 1 | UserID: 14 | Action: /admin-dashboard | 
[2023-10-31 11:20:06] | UserAccount_ID: 1 | UserID: 14 | Action: /admin-users | 
[2023-10-31 11:20:27] | UserAccount_ID: 1 | UserID: 14 | Action: /does-user-exist/14 | 
[2023-10-31 11:20:28] | UserAccount_ID: 1 | UserID: 14 | Action: /admin-user-info/14 | 
[2023-10-31 11:20:50] | UserAccount_ID: 1 | UserID: 14 | Action: /reset-password/14 | 
[2023-10-31 11:20:52] | UserAccount_ID: 1 | UserID: 14 | Action: /logout | 
[2023-10-31 11:20:52] | UserAccount_ID: 1 | UserID: NULL | Action: /login | 
[2023-10-31 11:21:00] | UserAccount_ID: 1 | UserID: NULL | Action: /login | email: test@gmail.com | password: ******** | 
[2023-10-31 11:21:07] | UserAccount_ID: 1 | UserID: 14 | Action: /renew-password | password: ******** | password_confirm: ******** | 
[2023-10-31 11:21:07] | UserAccount_ID: 1 | UserID: NULL | Action: /login | 
[2023-10-31 11:21:10] | UserAccount_ID: 1 | UserID: NULL | Action: /admin | 
[2023-10-31 11:21:10] | UserAccount_ID: 1 | UserID: NULL | Action: /admin-login | 
[2023-10-31 11:21:14] | UserAccount_ID: 1 | UserID: NULL | Action: /admin-login | email: test@gmail.com | password: ******** | 
[2023-10-31 11:21:14] | UserAccount_ID: 1 | UserID: NULL | Action: /admin-dashboard | 
[2023-10-31 11:21:16] | UserAccount_ID: 1 | UserID: NULL | Action: /admin-users | 
[2023-10-31 11:21:18] | UserAccount_ID: 1 | UserID: NULL | Action: /admin-user-info/14 | 
[2023-10-31 11:21:24] | UserAccount_ID: 1 | UserID: NULL | Action: /disable-user/14 | 
[2023-10-31 11:21:24] | UserAccount_ID: 1 | UserID: NULL | Action: /admin-user-info/14 | 
[2023-10-31 11:21:31] | UserAccount_ID: 1 | UserID: NULL | Action: /enable-user/14 | 
[2023-10-31 11:21:31] | UserAccount_ID: 1 | UserID: NULL | Action: /admin-user-info/14 | 
[2023-10-31 11:21:39] | UserAccount_ID: 1 | UserID: NULL | Action: /edit-user-data | customer_id: 14 | email: test@gmail.com | firstname: Test1 | lastname: Test1 | street: ddddddd123 | zipcode: ddddddd1234 | city: ddddddd123 | 
[2023-10-31 11:21:39] | UserAccount_ID: 1 | UserID: NULL | Action: /admin-user-info/14 | 
[2023-10-31 11:21:41] | UserAccount_ID: 1 | UserID: NULL | Action: /admin-user-info/14 | 
[2023-10-31 11:21:41] | UserAccount_ID: 1 | UserID: NULL | Action: /admin-user-info/14 | 
[2023-10-31 11:21:45] | UserAccount_ID: 1 | UserID: NULL | Action: /admin-orders | 
[2023-10-31 11:21:49] | UserAccount_ID: 1 | UserID: NULL | Action: /does-order-exist/41 | 
[2023-10-31 11:21:49] | UserAccount_ID: 1 | UserID: NULL | Action: /admin-order-info/41 | 
[2023-10-31 11:21:55] | UserAccount_ID: 1 | UserID: NULL | Action: /admin-orders | 
[2023-10-31 11:22:06] | UserAccount_ID: 1 | UserID: NULL | Action: / | 
[2023-10-31 11:22:07] | UserAccount_ID: 1 | UserID: NULL | Action: /add-to-cart/5 | 
[2023-10-31 11:22:08] | UserAccount_ID: 1 | UserID: NULL | Action: /cart | 
[2023-10-31 11:22:12] | UserAccount_ID: 1 | UserID: NULL | Action: /login | 
[2023-10-31 11:22:17] | UserAccount_ID: 1 | UserID: NULL | Action: /login | email: test@gmail.com | password: ******** | 
[2023-10-31 11:22:18] | UserAccount_ID: 1 | UserID: 14 | Action: / | 
[2023-10-31 11:22:22] | UserAccount_ID: 1 | UserID: 14 | Action: /add-to-cart/3 | 
[2023-10-31 11:22:22] | UserAccount_ID: 1 | UserID: 14 | Action: /add-to-cart/2 | 
[2023-10-31 11:22:23] | UserAccount_ID: 1 | UserID: 14 | Action: /add-to-cart/1 | 
[2023-10-31 11:22:23] | UserAccount_ID: 1 | UserID: 14 | Action: /add-to-cart/5 | 
[2023-10-31 11:22:23] | UserAccount_ID: 1 | UserID: 14 | Action: /add-to-cart/5 | 
[2023-10-31 11:22:23] | UserAccount_ID: 1 | UserID: 14 | Action: /add-to-cart/5 | 
[2023-10-31 11:22:24] | UserAccount_ID: 1 | UserID: 14 | Action: /add-to-cart/6 | 
[2023-10-31 11:22:24] | UserAccount_ID: 1 | UserID: 14 | Action: /add-to-cart/6 | 
[2023-10-31 11:22:24] | UserAccount_ID: 1 | UserID: 14 | Action: /add-to-cart/7 | 
[2023-10-31 11:22:25] | UserAccount_ID: 1 | UserID: 14 | Action: /add-to-cart/8 | 
[2023-10-31 11:22:25] | UserAccount_ID: 1 | UserID: 14 | Action: /add-to-cart/8 | 
[2023-10-31 11:22:26] | UserAccount_ID: 1 | UserID: 14 | Action: /cart | 
[2023-10-31 11:22:31] | UserAccount_ID: 1 | UserID: 14 | Action: /checkout-order/false | 
[2023-10-31 11:22:31] | UserAccount_ID: 1 | UserID: 14 | Action: /payment/72/2610 | 
[2023-10-31 11:22:34] | UserAccount_ID: 1 | UserID: 14 | Action: /cart | 
[2023-10-31 11:22:39] | UserAccount_ID: 1 | UserID: 14 | Action: /cart | 
[2023-10-31 11:22:40] | UserAccount_ID: 1 | UserID: 14 | Action: /ordered | 
[2023-10-31 11:22:47] | UserAccount_ID: 1 | UserID: 14 | Action: /admin | 
[2023-10-31 11:22:49] | UserAccount_ID: 1 | UserID: 14 | Action: /admin-orders | 
[2023-10-31 11:22:51] | UserAccount_ID: 1 | UserID: 14 | Action: /admin-order-info/72 | 
[2023-10-31 11:22:56] | UserAccount_ID: 1 | UserID: 14 | Action: /admin-order-info/72 | 
[2023-10-31 11:23:02] | UserAccount_ID: 1 | UserID: 14 | Action: /admin-orders | 
[2023-10-31 11:23:02] | UserAccount_ID: 1 | UserID: 14 | Action: /admin | 
[2023-10-31 11:23:06] | UserAccount_ID: 1 | UserID: 14 | Action: /admin | 
[2023-10-31 11:23:25] | UserAccount_ID: 1 | UserID: 14 | Action: / | 
[2023-10-31 11:23:28] | UserAccount_ID: 1 | UserID: 14 | Action: /admin | 
[2023-10-31 11:23:30] | UserAccount_ID: 1 | UserID: 14 | Action: /admin-orders | 
[2023-10-31 11:23:31] | UserAccount_ID: 1 | UserID: 14 | Action: /admin-order-info/72 | 
[2023-10-31 11:24:16] | UserAccount_ID: 1 | UserID: 14 | Action: /admin | 
[2023-10-31 11:24:18] | UserAccount_ID: 1 | UserID: 14 | Action: /admin-orders | 
[2023-10-31 11:24:18] | UserAccount_ID: 1 | UserID: 14 | Action: /admin-order-info/41 | 
[2023-10-31 11:24:20] | UserAccount_ID: 1 | UserID: 14 | Action: /admin-orders | 
[2023-10-31 11:24:21] | UserAccount_ID: 1 | UserID: 14 | Action: /admin-order-info/72 | 
[2023-10-31 11:24:26] | UserAccount_ID: 1 | UserID: 14 | Action: /admin-orders | 
[2023-10-31 11:24:31] | UserAccount_ID: 1 | UserID: 14 | Action: / | 
[2023-10-31 11:24:33] | UserAccount_ID: 1 | UserID: 14 | Action: /add-to-cart/7 | 
[2023-10-31 11:24:34] | UserAccount_ID: 1 | UserID: 14 | Action: /cart | 
[2023-10-31 11:24:35] | UserAccount_ID: 1 | UserID: 14 | Action: /products | 
[2023-10-31 11:24:37] | UserAccount_ID: 1 | UserID: 14 | Action: /add-to-cart/12 | 
[2023-10-31 11:24:38] | UserAccount_ID: 1 | UserID: 14 | Action: /cart | 
[2023-10-31 11:24:41] | UserAccount_ID: 1 | UserID: 14 | Action: /checkout-order/false | 
[2023-10-31 11:24:41] | UserAccount_ID: 1 | UserID: 14 | Action: /payment/73/130 | 
[2023-10-31 11:24:45] | UserAccount_ID: 1 | UserID: 14 | Action: /admin | 
[2023-10-31 11:24:46] | UserAccount_ID: 1 | UserID: 14 | Action: /admin-orders | 
[2023-10-31 11:24:48] | UserAccount_ID: 1 | UserID: 14 | Action: /admin-order-info/73 | 
[2023-10-31 11:24:51] | UserAccount_ID: 1 | UserID: 14 | Action: /mark-paid/73 | 
[2023-10-31 11:24:51] | UserAccount_ID: 1 | UserID: 14 | Action: /admin-order-info/73 | 
[2023-10-31 11:24:53] | UserAccount_ID: 1 | UserID: 14 | Action: /cancel-order/73 | 
[2023-10-31 11:24:53] | UserAccount_ID: 1 | UserID: 14 | Action: /admin-order-info/73 | 
[2023-10-31 11:24:55] | UserAccount_ID: 1 | UserID: 14 | Action: /admin-order-info/73 | 
[2023-10-31 11:25:02] | UserAccount_ID: 1 | UserID: 14 | Action: /admin-users | 
[2023-10-31 11:25:04] | UserAccount_ID: 1 | UserID: 14 | Action: /admin-orders | 
[2023-10-31 11:25:06] | UserAccount_ID: 1 | UserID: 14 | Action: /admin-users | 
[2023-10-31 11:25:31] | UserAccount_ID: 1 | UserID: 14 | Action: /admin-user-info/14 | 
[2023-10-31 11:25:32] | UserAccount_ID: 1 | UserID: 14 | Action: /admin-orders | 
[2023-10-31 11:25:33] | UserAccount_ID: 1 | UserID: 14 | Action: /admin-order-info/41 | 
[2023-10-31 11:26:01] | UserAccount_ID: 1 | UserID: 14 | Action: /admin-order-info/41 | 
[2023-10-31 11:26:03] | UserAccount_ID: 1 | UserID: 14 | Action: /admin-orders | 
[2023-10-31 11:26:04] | UserAccount_ID: 1 | UserID: 14 | Action: /admin-order-info/72 | 
[2023-10-31 11:26:13] | UserAccount_ID: 1 | UserID: 14 | Action: / | 
[2023-10-31 11:26:54] | UserAccount_ID: 1 | UserID: 14 | Action: /admin | 
[2023-10-31 11:26:55] | UserAccount_ID: 1 | UserID: 14 | Action: /admin-orders | 
[2023-10-31 11:26:56] | UserAccount_ID: 1 | UserID: 14 | Action: /admin-order-info/72 | 
[2023-10-31 11:30:19] | UserAccount_ID: 1 | UserID: 14 | Action: /admin-order-info/72 | 
[2023-10-31 11:30:20] | UserAccount_ID: 1 | UserID: 14 | Action: /admin-order-info/72 | 
[2023-10-31 11:30:20] | UserAccount_ID: 1 | UserID: 14 | Action: /admin-order-info/72 | 
[2023-10-31 11:30:20] | UserAccount_ID: 1 | UserID: 14 | Action: /admin-order-info/72 | 
[2023-10-31 11:30:37] | UserAccount_ID: 1 | UserID: 14 | Action: /admin-order-info/72 | 
[2023-10-31 11:31:03] | UserAccount_ID: 1 | UserID: 14 | Action: /admin-order-info/72 | 
[2023-10-31 11:31:04] | UserAccount_ID: 1 | UserID: 14 | Action: /admin-order-info/72 | 
[2023-10-31 11:31:04] | UserAccount_ID: 1 | UserID: 14 | Action: /admin-order-info/72 | 
[2023-10-31 11:31:17] | UserAccount_ID: 1 | UserID: 14 | Action: /admin-order-info/72 | 
[2023-10-31 11:31:25] | UserAccount_ID: 1 | UserID: 14 | Action: /admin-order-info/72 | 
[2023-10-31 11:31:29] | UserAccount_ID: 1 | UserID: 14 | Action: /admin-order-info/72 | 
[2023-10-31 11:31:30] | UserAccount_ID: 1 | UserID: 14 | Action: /admin-order-info/72 | 
[2023-10-31 11:31:38] | UserAccount_ID: 1 | UserID: 14 | Action: / | 
[2023-10-31 11:31:40] | UserAccount_ID: 1 | UserID: 14 | Action: /ordered | 
[2023-10-31 11:31:43] | UserAccount_ID: 1 | UserID: 14 | Action: /payment/72/2610.00 | 
[2023-10-31 11:31:44] | UserAccount_ID: 1 | UserID: 14 | Action: /order-paid/72 | 
[2023-10-31 11:31:47] | UserAccount_ID: 1 | UserID: 14 | Action: /order | 
[2023-10-31 11:31:49] | UserAccount_ID: 1 | UserID: 14 | Action: /ordered | 
[2023-10-31 11:31:50] | UserAccount_ID: 1 | UserID: 14 | Action: /orderinfo/72 | 
[2023-10-31 11:32:15] | UserAccount_ID: 1 | UserID: 14 | Action: /orderinfo/72 | 
[2023-10-31 11:32:27] | UserAccount_ID: 1 | UserID: 14 | Action: /orderinfo/72 | 
[2023-10-31 11:32:41] | UserAccount_ID: 1 | UserID: 14 | Action: /orderinfo/72 | 
[2023-10-31 11:32:43] | UserAccount_ID: 1 | UserID: 14 | Action: /orderinfo/72 | 
[2023-10-31 11:32:51] | UserAccount_ID: 1 | UserID: 14 | Action: /orderinfo/72 | 
[2023-10-31 11:32:57] | UserAccount_ID: 1 | UserID: 14 | Action: /orderinfo/72 | 
[2023-10-31 11:33:26] | UserAccount_ID: 1 | UserID: 14 | Action: /logout | 
[2023-10-31 11:33:27] | UserAccount_ID: 1 | UserID: NULL | Action: /login | 
[2023-10-31 11:33:28] | UserAccount_ID: 1 | UserID: NULL | Action: /products | 
[2023-10-31 11:33:30] | UserAccount_ID: 1 | UserID: NULL | Action: /login | 
[2023-10-31 11:33:31] | UserAccount_ID: 1 | UserID: NULL | Action: /cart | 
[2023-10-31 11:34:24] | UserAccount_ID: 1 | UserID: NULL | Action: /cart | 
[2023-10-31 11:35:02] | UserAccount_ID: 1 | UserID: NULL | Action: /admin | 
[2023-10-31 11:35:02] | UserAccount_ID: 1 | UserID: NULL | Action: /admin-login | 
[2023-10-31 11:35:05] | UserAccount_ID: 1 | UserID: NULL | Action: /admin-login | email: test@gmail.com | password: ******** | 
[2023-10-31 11:35:06] | UserAccount_ID: 1 | UserID: NULL | Action: /admin-dashboard | 
[2023-10-31 11:35:13] | UserAccount_ID: 1 | UserID: NULL | Action: /admin-orders | 
[2023-10-31 11:35:15] | UserAccount_ID: 1 | UserID: NULL | Action: /admin-order-info/72 | 
[2023-10-31 11:43:02] | UserAccount_ID: 1 | UserID: NULL | Action: /cancel-order/72 | 
[2023-10-31 11:43:02] | UserAccount_ID: 1 | UserID: NULL | Action: /admin-order-info/72 | 
[2023-10-31 11:43:04] | UserAccount_ID: 1 | UserID: NULL | Action: /admin-users | 
[2023-10-31 11:44:06] | UserAccount_ID: 1 | UserID: NULL | Action: /does-user-exist/16 | 
[2023-10-31 11:44:06] | UserAccount_ID: 1 | UserID: NULL | Action: /admin-user-info/16 | 
[2023-10-31 11:44:09] | UserAccount_ID: 1 | UserID: NULL | Action: /admin-dashboard | 
[2023-10-31 12:50:10] | UserAccount_ID: 1 | UserID: NULL | Action: /admin-dashboard | 
[2023-10-31 12:52:08] | UserAccount_ID: 1 | UserID: NULL | Action: /admin-dashboard | 
[2023-10-31 12:52:20] | UserAccount_ID: 1 | UserID: NULL | Action: /admin-dashboard | 
[2023-10-31 12:54:45] | UserAccount_ID: 1 | UserID: NULL | Action: /admin-dashboard | 
[2023-10-31 12:55:44] | UserAccount_ID: 1 | UserID: NULL | Action: /admin-dashboard | 
[2023-10-31 12:56:12] | UserAccount_ID: 1 | UserID: NULL | Action: /admin-dashboard | 
[2023-10-31 12:56:18] | UserAccount_ID: 1 | UserID: NULL | Action: /admin-dashboard | 
[2023-10-31 13:02:29] | UserAccount_ID: 1 | UserID: NULL | Action: /admin-dashboard | 
[2023-10-31 13:02:50] | UserAccount_ID: 1 | UserID: NULL | Action: /admin-dashboard | 
[2023-10-31 13:03:37] | UserAccount_ID: 1 | UserID: NULL | Action: /admin-dashboard | 
[2023-10-31 13:04:59] | UserAccount_ID: 1 | UserID: NULL | Action: /admin-dashboard | 
[2023-10-31 13:05:08] | UserAccount_ID: 1 | UserID: NULL | Action: /admin-dashboard | 
[2023-10-31 13:07:35] | UserAccount_ID: 1 | UserID: NULL | Action: /admin-dashboard | 
[2023-10-31 13:07:40] | UserAccount_ID: 1 | UserID: NULL | Action: /admin-dashboard | 
[2023-10-31 13:08:18] | UserAccount_ID: 1 | UserID: NULL | Action: /admin-dashboard | 
[2023-10-31 13:08:23] | UserAccount_ID: 1 | UserID: NULL | Action: /admin-dashboard | 
[2023-10-31 13:08:30] | UserAccount_ID: 1 | UserID: NULL | Action: /admin-dashboard | 
[2023-10-31 13:08:37] | UserAccount_ID: 1 | UserID: NULL | Action: /admin-dashboard | 
[2023-10-31 13:08:49] | UserAccount_ID: 1 | UserID: NULL | Action: /admin-dashboard | 
[2023-10-31 13:08:53] | UserAccount_ID: 1 | UserID: NULL | Action: /admin-dashboard | 
[2023-10-31 13:08:55] | UserAccount_ID: 1 | UserID: NULL | Action: /admin-dashboard | 
[2023-10-31 13:08:57] | UserAccount_ID: 1 | UserID: NULL | Action: /admin-dashboard | 
[2023-10-31 13:10:06] | UserAccount_ID: 1 | UserID: NULL | Action: /admin-dashboard | 
[2023-10-31 13:10:07] | UserAccount_ID: 1 | UserID: NULL | Action: /admin-dashboard | 
[2023-10-31 13:10:08] | UserAccount_ID: 1 | UserID: NULL | Action: /admin-dashboard | 
[2023-10-31 13:10:25] | UserAccount_ID: 1 | UserID: NULL | Action: /admin-dashboard | 
[2023-10-31 13:10:30] | UserAccount_ID: 1 | UserID: NULL | Action: /admin-dashboard | 
[2023-10-31 13:10:44] | UserAccount_ID: 1 | UserID: NULL | Action: /admin-dashboard | 
[2023-10-31 13:11:44] | UserAccount_ID: 1 | UserID: NULL | Action: /admin-dashboard | 
[2023-10-31 13:13:28] | UserAccount_ID: 1 | UserID: NULL | Action: /admin-dashboard | 
[2023-10-31 13:13:28] | UserAccount_ID: 1 | UserID: NULL | Action: /admin-dashboard | 
[2023-10-31 13:14:02] | UserAccount_ID: 1 | UserID: NULL | Action: /admin-dashboard | 
[2023-10-31 13:14:03] | UserAccount_ID: 1 | UserID: NULL | Action: /admin-dashboard | 
[2023-10-31 13:14:15] | UserAccount_ID: 1 | UserID: NULL | Action: /admin-dashboard | 
[2023-10-31 13:14:57] | UserAccount_ID: 1 | UserID: NULL | Action: /admin-dashboard | 
[2023-10-31 13:15:02] | UserAccount_ID: 1 | UserID: NULL | Action: /admin-dashboard | 
[2023-10-31 13:17:55] | UserAccount_ID: 1 | UserID: NULL | Action: /admin-dashboard | 
[2023-10-31 13:18:29] | UserAccount_ID: 1 | UserID: NULL | Action: /admin-dashboard | 
[2023-10-31 13:19:31] | UserAccount_ID: 1 | UserID: NULL | Action: /admin-dashboard | 
[2023-10-31 13:21:15] | UserAccount_ID: 1 | UserID: NULL | Action: /admin-dashboard | 
[2023-10-31 13:21:49] | UserAccount_ID: 1 | UserID: NULL | Action: /admin-dashboard | 
[2023-10-31 13:33:56] | UserAccount_ID: 1 | UserID: NULL | Action: /admin-dashboard | 
[2023-10-31 13:34:02] | UserAccount_ID: 1 | UserID: NULL | Action: /admin-dashboard | 
[2023-10-31 13:34:40] | UserAccount_ID: 1 | UserID: NULL | Action: /admin-dashboard | 
[2023-10-31 13:37:46] | UserAccount_ID: 1 | UserID: NULL | Action: /admin-dashboard | 
[2023-10-31 13:40:10] | UserAccount_ID: 1 | UserID: NULL | Action: /admin-dashboard | 
[2023-10-31 13:40:11] | UserAccount_ID: 1 | UserID: NULL | Action: /admin-dashboard | 
[2023-10-31 13:40:28] | UserAccount_ID: 1 | UserID: NULL | Action: /admin-dashboard | 
[2023-10-31 13:43:08] | UserAccount_ID: 1 | UserID: NULL | Action: /admin-dashboard | 
[2023-10-31 13:43:10] | UserAccount_ID: 1 | UserID: NULL | Action: /admin-dashboard | 
[2023-10-31 13:43:16] | UserAccount_ID: 1 | UserID: NULL | Action: /admin-dashboard | 
[2023-10-31 13:43:17] | UserAccount_ID: 1 | UserID: NULL | Action: /admin-dashboard | 
[2023-10-31 13:43:25] | UserAccount_ID: 1 | UserID: NULL | Action: /admin-dashboard | 
[2023-10-31 13:44:09] | UserAccount_ID: 1 | UserID: NULL | Action: /admin-dashboard | 
[2023-10-31 13:44:55] | UserAccount_ID: 1 | UserID: NULL | Action: /admin-dashboard | 
[2023-10-31 13:46:15] | UserAccount_ID: 1 | UserID: NULL | Action: /admin-dashboard | 
[2023-10-31 13:48:20] | UserAccount_ID: 1 | UserID: NULL | Action: /admin-dashboard | 
[2023-10-31 13:48:27] | UserAccount_ID: 1 | UserID: NULL | Action: /admin-dashboard | 
[2023-10-31 13:49:01] | UserAccount_ID: 1 | UserID: NULL | Action: /admin-dashboard | 
[2023-10-31 13:49:02] | UserAccount_ID: 1 | UserID: NULL | Action: /admin-dashboard | 
[2023-10-31 13:49:06] | UserAccount_ID: 1 | UserID: NULL | Action: /admin-dashboard | 
[2023-10-31 13:49:53] | UserAccount_ID: 1 | UserID: NULL | Action: / | 
[2023-10-31 13:49:55] | UserAccount_ID: 1 | UserID: NULL | Action: /products | 
[2023-10-31 13:49:57] | UserAccount_ID: 1 | UserID: NULL | Action: /add-to-cart/36 | 
[2023-10-31 13:49:57] | UserAccount_ID: 1 | UserID: NULL | Action: /add-to-cart/36 | 
[2023-10-31 13:49:57] | UserAccount_ID: 1 | UserID: NULL | Action: /add-to-cart/36 | 
[2023-10-31 13:49:57] | UserAccount_ID: 1 | UserID: NULL | Action: /add-to-cart/36 | 
[2023-10-31 13:49:57] | UserAccount_ID: 1 | UserID: NULL | Action: /add-to-cart/36 | 
[2023-10-31 13:49:58] | UserAccount_ID: 1 | UserID: NULL | Action: /add-to-cart/36 | 
[2023-10-31 13:49:58] | UserAccount_ID: 1 | UserID: NULL | Action: /add-to-cart/36 | 
[2023-10-31 13:49:58] | UserAccount_ID: 1 | UserID: NULL | Action: /add-to-cart/36 | 
[2023-10-31 13:49:58] | UserAccount_ID: 1 | UserID: NULL | Action: /add-to-cart/36 | 
[2023-10-31 13:49:58] | UserAccount_ID: 1 | UserID: NULL | Action: /add-to-cart/36 | 
[2023-10-31 13:49:58] | UserAccount_ID: 1 | UserID: NULL | Action: /add-to-cart/36 | 
[2023-10-31 13:49:59] | UserAccount_ID: 1 | UserID: NULL | Action: /add-to-cart/36 | 
[2023-10-31 13:49:59] | UserAccount_ID: 1 | UserID: NULL | Action: /add-to-cart/36 | 
[2023-10-31 13:49:59] | UserAccount_ID: 1 | UserID: NULL | Action: /add-to-cart/36 | 
[2023-10-31 13:49:59] | UserAccount_ID: 1 | UserID: NULL | Action: /add-to-cart/36 | 
[2023-10-31 13:49:59] | UserAccount_ID: 1 | UserID: NULL | Action: /add-to-cart/36 | 
[2023-10-31 13:50:00] | UserAccount_ID: 1 | UserID: NULL | Action: /cart | 
[2023-10-31 13:50:01] | UserAccount_ID: 1 | UserID: NULL | Action: /login | 
[2023-10-31 13:50:05] | UserAccount_ID: 1 | UserID: NULL | Action: /login | email: test@gmail.com | password: ******** | 
[2023-10-31 13:50:05] | UserAccount_ID: 1 | UserID: 14 | Action: / | 
[2023-10-31 13:50:08] | UserAccount_ID: 1 | UserID: 14 | Action: /cart | 
[2023-10-31 13:50:09] | UserAccount_ID: 1 | UserID: 14 | Action: /checkout-order/false | 
[2023-10-31 13:50:09] | UserAccount_ID: 1 | UserID: 14 | Action: /payment/74/5600 | 
[2023-10-31 13:50:11] | UserAccount_ID: 1 | UserID: 14 | Action: /order-paid/74 | 
[2023-10-31 13:50:14] | UserAccount_ID: 1 | UserID: 14 | Action: /order | 
[2023-10-31 13:50:23] | UserAccount_ID: 1 | UserID: 14 | Action: /admin | 
[2023-10-31 13:55:42] | UserAccount_ID: 1 | UserID: 14 | Action: /admin | 
[2023-10-31 13:55:44] | UserAccount_ID: 1 | UserID: 14 | Action: /admin | 
[2023-10-31 13:55:49] | UserAccount_ID: 1 | UserID: 14 | Action: /admin | 
[2023-10-31 13:56:00] | UserAccount_ID: 1 | UserID: 14 | Action: /admin | 
[2023-10-31 13:56:04] | UserAccount_ID: 1 | UserID: 14 | Action: /admin | 
[2023-10-31 13:56:17] | UserAccount_ID: 1 | UserID: 14 | Action: /admin | 
[2023-10-31 13:56:34] | UserAccount_ID: 1 | UserID: 14 | Action: /admin | 
[2023-10-31 13:57:29] | UserAccount_ID: 1 | UserID: 14 | Action: /admin | 
[2023-10-31 13:57:48] | UserAccount_ID: 1 | UserID: 14 | Action: /admin | 
[2023-10-31 13:58:34] | UserAccount_ID: 1 | UserID: 14 | Action: /admin | 
[2023-10-31 14:00:43] | UserAccount_ID: 1 | UserID: 14 | Action: /admin | 
[2023-10-31 14:02:55] | UserAccount_ID: 1 | UserID: 14 | Action: /admin | 
[2023-10-31 14:03:44] | UserAccount_ID: 1 | UserID: 14 | Action: /admin | 
[2023-10-31 14:03:45] | UserAccount_ID: 1 | UserID: 14 | Action: /admin | 
[2023-10-31 14:04:05] | UserAccount_ID: 1 | UserID: 14 | Action: /admin | 
[2023-10-31 14:04:20] | UserAccount_ID: 1 | UserID: 14 | Action: /admin | 
[2023-10-31 14:04:51] | UserAccount_ID: 1 | UserID: 14 | Action: /admin | 
[2023-10-31 14:05:04] | UserAccount_ID: 1 | UserID: 14 | Action: /admin | 
[2023-10-31 14:05:14] | UserAccount_ID: 1 | UserID: 14 | Action: /admin | 
[2023-10-31 14:05:37] | UserAccount_ID: 1 | UserID: 14 | Action: /admin | 
[2023-10-31 14:05:46] | UserAccount_ID: 1 | UserID: 14 | Action: /admin | 
[2023-10-31 14:05:46] | UserAccount_ID: 1 | UserID: 14 | Action: /admin | 
[2023-10-31 14:06:42] | UserAccount_ID: 1 | UserID: 14 | Action: /admin | 
[2023-10-31 14:07:00] | UserAccount_ID: 1 | UserID: 14 | Action: /admin | 
[2023-10-31 14:07:17] | UserAccount_ID: 1 | UserID: 14 | Action: /admin | 
[2023-10-31 14:07:30] | UserAccount_ID: 1 | UserID: 14 | Action: /admin | 
[2023-10-31 14:07:38] | UserAccount_ID: 1 | UserID: 14 | Action: /admin | 
[2023-10-31 14:07:44] | UserAccount_ID: 1 | UserID: 14 | Action: /admin | 
[2023-10-31 14:07:48] | UserAccount_ID: 1 | UserID: 14 | Action: /admin | 
[2023-10-31 14:07:56] | UserAccount_ID: 1 | UserID: 14 | Action: /admin | 
[2023-10-31 14:08:03] | UserAccount_ID: 1 | UserID: 14 | Action: /admin | 
[2023-10-31 14:08:22] | UserAccount_ID: 1 | UserID: 14 | Action: /admin | 
[2023-10-31 14:08:27] | UserAccount_ID: 1 | UserID: 14 | Action: /admin | 
[2023-10-31 14:08:38] | UserAccount_ID: 1 | UserID: 14 | Action: /admin | 
[2023-10-31 14:08:56] | UserAccount_ID: 1 | UserID: 14 | Action: /admin | 
[2023-10-31 14:09:01] | UserAccount_ID: 1 | UserID: 14 | Action: /admin | 
[2023-10-31 14:09:08] | UserAccount_ID: 1 | UserID: 14 | Action: /admin | 
[2023-10-31 14:09:08] | UserAccount_ID: 1 | UserID: 14 | Action: /admin | 
[2023-10-31 14:12:14] | UserAccount_ID: 1 | UserID: 14 | Action: /admin | 
[2023-10-31 14:12:26] | UserAccount_ID: 1 | UserID: 14 | Action: /admin | 
[2023-10-31 14:13:08] | UserAccount_ID: 1 | UserID: 14 | Action: /admin | 
[2023-10-31 14:13:13] | UserAccount_ID: 1 | UserID: 14 | Action: /admin | 
[2023-10-31 14:13:17] | UserAccount_ID: 1 | UserID: 14 | Action: /admin | 
[2023-10-31 14:13:26] | UserAccount_ID: 1 | UserID: 14 | Action: /admin | 
[2023-10-31 14:13:46] | UserAccount_ID: 1 | UserID: 14 | Action: /admin | 
[2023-10-31 14:13:46] | UserAccount_ID: 1 | UserID: 14 | Action: /admin | 
[2023-10-31 14:13:53] | UserAccount_ID: 1 | UserID: 14 | Action: /admin | 
[2023-10-31 14:14:15] | UserAccount_ID: 1 | UserID: 14 | Action: /admin | 
[2023-10-31 14:17:26] | UserAccount_ID: 1 | UserID: 14 | Action: /admin | 
[2023-10-31 14:17:27] | UserAccount_ID: 1 | UserID: 14 | Action: /admin | 
[2023-10-31 14:17:27] | UserAccount_ID: 1 | UserID: 14 | Action: /admin | 
[2023-10-31 14:17:44] | UserAccount_ID: 1 | UserID: 14 | Action: /admin | 
[2023-10-31 14:18:53] | UserAccount_ID: 1 | UserID: 14 | Action: /admin | 
[2023-10-31 14:19:06] | UserAccount_ID: 1 | UserID: 14 | Action: /admin | 
[2023-10-31 14:20:02] | UserAccount_ID: 1 | UserID: 14 | Action: /admin | 
[2023-10-31 14:20:30] | UserAccount_ID: 1 | UserID: 14 | Action: /admin | 
[2023-10-31 14:20:32] | UserAccount_ID: 1 | UserID: 14 | Action: /admin | 
[2023-10-31 14:20:32] | UserAccount_ID: 1 | UserID: 14 | Action: /admin | 
[2023-10-31 14:20:32] | UserAccount_ID: 1 | UserID: 14 | Action: /admin | 
[2023-10-31 14:20:32] | UserAccount_ID: 1 | UserID: 14 | Action: /admin | 
[2023-10-31 14:20:33] | UserAccount_ID: 1 | UserID: 14 | Action: /admin | 
[2023-10-31 14:20:33] | UserAccount_ID: 1 | UserID: 14 | Action: /admin | 
[2023-10-31 14:21:08] | UserAccount_ID: 1 | UserID: 14 | Action: /admin | 
[2023-10-31 14:21:23] | UserAccount_ID: 1 | UserID: 14 | Action: /admin | 
[2023-10-31 14:22:02] | UserAccount_ID: 1 | UserID: 14 | Action: /admin | 
[2023-10-31 14:24:23] | UserAccount_ID: 1 | UserID: 14 | Action: /admin | 
[2023-10-31 14:25:03] | UserAccount_ID: 1 | UserID: 14 | Action: /admin | 
[2023-10-31 14:25:08] | UserAccount_ID: 1 | UserID: 14 | Action: /admin | 
[2023-10-31 14:25:11] | UserAccount_ID: 1 | UserID: 14 | Action: /admin | 
[2023-10-31 14:25:16] | UserAccount_ID: 1 | UserID: 14 | Action: /admin | 
[2023-10-31 14:25:40] | UserAccount_ID: 1 | UserID: 14 | Action: /admin | 
[2023-10-31 14:25:56] | UserAccount_ID: 1 | UserID: 14 | Action: /admin | 
[2023-10-31 14:27:12] | UserAccount_ID: 1 | UserID: 14 | Action: /admin | 
[2023-10-31 14:27:20] | UserAccount_ID: 1 | UserID: 14 | Action: /admin | 
[2023-10-31 14:27:34] | UserAccount_ID: 1 | UserID: 14 | Action: /admin | 
[2023-10-31 14:27:44] | UserAccount_ID: 1 | UserID: 14 | Action: /admin | 
[2023-10-31 14:27:45] | UserAccount_ID: 1 | UserID: 14 | Action: /admin | 
[2023-10-31 14:28:18] | UserAccount_ID: 1 | UserID: 14 | Action: /admin | 
[2023-10-31 14:28:48] | UserAccount_ID: 1 | UserID: 14 | Action: /admin | 
[2023-10-31 14:28:49] | UserAccount_ID: 1 | UserID: 14 | Action: /admin | 
[2023-10-31 14:29:27] | UserAccount_ID: 1 | UserID: 14 | Action: /admin | 
[2023-10-31 14:31:01] | UserAccount_ID: 1 | UserID: 14 | Action: /admin | 
[2023-10-31 14:31:08] | UserAccount_ID: 1 | UserID: 14 | Action: /admin | 
[2023-10-31 14:31:11] | UserAccount_ID: 1 | UserID: 14 | Action: /admin | 
[2023-10-31 14:31:14] | UserAccount_ID: 1 | UserID: 14 | Action: /admin | 
[2023-10-31 14:31:15] | UserAccount_ID: 1 | UserID: 14 | Action: /admin | 
[2023-10-31 14:31:44] | UserAccount_ID: 1 | UserID: 14 | Action: /admin | 
[2023-10-31 14:31:53] | UserAccount_ID: 1 | UserID: 14 | Action: /admin | 
[2023-10-31 14:32:42] | UserAccount_ID: 1 | UserID: 14 | Action: /admin | 
[2023-10-31 14:32:43] | UserAccount_ID: 1 | UserID: 14 | Action: /admin | 
[2023-10-31 14:32:54] | UserAccount_ID: 1 | UserID: 14 | Action: /admin | 
[2023-10-31 14:33:01] | UserAccount_ID: 1 | UserID: 14 | Action: /admin | 
[2023-10-31 14:33:08] | UserAccount_ID: 1 | UserID: 14 | Action: /admin | 
[2023-10-31 14:37:13] | UserAccount_ID: 1 | UserID: 14 | Action: /admin | 
[2023-10-31 14:37:40] | UserAccount_ID: 1 | UserID: 14 | Action: /admin | 
[2023-10-31 14:37:52] | UserAccount_ID: 1 | UserID: 14 | Action: /admin | 
[2023-10-31 14:38:00] | UserAccount_ID: 1 | UserID: 14 | Action: /admin | 
[2023-10-31 14:38:15] | UserAccount_ID: 1 | UserID: 14 | Action: /admin | 
[2023-10-31 14:38:24] | UserAccount_ID: 1 | UserID: 14 | Action: /admin | 
[2023-10-31 14:39:06] | UserAccount_ID: 1 | UserID: 14 | Action: /admin | 
[2023-10-31 14:39:07] | UserAccount_ID: 1 | UserID: 14 | Action: /admin | 
[2023-10-31 14:39:44] | UserAccount_ID: 1 | UserID: 14 | Action: /admin | 
[2023-10-31 14:39:50] | UserAccount_ID: 1 | UserID: 14 | Action: /admin | 
[2023-10-31 14:39:58] | UserAccount_ID: 1 | UserID: 14 | Action: /admin | 
[2023-10-31 14:39:58] | UserAccount_ID: 1 | UserID: 14 | Action: /admin | 
[2023-10-31 14:40:09] | UserAccount_ID: 1 | UserID: 14 | Action: /admin | 
[2023-10-31 14:40:14] | UserAccount_ID: 1 | UserID: 14 | Action: /admin | 
[2023-10-31 14:40:18] | UserAccount_ID: 1 | UserID: 14 | Action: /admin | 
[2023-10-31 14:40:23] | UserAccount_ID: 1 | UserID: 14 | Action: /admin | 
[2023-10-31 14:40:44] | UserAccount_ID: 1 | UserID: 14 | Action: /admin | 
[2023-10-31 14:40:44] | UserAccount_ID: 1 | UserID: 14 | Action: /admin | 
[2023-10-31 14:40:45] | UserAccount_ID: 1 | UserID: 14 | Action: /admin | 
[2023-10-31 14:40:45] | UserAccount_ID: 1 | UserID: 14 | Action: /admin | 
[2023-10-31 14:40:51] | UserAccount_ID: 1 | UserID: 14 | Action: /admin | 
[2023-10-31 14:40:52] | UserAccount_ID: 1 | UserID: 14 | Action: /admin | 
[2023-10-31 14:40:52] | UserAccount_ID: 1 | UserID: 14 | Action: /admin | 
[2023-10-31 14:40:56] | UserAccount_ID: 1 | UserID: 14 | Action: /admin | 
[2023-10-31 14:40:58] | UserAccount_ID: 1 | UserID: 14 | Action: /admin | 
[2023-10-31 14:40:58] | UserAccount_ID: 1 | UserID: 14 | Action: /admin | 
[2023-10-31 14:41:04] | UserAccount_ID: 1 | UserID: 14 | Action: /admin | 
[2023-10-31 14:41:15] | UserAccount_ID: 1 | UserID: 14 | Action: /admin | 
[2023-10-31 14:41:21] | UserAccount_ID: 1 | UserID: 14 | Action: /admin | 
[2023-10-31 14:41:27] | UserAccount_ID: 1 | UserID: 14 | Action: /admin | 
[2023-10-31 14:41:28] | UserAccount_ID: 1 | UserID: 14 | Action: /admin | 
[2023-10-31 14:41:33] | UserAccount_ID: 1 | UserID: 14 | Action: /admin | 
[2023-10-31 14:41:34] | UserAccount_ID: 1 | UserID: 14 | Action: /admin | 
[2023-10-31 14:41:35] | UserAccount_ID: 1 | UserID: 14 | Action: /admin | 
[2023-10-31 14:41:37] | UserAccount_ID: 1 | UserID: 14 | Action: /admin | 
[2023-10-31 14:41:38] | UserAccount_ID: 1 | UserID: 14 | Action: /admin | 
[2023-10-31 14:41:38] | UserAccount_ID: 1 | UserID: 14 | Action: /admin | 
[2023-10-31 14:41:46] | UserAccount_ID: 1 | UserID: 14 | Action: /admin | 
[2023-10-31 14:41:51] | UserAccount_ID: 1 | UserID: 14 | Action: /admin | 
[2023-10-31 14:41:58] | UserAccount_ID: 1 | UserID: 14 | Action: /admin | 
[2023-10-31 14:42:17] | UserAccount_ID: 1 | UserID: 14 | Action: /admin | 
[2023-10-31 14:43:19] | UserAccount_ID: 1 | UserID: 14 | Action: /admin | 
[2023-10-31 14:44:16] | UserAccount_ID: 1 | UserID: 14 | Action: /admin | 
[2023-10-31 14:44:23] | UserAccount_ID: 1 | UserID: 14 | Action: /admin | 
[2023-10-31 14:44:37] | UserAccount_ID: 1 | UserID: 14 | Action: /admin | 
[2023-10-31 14:44:41] | UserAccount_ID: 1 | UserID: 14 | Action: /admin | 
[2023-10-31 14:44:47] | UserAccount_ID: 1 | UserID: 14 | Action: /admin | 
[2023-10-31 14:44:52] | UserAccount_ID: 1 | UserID: 14 | Action: /admin | 
[2023-10-31 14:44:59] | UserAccount_ID: 1 | UserID: 14 | Action: /admin | 
[2023-10-31 14:45:19] | UserAccount_ID: 1 | UserID: 14 | Action: /admin | 
[2023-10-31 14:45:23] | UserAccount_ID: 1 | UserID: 14 | Action: /admin | 
[2023-10-31 14:45:34] | UserAccount_ID: 1 | UserID: 14 | Action: /admin | 
[2023-10-31 14:45:41] | UserAccount_ID: 1 | UserID: 14 | Action: /admin | 
[2023-10-31 14:46:36] | UserAccount_ID: 1 | UserID: 14 | Action: /admin | 
[2023-10-31 14:46:39] | UserAccount_ID: 1 | UserID: 14 | Action: /admin | 
[2023-10-31 14:46:43] | UserAccount_ID: 1 | UserID: 14 | Action: /admin | 
[2023-10-31 14:46:51] | UserAccount_ID: 1 | UserID: 14 | Action: /admin | 
[2023-10-31 14:46:56] | UserAccount_ID: 1 | UserID: 14 | Action: /admin | 
[2023-10-31 14:47:04] | UserAccount_ID: 1 | UserID: 14 | Action: /admin | 
[2023-10-31 14:47:12] | UserAccount_ID: 1 | UserID: 14 | Action: /admin | 
[2023-10-31 14:47:13] | UserAccount_ID: 1 | UserID: 14 | Action: /admin | 
[2023-10-31 14:47:34] | UserAccount_ID: 1 | UserID: 14 | Action: /admin | 
[2023-10-31 14:51:03] | UserAccount_ID: 1 | UserID: 14 | Action: /admin | 
[2023-10-31 14:52:13] | UserAccount_ID: 1 | UserID: 14 | Action: /admin | 
[2023-10-31 14:52:14] | UserAccount_ID: 1 | UserID: 14 | Action: /admin | 
[2023-10-31 14:52:19] | UserAccount_ID: 1 | UserID: 14 | Action: /admin | 
[2023-10-31 14:52:27] | UserAccount_ID: 1 | UserID: 14 | Action: /admin | 
[2023-10-31 14:52:32] | UserAccount_ID: 1 | UserID: 14 | Action: /admin | 
[2023-10-31 14:52:38] | UserAccount_ID: 1 | UserID: 14 | Action: /admin | 
[2023-10-31 14:52:51] | UserAccount_ID: 1 | UserID: 14 | Action: /admin | 
[2023-10-31 14:52:56] | UserAccount_ID: 1 | UserID: 14 | Action: /admin | 
[2023-10-31 14:53:04] | UserAccount_ID: 1 | UserID: 14 | Action: /admin | 
[2023-10-31 14:53:12] | UserAccount_ID: 1 | UserID: 14 | Action: /admin | 
[2023-10-31 14:53:16] | UserAccount_ID: 1 | UserID: 14 | Action: /admin | 
[2023-10-31 14:53:20] | UserAccount_ID: 1 | UserID: 14 | Action: /admin | 
[2023-10-31 14:53:27] | UserAccount_ID: 1 | UserID: 14 | Action: /admin | 
[2023-10-31 14:53:28] | UserAccount_ID: 1 | UserID: 14 | Action: /admin | 
[2023-10-31 14:53:42] | UserAccount_ID: 1 | UserID: 14 | Action: /admin | 
[2023-10-31 14:54:24] | UserAccount_ID: 1 | UserID: 14 | Action: /admin | 
[2023-10-31 14:55:00] | UserAccount_ID: 1 | UserID: 14 | Action: /admin | 
[2023-10-31 14:55:52] | UserAccount_ID: 1 | UserID: 14 | Action: /admin | 
[2023-10-31 14:56:04] | UserAccount_ID: 1 | UserID: 14 | Action: /admin | 
[2023-10-31 14:56:07] | UserAccount_ID: 1 | UserID: 14 | Action: /admin | 
[2023-10-31 14:56:15] | UserAccount_ID: 1 | UserID: 14 | Action: /admin | 
[2023-10-31 14:56:20] | UserAccount_ID: 1 | UserID: 14 | Action: /admin | 
[2023-10-31 14:56:25] | UserAccount_ID: 1 | UserID: 14 | Action: /admin | 
[2023-10-31 14:56:33] | UserAccount_ID: 1 | UserID: 14 | Action: /admin | 
[2023-10-31 14:56:59] | UserAccount_ID: 1 | UserID: 14 | Action: /admin | 
[2023-10-31 14:57:22] | UserAccount_ID: 1 | UserID: 14 | Action: /admin | 
[2023-10-31 14:57:53] | UserAccount_ID: 1 | UserID: 14 | Action: /admin | 
[2023-10-31 14:58:01] | UserAccount_ID: 1 | UserID: 14 | Action: /admin | 
[2023-10-31 14:58:07] | UserAccount_ID: 1 | UserID: 14 | Action: /admin | 
[2023-10-31 14:58:09] | UserAccount_ID: 1 | UserID: 14 | Action: /admin | 
[2023-10-31 14:58:27] | UserAccount_ID: 1 | UserID: 14 | Action: /admin | 
[2023-10-31 14:58:56] | UserAccount_ID: 1 | UserID: 14 | Action: /admin | 
[2023-10-31 14:59:05] | UserAccount_ID: 1 | UserID: 14 | Action: /admin | 
[2023-10-31 14:59:20] | UserAccount_ID: 1 | UserID: 14 | Action: /admin | 
[2023-10-31 14:59:34] | UserAccount_ID: 1 | UserID: 14 | Action: /admin | 
[2023-10-31 14:59:44] | UserAccount_ID: 1 | UserID: 14 | Action: /admin | 
[2023-10-31 14:59:51] | UserAccount_ID: 1 | UserID: 14 | Action: /admin | 
[2023-10-31 14:59:56] | UserAccount_ID: 1 | UserID: 14 | Action: /admin | 
[2023-10-31 14:59:56] | UserAccount_ID: 1 | UserID: 14 | Action: /admin | 
[2023-10-31 15:00:04] | UserAccount_ID: 1 | UserID: 14 | Action: /admin | 
[2023-10-31 15:00:08] | UserAccount_ID: 1 | UserID: 14 | Action: /admin | 
[2023-10-31 15:00:20] | UserAccount_ID: 1 | UserID: 14 | Action: /admin | 
[2023-10-31 15:00:20] | UserAccount_ID: 1 | UserID: 14 | Action: /admin | 
[2023-10-31 15:00:44] | UserAccount_ID: 1 | UserID: 14 | Action: /admin | 
[2023-10-31 15:01:01] | UserAccount_ID: 1 | UserID: 14 | Action: /order | 
[2023-10-31 15:01:03] | UserAccount_ID: 1 | UserID: 14 | Action: /admin | 
[2023-10-31 15:01:07] | UserAccount_ID: 1 | UserID: 14 | Action: /admin | 
[2023-10-31 15:01:17] | UserAccount_ID: 1 | UserID: 14 | Action: /admin | 
[2023-10-31 15:01:32] | UserAccount_ID: 1 | UserID: 14 | Action: /admin | 
[2023-10-31 15:01:48] | UserAccount_ID: 1 | UserID: 14 | Action: /admin | 
[2023-10-31 15:02:12] | UserAccount_ID: 1 | UserID: 14 | Action: /admin | 
[2023-10-31 15:02:57] | UserAccount_ID: 1 | UserID: 14 | Action: /admin | 
[2023-10-31 15:03:54] | UserAccount_ID: 1 | UserID: 14 | Action: /admin | 
[2023-10-31 15:04:54] | UserAccount_ID: 1 | UserID: 14 | Action: /admin | 
[2023-10-31 15:06:16] | UserAccount_ID: 1 | UserID: 14 | Action: /admin | 
[2023-10-31 15:06:20] | UserAccount_ID: 1 | UserID: 14 | Action: /admin | 
[2023-10-31 15:10:57] | UserAccount_ID: 1 | UserID: 14 | Action: /admin | 
[2023-10-31 15:11:07] | UserAccount_ID: 1 | UserID: 14 | Action: /admin | 
[2023-10-31 15:11:07] | UserAccount_ID: 1 | UserID: 14 | Action: /admin | 
[2023-10-31 15:11:13] | UserAccount_ID: 1 | UserID: 14 | Action: /admin | 
[2023-10-31 15:11:23] | UserAccount_ID: 1 | UserID: 14 | Action: /admin | 
[2023-10-31 15:11:42] | UserAccount_ID: 1 | UserID: 14 | Action: /admin | 
[2023-10-31 15:12:00] | UserAccount_ID: 1 | UserID: 14 | Action: /admin | 
[2023-10-31 15:12:05] | UserAccount_ID: 1 | UserID: 14 | Action: /admin | 
[2023-10-31 15:12:12] | UserAccount_ID: 1 | UserID: 14 | Action: /admin | 
[2023-10-31 15:12:17] | UserAccount_ID: 1 | UserID: 14 | Action: /admin | 
[2023-10-31 15:12:17] | UserAccount_ID: 1 | UserID: 14 | Action: /admin | 
[2023-10-31 15:12:23] | UserAccount_ID: 1 | UserID: 14 | Action: /admin | 
[2023-10-31 15:12:40] | UserAccount_ID: 1 | UserID: 14 | Action: /admin | 
[2023-10-31 15:12:50] | UserAccount_ID: 1 | UserID: 14 | Action: /admin | 
[2023-10-31 15:12:50] | UserAccount_ID: 1 | UserID: 14 | Action: /admin | 
[2023-10-31 15:13:01] | UserAccount_ID: 1 | UserID: 14 | Action: /admin | 
[2023-10-31 15:13:27] | UserAccount_ID: 1 | UserID: 14 | Action: /admin | 
[2023-10-31 15:13:32] | UserAccount_ID: 1 | UserID: 14 | Action: /admin | 
[2023-10-31 15:13:33] | UserAccount_ID: 1 | UserID: 14 | Action: /admin | 
[2023-10-31 15:13:33] | UserAccount_ID: 1 | UserID: 14 | Action: /admin | 
[2023-10-31 15:14:07] | UserAccount_ID: 1 | UserID: 14 | Action: /admin | 
[2023-10-31 15:14:13] | UserAccount_ID: 1 | UserID: 14 | Action: /admin | 
[2023-10-31 15:14:13] | UserAccount_ID: 1 | UserID: 14 | Action: /admin | 
[2023-10-31 15:14:21] | UserAccount_ID: 1 | UserID: 14 | Action: /admin | 
[2023-10-31 15:14:21] | UserAccount_ID: 1 | UserID: 14 | Action: /admin | 
[2023-10-31 15:15:08] | UserAccount_ID: 1 | UserID: 14 | Action: /admin | 
[2023-10-31 15:15:08] | UserAccount_ID: 1 | UserID: 14 | Action: /admin | 
[2023-10-31 15:17:34] | UserAccount_ID: 1 | UserID: 14 | Action: /admin | 
[2023-10-31 15:18:01] | UserAccount_ID: 1 | UserID: 14 | Action: /admin | 
[2023-10-31 15:18:22] | UserAccount_ID: 1 | UserID: 14 | Action: /admin-orders | 
[2023-10-31 15:18:30] | UserAccount_ID: 1 | UserID: 14 | Action: / | 
[2023-10-31 15:18:32] | UserAccount_ID: 1 | UserID: 14 | Action: /add-to-cart/6 | 
[2023-10-31 15:18:33] | UserAccount_ID: 1 | UserID: 14 | Action: /add-to-cart/5 | 
[2023-10-31 15:18:33] | UserAccount_ID: 1 | UserID: 14 | Action: /add-to-cart/5 | 
[2023-10-31 15:18:33] | UserAccount_ID: 1 | UserID: 14 | Action: /add-to-cart/5 | 
[2023-10-31 15:18:33] | UserAccount_ID: 1 | UserID: 14 | Action: /add-to-cart/4 | 
[2023-10-31 15:18:33] | UserAccount_ID: 1 | UserID: 14 | Action: /add-to-cart/4 | 
[2023-10-31 15:18:33] | UserAccount_ID: 1 | UserID: 14 | Action: /add-to-cart/4 | 
[2023-10-31 15:18:34] | UserAccount_ID: 1 | UserID: 14 | Action: /add-to-cart/4 | 
[2023-10-31 15:18:34] | UserAccount_ID: 1 | UserID: 14 | Action: /add-to-cart/4 | 
[2023-10-31 15:18:34] | UserAccount_ID: 1 | UserID: 14 | Action: /add-to-cart/4 | 
[2023-10-31 15:18:34] | UserAccount_ID: 1 | UserID: 14 | Action: /add-to-cart/4 | 
[2023-10-31 15:18:35] | UserAccount_ID: 1 | UserID: 14 | Action: /cart | 
[2023-10-31 15:18:36] | UserAccount_ID: 1 | UserID: 14 | Action: /checkout-order/false | 
[2023-10-31 15:18:36] | UserAccount_ID: 1 | UserID: 14 | Action: /payment/75/7260 | 
[2023-10-31 15:18:37] | UserAccount_ID: 1 | UserID: 14 | Action: /order-paid/75 | 
[2023-10-31 15:18:40] | UserAccount_ID: 1 | UserID: 14 | Action: /order | 
[2023-10-31 15:18:44] | UserAccount_ID: 1 | UserID: 14 | Action: /admin | 
[2023-10-31 15:20:35] | UserAccount_ID: 1 | UserID: 14 | Action: /admin | 
[2023-10-31 15:21:57] | UserAccount_ID: 1 | UserID: 14 | Action: /admin | 
[2023-10-31 15:22:11] | UserAccount_ID: 1 | UserID: 14 | Action: /admin | 
[2023-10-31 15:22:17] | UserAccount_ID: 1 | UserID: 14 | Action: /admin | 
[2023-10-31 15:23:20] | UserAccount_ID: 1 | UserID: 14 | Action: /admin | 
[2023-10-31 15:23:56] | UserAccount_ID: 1 | UserID: 14 | Action: /admin | 
[2023-10-31 15:24:02] | UserAccount_ID: 1 | UserID: 14 | Action: /admin | 
[2023-10-31 15:24:06] | UserAccount_ID: 1 | UserID: 14 | Action: /admin | 
[2023-10-31 15:24:12] | UserAccount_ID: 1 | UserID: 14 | Action: /admin | 
[2023-10-31 15:24:17] | UserAccount_ID: 1 | UserID: 14 | Action: /admin | 
[2023-10-31 15:24:18] | UserAccount_ID: 1 | UserID: 14 | Action: /admin | 
[2023-10-31 15:24:18] | UserAccount_ID: 1 | UserID: 14 | Action: /admin | 
[2023-10-31 15:24:32] | UserAccount_ID: 1 | UserID: 14 | Action: /admin | 
